<?xml version="1.0" encoding="UTF-8"?>
<!-- Generated by org.testng.reporters.JUnitXMLReporter -->
<testsuite hostname="DESKTOP-D068G7Q" ignored="0" name="Test" tests="30" failures="1" timestamp="2020-10-09T09:05:05 PDT" time="339.396" errors="0">
  <testcase name="@AfterClass tearDown" time="0.016" classname="com.kuda.base.TestBase">
    <failure type="org.openqa.selenium.UnhandledAlertException" message="unexpected alert open: {Alert text : No Record Found}
  (Session info: chrome=85.0.4183.121): No Record Found
Build info: version: &amp;apos;3.141.59&amp;apos;, revision: &amp;apos;e82be7d358&amp;apos;, time: &amp;apos;2018-11-14T08:17:03&amp;apos;
System info: host: &amp;apos;DESKTOP-D068G7Q&amp;apos;, ip: &amp;apos;192.168.43.200&amp;apos;, os.name: &amp;apos;Windows 10&amp;apos;, os.arch: &amp;apos;amd64&amp;apos;, os.version: &amp;apos;10.0&amp;apos;, java.version: &amp;apos;1.8.0_261&amp;apos;
Driver info: org.openqa.selenium.chrome.ChromeDriver
Capabilities {acceptInsecureCerts: false, browserName: chrome, browserVersion: 85.0.4183.121, chrome: {chromedriverVersion: 85.0.4183.87 (cd6713ebf92fa..., userDataDir: C:\Users\Gbenga\AppData\Loc...}, goog:chromeOptions: {debuggerAddress: localhost:64739}, javascriptEnabled: true, networkConnectionEnabled: false, pageLoadStrategy: normal, platform: WINDOWS, platformName: WINDOWS, proxy: Proxy(), setWindowRect: true, strictFileInteractability: false, timeouts: {implicit: 0, pageLoad: 300000, script: 30000}, unhandledPromptBehavior: dismiss and notify, webauthn:virtualAuthenticators: true}
Session ID: 96a3219f3eddeb34abf7e65c1a7b7b29">
      <![CDATA[org.openqa.selenium.UnhandledAlertException: unexpected alert open: {Alert text : No Record Found}
  (Session info: chrome=85.0.4183.121): No Record Found
Build info: version: '3.141.59', revision: 'e82be7d358', time: '2018-11-14T08:17:03'
System info: host: 'DESKTOP-D068G7Q', ip: '192.168.43.200', os.name: 'Windows 10', os.arch: 'amd64', os.version: '10.0', java.version: '1.8.0_261'
Driver info: org.openqa.selenium.chrome.ChromeDriver
Capabilities {acceptInsecureCerts: false, browserName: chrome, browserVersion: 85.0.4183.121, chrome: {chromedriverVersion: 85.0.4183.87 (cd6713ebf92fa..., userDataDir: C:\Users\Gbenga\AppData\Loc...}, goog:chromeOptions: {debuggerAddress: localhost:64739}, javascriptEnabled: true, networkConnectionEnabled: false, pageLoadStrategy: normal, platform: WINDOWS, platformName: WINDOWS, proxy: Proxy(), setWindowRect: true, strictFileInteractability: false, timeouts: {implicit: 0, pageLoad: 300000, script: 30000}, unhandledPromptBehavior: dismiss and notify, webauthn:virtualAuthenticators: true}
Session ID: 96a3219f3eddeb34abf7e65c1a7b7b29
at org.openqa.selenium.remote.http.W3CHttpResponseCodec.decode(W3CHttpResponseCodec.java:120)
at org.openqa.selenium.remote.http.W3CHttpResponseCodec.decode(W3CHttpResponseCodec.java:49)
at org.openqa.selenium.remote.HttpCommandExecutor.execute(HttpCommandExecutor.java:158)
at org.openqa.selenium.remote.service.DriverCommandExecutor.execute(DriverCommandExecutor.java:83)
at org.openqa.selenium.remote.RemoteWebDriver.execute(RemoteWebDriver.java:552)
at org.openqa.selenium.remote.RemoteWebDriver.execute(RemoteWebDriver.java:609)
at org.openqa.selenium.remote.RemoteWebDriver.close(RemoteWebDriver.java:442)
at com.kuda.base.TestBase.tearDown(TestBase.java:66)
at java.util.ArrayList.forEach(ArrayList.java:1259)
... Removed 28 stack frames]]>
    </failure>
  </testcase> <!-- @AfterClass tearDown -->
  <testcase name="googleSign" time="15.496" classname="com.kuda.testCases.ValidateLogin"/>
  <testcase name="viewBranches" time="19.255" classname="com.kuda.testCases.BranchManagement"/>
  <testcase name="viewCASAccount" time="19.803" classname="com.kuda.testCases.CustomerAccountManagement"/>
  <testcase name="searchByAccountName" time="2.904" classname="com.kuda.testCases.CustomerAccountManagement"/>
  <testcase name="searchByAccountNumber" time="2.878" classname="com.kuda.testCases.CustomerAccountManagement"/>
  <testcase name="searchByAccountEmail" time="2.714" classname="com.kuda.testCases.CustomerAccountManagement"/>
  <testcase name="viewAccountBalance" time="6.257" classname="com.kuda.testCases.CustomerAccountManagement"/>
  <testcase name="editCustomerAccount" time="23.351" classname="com.kuda.testCases.CustomerAccountManagement"/>
  <testcase name="createCustomerAccount" time="23.413" classname="com.kuda.testCases.CustomerAccountManagement"/>
  <testcase name="viewCustomers" time="21.765" classname="com.kuda.testCases.CustomerInfoManagement"/>
  <testcase name="searchCustomerByName" time="3.256" classname="com.kuda.testCases.CustomerInfoManagement"/>
  <testcase name="searchByCustomerEmail" time="3.201" classname="com.kuda.testCases.CustomerInfoManagement"/>
  <testcase name="searchCustomerById" time="3.196" classname="com.kuda.testCases.CustomerInfoManagement"/>
  <testcase name="createCustomer" time="11.045" classname="com.kuda.testCases.CustomerInfoManagement"/>
  <testcase name="verifyLocalFundTransfer" time="22.645" classname="com.kuda.postingsMgt.ValidateLocalTransfer">
    <failure type="org.openqa.selenium.ElementClickInterceptedException" message="element click intercepted: Element is not clickable at point (1269, 885)
  (Session info: chrome=85.0.4183.121)
Build info: version: &amp;apos;3.141.59&amp;apos;, revision: &amp;apos;e82be7d358&amp;apos;, time: &amp;apos;2018-11-14T08:17:03&amp;apos;
System info: host: &amp;apos;DESKTOP-D068G7Q&amp;apos;, ip: &amp;apos;192.168.43.200&amp;apos;, os.name: &amp;apos;Windows 10&amp;apos;, os.arch: &amp;apos;amd64&amp;apos;, os.version: &amp;apos;10.0&amp;apos;, java.version: &amp;apos;1.8.0_261&amp;apos;
Driver info: org.openqa.selenium.chrome.ChromeDriver
Capabilities {acceptInsecureCerts: false, browserName: chrome, browserVersion: 85.0.4183.121, chrome: {chromedriverVersion: 85.0.4183.87 (cd6713ebf92fa..., userDataDir: C:\Users\Gbenga\AppData\Loc...}, goog:chromeOptions: {debuggerAddress: localhost:64585}, javascriptEnabled: true, networkConnectionEnabled: false, pageLoadStrategy: normal, platform: WINDOWS, platformName: WINDOWS, proxy: Proxy(), setWindowRect: true, strictFileInteractability: false, timeouts: {implicit: 0, pageLoad: 300000, script: 30000}, unhandledPromptBehavior: dismiss and notify, webauthn:virtualAuthenticators: true}
Session ID: 52a417a206879298d5a2eff7e047e6ec">
      <![CDATA[org.openqa.selenium.ElementClickInterceptedException: element click intercepted: Element is not clickable at point (1269, 885)
  (Session info: chrome=85.0.4183.121)
Build info: version: '3.141.59', revision: 'e82be7d358', time: '2018-11-14T08:17:03'
System info: host: 'DESKTOP-D068G7Q', ip: '192.168.43.200', os.name: 'Windows 10', os.arch: 'amd64', os.version: '10.0', java.version: '1.8.0_261'
Driver info: org.openqa.selenium.chrome.ChromeDriver
Capabilities {acceptInsecureCerts: false, browserName: chrome, browserVersion: 85.0.4183.121, chrome: {chromedriverVersion: 85.0.4183.87 (cd6713ebf92fa..., userDataDir: C:\Users\Gbenga\AppData\Loc...}, goog:chromeOptions: {debuggerAddress: localhost:64585}, javascriptEnabled: true, networkConnectionEnabled: false, pageLoadStrategy: normal, platform: WINDOWS, platformName: WINDOWS, proxy: Proxy(), setWindowRect: true, strictFileInteractability: false, timeouts: {implicit: 0, pageLoad: 300000, script: 30000}, unhandledPromptBehavior: dismiss and notify, webauthn:virtualAuthenticators: true}
Session ID: 52a417a206879298d5a2eff7e047e6ec
at org.openqa.selenium.remote.http.W3CHttpResponseCodec.createException(W3CHttpResponseCodec.java:187)
at org.openqa.selenium.remote.http.W3CHttpResponseCodec.decode(W3CHttpResponseCodec.java:122)
at org.openqa.selenium.remote.http.W3CHttpResponseCodec.decode(W3CHttpResponseCodec.java:49)
at org.openqa.selenium.remote.HttpCommandExecutor.execute(HttpCommandExecutor.java:158)
at org.openqa.selenium.remote.service.DriverCommandExecutor.execute(DriverCommandExecutor.java:83)
at org.openqa.selenium.remote.RemoteWebDriver.execute(RemoteWebDriver.java:552)
at org.openqa.selenium.remote.RemoteWebElement.execute(RemoteWebElement.java:285)
at org.openqa.selenium.remote.RemoteWebElement.click(RemoteWebElement.java:84)
at com.kuda.postingsMgt.ValidateLocalTransfer.verifyLocalFundTransfer(ValidateLocalTransfer.java:58)
at java.util.ArrayList.forEach(ArrayList.java:1259)
... Removed 34 stack frames]]>
    </failure>
  </testcase> <!-- verifyLocalFundTransfer -->
  <testcase name="glToglTransfer" time="30.194" classname="com.kuda.postingsMgt.ValidateSingleJournalTransfer"/>
  <testcase name="viewGLAccounts" time="16.594" classname="com.kuda.testCases.GeneralLedgerManagement"/>
  <testcase name="searchGLByName" time="3.997" classname="com.kuda.testCases.GeneralLedgerManagement"/>
  <testcase name="searchGLByCode" time="5.558" classname="com.kuda.testCases.GeneralLedgerManagement"/>
  <testcase name="viewGLBalance" time="2.281" classname="com.kuda.testCases.GeneralLedgerManagement"/>
  <testcase name="editGeneralLedgerAccount" time="0.0" classname="com.kuda.testCases.GeneralLedgerManagement"/>
  <testcase name="viewUsers" time="15.98" classname="com.kuda.testCases.UserManagement"/>
  <testcase name="searchUsersByUserName" time="2.226" classname="com.kuda.testCases.UserManagement"/>
  <testcase name="searchUserByDesignation" time="2.265" classname="com.kuda.testCases.UserManagement"/>
  <testcase name="searchUserByPhoneNumber" time="2.507" classname="com.kuda.testCases.UserManagement"/>
  <testcase name="searchUserByEmployeeNumber" time="2.539" classname="com.kuda.testCases.UserManagement"/>
  <testcase name="searchUserByEmail" time="2.22" classname="com.kuda.testCases.UserManagement"/>
  <testcase name="searchUserBylastName" time="0.0" classname="com.kuda.testCases.UserManagement"/>
  <testcase name="editUser" time="0.0" classname="com.kuda.testCases.UserManagement"/>
  <testcase name="createUser" time="0.0" classname="com.kuda.testCases.UserManagement"/>
</testsuite> <!-- Test -->
