<!DOCTYPE html PUBLIC "-//W3C//DTD XHTML 1.1//EN" "http://www.w3.org/TR/xhtml11/DTD/xhtml11.dtd">
<html xmlns="http://www.w3.org/1999/xhtml">
<head>
<meta http-equiv="content-type" content="text/html; charset=UTF-8"/>
<title>TestNG Report</title>
<style type="text/css">table {margin-bottom:10px;border-collapse:collapse;empty-cells:show}th,td {border:1px solid #009;padding:.25em .5em}th {vertical-align:bottom}td {vertical-align:top}table a {font-weight:bold}.stripe td {background-color: #E6EBF9}.num {text-align:right}.passedodd td {background-color: #3F3}.passedeven td {background-color: #0A0}.skippedodd td {background-color: #DDD}.skippedeven td {background-color: #CCC}.failedodd td,.attn {background-color: #F33}.failedeven td,.stripe .attn {background-color: #D00}.stacktrace {white-space:pre;font-family:monospace}.totop {font-size:85%;text-align:center;border-bottom:2px solid #000}.invisible {display:none}</style>
</head>
<body>
<table>
<tr><th>Test</th><th># Passed</th><th># Skipped</th><th># Retried</th><th># Failed</th><th>Time (ms)</th><th>Included Groups</th><th>Excluded Groups</th></tr>
<tr><th colspan="8">Suite</th></tr>
<tr><td><a href="#t0">Test</a></td><td class="num">0</td><td class="num attn">28</td><td class="num">0</td><td class="num">0</td><td class="num">95,470</td><td></td><td></td></tr>
</table>
<table id='summary'><thead><tr><th>Class</th><th>Method</th><th>Start</th><th>Time (ms)</th></tr></thead><tbody><tr><th colspan="4">Suite</th></tr></tbody><tbody id="t0"><tr><th colspan="4">Test &#8212; failed (configuration methods)</th></tr><tr class="failedeven"><td rowspan="1">com.kuda.postingsMgt.ValidateLocalTransfer</td><td><a href="#m0">setUp</a></td><td rowspan="1">1602161113811</td><td rowspan="1">13091</td></tr><tr class="failedodd"><td rowspan="1">com.kuda.postingsMgt.ValidateSingleJournalTransfer</td><td><a href="#m1">setUp</a></td><td rowspan="1">1602161126912</td><td rowspan="1">4822</td></tr><tr class="failedeven"><td rowspan="1">com.kuda.testCases.BranchManagement</td><td><a href="#m2">setUp</a></td><td rowspan="1">1602161066764</td><td rowspan="1">3379</td></tr><tr class="failedodd"><td rowspan="1">com.kuda.testCases.CustomerAccountManagement</td><td><a href="#m3">setUp</a></td><td rowspan="1">1602161070147</td><td rowspan="1">40413</td></tr><tr class="failedeven"><td rowspan="1">com.kuda.testCases.CustomerInfoManagement</td><td><a href="#m4">setUp</a></td><td rowspan="1">1602161110565</td><td rowspan="1">3240</td></tr><tr class="failedodd"><td rowspan="1">com.kuda.testCases.GeneralLedgerManagement</td><td><a href="#m5">setUp</a></td><td rowspan="1">1602161131736</td><td rowspan="1">13099</td></tr><tr class="failedeven"><td rowspan="1">com.kuda.testCases.UserManagement</td><td><a href="#m6">setUp</a></td><td rowspan="1">1602161144847</td><td rowspan="1">13114</td></tr><tr class="failedodd"><td rowspan="1">com.kuda.testCases.ValidateLogin</td><td><a href="#m7">setUp</a></td><td rowspan="1">1602161062523</td><td rowspan="1">4213</td></tr><tr><th colspan="4">Test &#8212; skipped (configuration methods)</th></tr><tr class="skippedeven"><td rowspan="1">com.kuda.postingsMgt.ValidateLocalTransfer</td><td><a href="#m8">tearDown</a></td><td rowspan="1">1602161126911</td><td rowspan="1">-1602161126911</td></tr><tr class="skippedodd"><td rowspan="1">com.kuda.postingsMgt.ValidateSingleJournalTransfer</td><td><a href="#m9">tearDown</a></td><td rowspan="1">1602161131736</td><td rowspan="1">-1602161131736</td></tr><tr class="skippedeven"><td rowspan="1">com.kuda.testCases.BranchManagement</td><td><a href="#m10">tearDown</a></td><td rowspan="1">1602161070147</td><td rowspan="1">-1602161070147</td></tr><tr class="skippedodd"><td rowspan="1">com.kuda.testCases.CustomerAccountManagement</td><td><a href="#m11">tearDown</a></td><td rowspan="1">1602161110564</td><td rowspan="1">-1602161110564</td></tr><tr class="skippedeven"><td rowspan="1">com.kuda.testCases.CustomerInfoManagement</td><td><a href="#m12">tearDown</a></td><td rowspan="1">1602161113811</td><td rowspan="1">-1602161113811</td></tr><tr class="skippedodd"><td rowspan="1">com.kuda.testCases.GeneralLedgerManagement</td><td><a href="#m13">tearDown</a></td><td rowspan="1">1602161144846</td><td rowspan="1">-1602161144846</td></tr><tr class="skippedeven"><td rowspan="1">com.kuda.testCases.UserManagement</td><td><a href="#m14">tearDown</a></td><td rowspan="1">1602161157974</td><td rowspan="1">-1602161157974</td></tr><tr class="skippedodd"><td rowspan="1">com.kuda.testCases.ValidateLogin</td><td><a href="#m15">tearDown</a></td><td rowspan="1">1602161066763</td><td rowspan="1">-1602161066763</td></tr><tr><th colspan="4">Test &#8212; skipped</th></tr><tr class="skippedeven"><td rowspan="1">com.kuda.postingsMgt.ValidateLocalTransfer</td><td><a href="#m16">verifyLocalFundTransfer</a></td><td rowspan="1">1602161126911</td><td rowspan="1">0</td></tr><tr class="skippedodd"><td rowspan="1">com.kuda.postingsMgt.ValidateSingleJournalTransfer</td><td><a href="#m17">glToglTransfer</a></td><td rowspan="1">1602161131735</td><td rowspan="1">0</td></tr><tr class="skippedeven"><td rowspan="1">com.kuda.testCases.BranchManagement</td><td><a href="#m18">viewBranches</a></td><td rowspan="1">1602161070146</td><td rowspan="1">0</td></tr><tr class="skippedodd"><td rowspan="7">com.kuda.testCases.CustomerAccountManagement</td><td><a href="#m19">createCustomerAccount</a></td><td rowspan="1">1602161110564</td><td rowspan="1">0</td></tr><tr class="skippedodd"><td><a href="#m20">editCustomerAccount</a></td><td rowspan="1">1602161110564</td><td rowspan="1">0</td></tr><tr class="skippedodd"><td><a href="#m21">searchByAccountEmail</a></td><td rowspan="1">1602161110562</td><td rowspan="1">0</td></tr><tr class="skippedodd"><td><a href="#m22">searchByAccountName</a></td><td rowspan="1">1602161110561</td><td rowspan="1">0</td></tr><tr class="skippedodd"><td><a href="#m23">searchByAccountNumber</a></td><td rowspan="1">1602161110562</td><td rowspan="1">0</td></tr><tr class="skippedodd"><td><a href="#m24">viewAccountBalance</a></td><td rowspan="1">1602161110563</td><td rowspan="1">0</td></tr><tr class="skippedodd"><td><a href="#m25">viewCASAccount</a></td><td rowspan="1">1602161110561</td><td rowspan="1">0</td></tr><tr class="skippedeven"><td rowspan="5">com.kuda.testCases.CustomerInfoManagement</td><td><a href="#m26">createCustomer</a></td><td rowspan="1">1602161113811</td><td rowspan="1">0</td></tr><tr class="skippedeven"><td><a href="#m27">searchByCustomerEmail</a></td><td rowspan="1">1602161113809</td><td rowspan="1">0</td></tr><tr class="skippedeven"><td><a href="#m28">searchCustomerById</a></td><td rowspan="1">1602161113810</td><td rowspan="1">0</td></tr><tr class="skippedeven"><td><a href="#m29">searchCustomerByName</a></td><td rowspan="1">1602161113808</td><td rowspan="1">0</td></tr><tr class="skippedeven"><td><a href="#m30">viewCustomers</a></td><td rowspan="1">1602161113807</td><td rowspan="1">0</td></tr><tr class="skippedodd"><td rowspan="5">com.kuda.testCases.GeneralLedgerManagement</td><td><a href="#m31">editGeneralLedgerAccount</a></td><td rowspan="1">1602161144845</td><td rowspan="1">0</td></tr><tr class="skippedodd"><td><a href="#m32">searchGLByCode</a></td><td rowspan="1">1602161144841</td><td rowspan="1">0</td></tr><tr class="skippedodd"><td><a href="#m33">searchGLByName</a></td><td rowspan="1">1602161144840</td><td rowspan="1">0</td></tr><tr class="skippedodd"><td><a href="#m34">viewGLAccounts</a></td><td rowspan="1">1602161144838</td><td rowspan="1">0</td></tr><tr class="skippedodd"><td><a href="#m35">viewGLBalance</a></td><td rowspan="1">1602161144843</td><td rowspan="1">0</td></tr><tr class="skippedeven"><td rowspan="7">com.kuda.testCases.UserManagement</td><td><a href="#m36">searchUserByDesignation</a></td><td rowspan="1">1602161157968</td><td rowspan="1">0</td></tr><tr class="skippedeven"><td><a href="#m37">searchUserByEmail</a></td><td rowspan="1">1602161157971</td><td rowspan="1">0</td></tr><tr class="skippedeven"><td><a href="#m38">searchUserByEmployeeNumber</a></td><td rowspan="1">1602161157970</td><td rowspan="1">0</td></tr><tr class="skippedeven"><td><a href="#m39">searchUserByPhoneNumber</a></td><td rowspan="1">1602161157969</td><td rowspan="1">0</td></tr><tr class="skippedeven"><td><a href="#m40">searchUserBylastName</a></td><td rowspan="1">1602161157973</td><td rowspan="1">0</td></tr><tr class="skippedeven"><td><a href="#m41">searchUsersByUserName</a></td><td rowspan="1">1602161157966</td><td rowspan="1">0</td></tr><tr class="skippedeven"><td><a href="#m42">viewUsers</a></td><td rowspan="1">1602161157964</td><td rowspan="1">0</td></tr><tr class="skippedodd"><td rowspan="1">com.kuda.testCases.ValidateLogin</td><td><a href="#m43">googleSign</a></td><td rowspan="1">1602161066761</td><td rowspan="1">0</td></tr></tbody>
</table>
<h2>Test</h2><h3 id="m0">com.kuda.postingsMgt.ValidateLocalTransfer#setUp</h3><table class="result"><tr><th>Exception</th></tr><tr><td><div class="stacktrace">org.openqa.selenium.SessionNotCreatedException: session not created
from chrome not reachable
  (Session info: chrome=85.0.4183.121)
Build info: version: &apos;3.141.59&apos;, revision: &apos;e82be7d358&apos;, time: &apos;2018-11-14T08:17:03&apos;
System info: host: &apos;DESKTOP-D068G7Q&apos;, ip: &apos;192.168.43.200&apos;, os.name: &apos;Windows 10&apos;, os.arch: &apos;amd64&apos;, os.version: &apos;10.0&apos;, java.version: &apos;1.8.0_261&apos;
Driver info: driver.version: ChromeDriver
remote stacktrace: Backtrace:
	Ordinal0 [0x00BAD383+3134339]
	Ordinal0 [0x00A9A171+2007409]
	Ordinal0 [0x0093AD90+568720]
	Ordinal0 [0x00931364+529252]
	Ordinal0 [0x009319FC+530940]
	Ordinal0 [0x00932C15+535573]
	Ordinal0 [0x0092DFC5+516037]
	Ordinal0 [0x0093BF70+573296]
	Ordinal0 [0x008E1916+203030]
	Ordinal0 [0x008E0C1D+199709]
	Ordinal0 [0x008DEB0B+191243]
	Ordinal0 [0x008C2E77+77431]
	Ordinal0 [0x008C3E3E+81470]
	Ordinal0 [0x008C3DC9+81353]
	Ordinal0 [0x00AB0CD9+2100441]
	GetHandleVerifier [0x00D1B75A+1396954]
	GetHandleVerifier [0x00D1B3D9+1396057]
	GetHandleVerifier [0x00D27126+1444518]
	GetHandleVerifier [0x00D1BCE8+1398376]
	Ordinal0 [0x00AA7F51+2064209]
	Ordinal0 [0x00AB22EB+2106091]
	Ordinal0 [0x00AB2411+2106385]
	Ordinal0 [0x00AC49C4+2181572]
	BaseThreadInitThunk [0x77A96359+25]
	RtlGetAppContainerNamedObjectPath [0x77DD7C24+228]
	RtlGetAppContainerNamedObjectPath [0x77DD7BF4+180]

	at org.openqa.selenium.remote.W3CHandshakeResponse.lambda$errorHandler$0(W3CHandshakeResponse.java:62)
	at org.openqa.selenium.remote.HandshakeResponse.lambda$getResponseFunction$0(HandshakeResponse.java:30)
	at org.openqa.selenium.remote.ProtocolHandshake.lambda$createSession$0(ProtocolHandshake.java:126)
	at java.util.stream.ReferencePipeline$3$1.accept(ReferencePipeline.java:193)
	at java.util.Spliterators$ArraySpliterator.tryAdvance(Spliterators.java:958)
	at java.util.stream.ReferencePipeline.forEachWithCancel(ReferencePipeline.java:126)
	at java.util.stream.AbstractPipeline.copyIntoWithCancel(AbstractPipeline.java:499)
	at java.util.stream.AbstractPipeline.copyInto(AbstractPipeline.java:486)
	at java.util.stream.AbstractPipeline.wrapAndCopyInto(AbstractPipeline.java:472)
	at java.util.stream.FindOps$FindOp.evaluateSequential(FindOps.java:152)
	at java.util.stream.AbstractPipeline.evaluate(AbstractPipeline.java:234)
	at java.util.stream.ReferencePipeline.findFirst(ReferencePipeline.java:464)
	at org.openqa.selenium.remote.ProtocolHandshake.createSession(ProtocolHandshake.java:128)
	at org.openqa.selenium.remote.ProtocolHandshake.createSession(ProtocolHandshake.java:74)
	at org.openqa.selenium.remote.HttpCommandExecutor.execute(HttpCommandExecutor.java:136)
	at org.openqa.selenium.remote.service.DriverCommandExecutor.execute(DriverCommandExecutor.java:83)
	at org.openqa.selenium.remote.RemoteWebDriver.execute(RemoteWebDriver.java:552)
	at org.openqa.selenium.remote.RemoteWebDriver.startSession(RemoteWebDriver.java:213)
	at org.openqa.selenium.remote.RemoteWebDriver.&lt;init&gt;(RemoteWebDriver.java:131)
	at org.openqa.selenium.chrome.ChromeDriver.&lt;init&gt;(ChromeDriver.java:181)
	at org.openqa.selenium.chrome.ChromeDriver.&lt;init&gt;(ChromeDriver.java:168)
	at org.openqa.selenium.chrome.ChromeDriver.&lt;init&gt;(ChromeDriver.java:123)
	at com.kuda.base.TestBase.setUp(TestBase.java:30)
	at java.util.ArrayList.forEach(ArrayList.java:1259)
... Removed 32 stack frames</div></td></tr></table><p class="totop"><a href="#summary">back to summary</a></p>
<h3 id="m1">com.kuda.postingsMgt.ValidateSingleJournalTransfer#setUp</h3><table class="result"><tr><th>Exception</th></tr><tr><td><div class="stacktrace">org.openqa.selenium.NoSuchWindowException: no such window: target window already closed
from unknown error: web view not found
  (Session info: chrome=85.0.4183.121)
Build info: version: &apos;3.141.59&apos;, revision: &apos;e82be7d358&apos;, time: &apos;2018-11-14T08:17:03&apos;
System info: host: &apos;DESKTOP-D068G7Q&apos;, ip: &apos;192.168.43.200&apos;, os.name: &apos;Windows 10&apos;, os.arch: &apos;amd64&apos;, os.version: &apos;10.0&apos;, java.version: &apos;1.8.0_261&apos;
Driver info: org.openqa.selenium.chrome.ChromeDriver
Capabilities {acceptInsecureCerts: false, browserName: chrome, browserVersion: 85.0.4183.121, chrome: {chromedriverVersion: 85.0.4183.87 (cd6713ebf92fa..., userDataDir: C:\Users\Gbenga\AppData\Loc...}, goog:chromeOptions: {debuggerAddress: localhost:53502}, javascriptEnabled: true, networkConnectionEnabled: false, pageLoadStrategy: normal, platform: WINDOWS, platformName: WINDOWS, proxy: Proxy(), setWindowRect: true, strictFileInteractability: false, timeouts: {implicit: 0, pageLoad: 300000, script: 30000}, unhandledPromptBehavior: dismiss and notify, webauthn:virtualAuthenticators: true}
Session ID: 9a2809dedb5bad7a94dc97a24d93c36b
	at org.openqa.selenium.remote.http.W3CHttpResponseCodec.createException(W3CHttpResponseCodec.java:187)
	at org.openqa.selenium.remote.http.W3CHttpResponseCodec.decode(W3CHttpResponseCodec.java:122)
	at org.openqa.selenium.remote.http.W3CHttpResponseCodec.decode(W3CHttpResponseCodec.java:49)
	at org.openqa.selenium.remote.HttpCommandExecutor.execute(HttpCommandExecutor.java:158)
	at org.openqa.selenium.remote.service.DriverCommandExecutor.execute(DriverCommandExecutor.java:83)
	at org.openqa.selenium.remote.RemoteWebDriver.execute(RemoteWebDriver.java:552)
	at org.openqa.selenium.remote.RemoteWebDriver.execute(RemoteWebDriver.java:609)
	at org.openqa.selenium.remote.RemoteWebDriver$RemoteWebDriverOptions$RemoteWindow.maximize(RemoteWebDriver.java:837)
	at com.kuda.base.TestBase.setUp(TestBase.java:55)
	at java.util.ArrayList.forEach(ArrayList.java:1259)
... Removed 32 stack frames</div></td></tr></table><p class="totop"><a href="#summary">back to summary</a></p>
<h3 id="m2">com.kuda.testCases.BranchManagement#setUp</h3><table class="result"><tr><th>Exception</th></tr><tr><td><div class="stacktrace">org.openqa.selenium.WebDriverException: unknown error: net::ERR_NAME_NOT_RESOLVED
  (Session info: chrome=85.0.4183.121)
Build info: version: &apos;3.141.59&apos;, revision: &apos;e82be7d358&apos;, time: &apos;2018-11-14T08:17:03&apos;
System info: host: &apos;DESKTOP-D068G7Q&apos;, ip: &apos;192.168.43.200&apos;, os.name: &apos;Windows 10&apos;, os.arch: &apos;amd64&apos;, os.version: &apos;10.0&apos;, java.version: &apos;1.8.0_261&apos;
Driver info: org.openqa.selenium.chrome.ChromeDriver
Capabilities {acceptInsecureCerts: false, browserName: chrome, browserVersion: 85.0.4183.121, chrome: {chromedriverVersion: 85.0.4183.87 (cd6713ebf92fa..., userDataDir: C:\Users\Gbenga\AppData\Loc...}, goog:chromeOptions: {debuggerAddress: localhost:53378}, javascriptEnabled: true, networkConnectionEnabled: false, pageLoadStrategy: normal, platform: WINDOWS, platformName: WINDOWS, proxy: Proxy(), setWindowRect: true, strictFileInteractability: false, timeouts: {implicit: 0, pageLoad: 300000, script: 30000}, unhandledPromptBehavior: dismiss and notify, webauthn:virtualAuthenticators: true}
Session ID: 95954b1f9b109a63b268eaa54fa7187f
	at org.openqa.selenium.remote.http.W3CHttpResponseCodec.createException(W3CHttpResponseCodec.java:187)
	at org.openqa.selenium.remote.http.W3CHttpResponseCodec.decode(W3CHttpResponseCodec.java:122)
	at org.openqa.selenium.remote.http.W3CHttpResponseCodec.decode(W3CHttpResponseCodec.java:49)
	at org.openqa.selenium.remote.HttpCommandExecutor.execute(HttpCommandExecutor.java:158)
	at org.openqa.selenium.remote.service.DriverCommandExecutor.execute(DriverCommandExecutor.java:83)
	at org.openqa.selenium.remote.RemoteWebDriver.execute(RemoteWebDriver.java:552)
	at org.openqa.selenium.remote.RemoteWebDriver.get(RemoteWebDriver.java:277)
	at com.kuda.base.TestBase.setUp(TestBase.java:53)
	at java.util.ArrayList.forEach(ArrayList.java:1259)
... Removed 32 stack frames</div></td></tr></table><p class="totop"><a href="#summary">back to summary</a></p>
<h3 id="m3">com.kuda.testCases.CustomerAccountManagement#setUp</h3><table class="result"><tr><th>Exception</th></tr><tr><td><div class="stacktrace">org.openqa.selenium.WebDriverException: chrome not reachable
  (Session info: chrome=85.0.4183.121)
Build info: version: &apos;3.141.59&apos;, revision: &apos;e82be7d358&apos;, time: &apos;2018-11-14T08:17:03&apos;
System info: host: &apos;DESKTOP-D068G7Q&apos;, ip: &apos;192.168.43.200&apos;, os.name: &apos;Windows 10&apos;, os.arch: &apos;amd64&apos;, os.version: &apos;10.0&apos;, java.version: &apos;1.8.0_261&apos;
Driver info: org.openqa.selenium.chrome.ChromeDriver
Capabilities {acceptInsecureCerts: false, browserName: chrome, browserVersion: 85.0.4183.121, chrome: {chromedriverVersion: 85.0.4183.87 (cd6713ebf92fa..., userDataDir: C:\Users\Gbenga\AppData\Loc...}, goog:chromeOptions: {debuggerAddress: localhost:53389}, javascriptEnabled: true, networkConnectionEnabled: false, pageLoadStrategy: normal, platform: WINDOWS, platformName: WINDOWS, proxy: Proxy(), setWindowRect: true, strictFileInteractability: false, timeouts: {implicit: 0, pageLoad: 300000, script: 30000}, unhandledPromptBehavior: dismiss and notify, webauthn:virtualAuthenticators: true}
Session ID: 689b0ab75c27a46d8779f8f9da91b221
	at org.openqa.selenium.remote.http.W3CHttpResponseCodec.createException(W3CHttpResponseCodec.java:187)
	at org.openqa.selenium.remote.http.W3CHttpResponseCodec.decode(W3CHttpResponseCodec.java:122)
	at org.openqa.selenium.remote.http.W3CHttpResponseCodec.decode(W3CHttpResponseCodec.java:49)
	at org.openqa.selenium.remote.HttpCommandExecutor.execute(HttpCommandExecutor.java:158)
	at org.openqa.selenium.remote.service.DriverCommandExecutor.execute(DriverCommandExecutor.java:83)
	at org.openqa.selenium.remote.RemoteWebDriver.execute(RemoteWebDriver.java:552)
	at org.openqa.selenium.remote.RemoteWebDriver.execute(RemoteWebDriver.java:609)
	at org.openqa.selenium.remote.RemoteWebDriver$RemoteWebDriverOptions.deleteAllCookies(RemoteWebDriver.java:694)
	at com.kuda.base.TestBase.setUp(TestBase.java:56)
	at java.util.ArrayList.forEach(ArrayList.java:1259)
... Removed 32 stack frames</div></td></tr></table><p class="totop"><a href="#summary">back to summary</a></p>
<h3 id="m4">com.kuda.testCases.CustomerInfoManagement#setUp</h3><table class="result"><tr><th>Exception</th></tr><tr><td><div class="stacktrace">org.openqa.selenium.SessionNotCreatedException: session not created
from disconnected: received Inspector.detached event
  (Session info: chrome=85.0.4183.121)
Build info: version: &apos;3.141.59&apos;, revision: &apos;e82be7d358&apos;, time: &apos;2018-11-14T08:17:03&apos;
System info: host: &apos;DESKTOP-D068G7Q&apos;, ip: &apos;192.168.43.200&apos;, os.name: &apos;Windows 10&apos;, os.arch: &apos;amd64&apos;, os.version: &apos;10.0&apos;, java.version: &apos;1.8.0_261&apos;
Driver info: driver.version: ChromeDriver
remote stacktrace: Backtrace:
	Ordinal0 [0x00BAD383+3134339]
	Ordinal0 [0x00A9A171+2007409]
	Ordinal0 [0x0093AEE8+569064]
	Ordinal0 [0x0092FCDD+523485]
	Ordinal0 [0x0092F9E9+522729]
	Ordinal0 [0x0092F0FA+520442]
	Ordinal0 [0x0092E542+517442]
	Ordinal0 [0x0092E935+518453]
	Ordinal0 [0x0092E265+516709]
	Ordinal0 [0x00933C7C+539772]
	Ordinal0 [0x0092E214+516628]
	Ordinal0 [0x0092EF25+519973]
	Ordinal0 [0x0092E542+517442]
	Ordinal0 [0x0092E935+518453]
	Ordinal0 [0x0092E265+516709]
	Ordinal0 [0x00932F37+536375]
	Ordinal0 [0x0092E214+516628]
	Ordinal0 [0x0092EF25+519973]
	Ordinal0 [0x0092E542+517442]
	Ordinal0 [0x0092E935+518453]
	Ordinal0 [0x0092E265+516709]
	Ordinal0 [0x0092AB7C+502652]
	Ordinal0 [0x0092E214+516628]
	Ordinal0 [0x0092DF81+515969]
	Ordinal0 [0x0093BF70+573296]
	Ordinal0 [0x008E1916+203030]
	Ordinal0 [0x008E0C1D+199709]
	Ordinal0 [0x008DEB0B+191243]
	Ordinal0 [0x008C2E77+77431]
	Ordinal0 [0x008C3E3E+81470]
	Ordinal0 [0x008C3DC9+81353]
	Ordinal0 [0x00AB0CD9+2100441]
	GetHandleVerifier [0x00D1B75A+1396954]
	GetHandleVerifier [0x00D1B3D9+1396057]
	GetHandleVerifier [0x00D27126+1444518]
	GetHandleVerifier [0x00D1BCE8+1398376]
	Ordinal0 [0x00AA7F51+2064209]
	Ordinal0 [0x00AB22EB+2106091]
	Ordinal0 [0x00AB2411+2106385]
	Ordinal0 [0x00AC49C4+2181572]
	BaseThreadInitThunk [0x77A96359+25]
	RtlGetAppContainerNamedObjectPath [0x77DD7C24+228]
	RtlGetAppContainerNamedObjectPath [0x77DD7BF4+180]

	at org.openqa.selenium.remote.W3CHandshakeResponse.lambda$errorHandler$0(W3CHandshakeResponse.java:62)
	at org.openqa.selenium.remote.HandshakeResponse.lambda$getResponseFunction$0(HandshakeResponse.java:30)
	at org.openqa.selenium.remote.ProtocolHandshake.lambda$createSession$0(ProtocolHandshake.java:126)
	at java.util.stream.ReferencePipeline$3$1.accept(ReferencePipeline.java:193)
	at java.util.Spliterators$ArraySpliterator.tryAdvance(Spliterators.java:958)
	at java.util.stream.ReferencePipeline.forEachWithCancel(ReferencePipeline.java:126)
	at java.util.stream.AbstractPipeline.copyIntoWithCancel(AbstractPipeline.java:499)
	at java.util.stream.AbstractPipeline.copyInto(AbstractPipeline.java:486)
	at java.util.stream.AbstractPipeline.wrapAndCopyInto(AbstractPipeline.java:472)
	at java.util.stream.FindOps$FindOp.evaluateSequential(FindOps.java:152)
	at java.util.stream.AbstractPipeline.evaluate(AbstractPipeline.java:234)
	at java.util.stream.ReferencePipeline.findFirst(ReferencePipeline.java:464)
	at org.openqa.selenium.remote.ProtocolHandshake.createSession(ProtocolHandshake.java:128)
	at org.openqa.selenium.remote.ProtocolHandshake.createSession(ProtocolHandshake.java:74)
	at org.openqa.selenium.remote.HttpCommandExecutor.execute(HttpCommandExecutor.java:136)
	at org.openqa.selenium.remote.service.DriverCommandExecutor.execute(DriverCommandExecutor.java:83)
	at org.openqa.selenium.remote.RemoteWebDriver.execute(RemoteWebDriver.java:552)
	at org.openqa.selenium.remote.RemoteWebDriver.startSession(RemoteWebDriver.java:213)
	at org.openqa.selenium.remote.RemoteWebDriver.&lt;init&gt;(RemoteWebDriver.java:131)
	at org.openqa.selenium.chrome.ChromeDriver.&lt;init&gt;(ChromeDriver.java:181)
	at org.openqa.selenium.chrome.ChromeDriver.&lt;init&gt;(ChromeDriver.java:168)
	at org.openqa.selenium.chrome.ChromeDriver.&lt;init&gt;(ChromeDriver.java:123)
	at com.kuda.base.TestBase.setUp(TestBase.java:30)
	at java.util.ArrayList.forEach(ArrayList.java:1259)
... Removed 32 stack frames</div></td></tr></table><p class="totop"><a href="#summary">back to summary</a></p>
<h3 id="m5">com.kuda.testCases.GeneralLedgerManagement#setUp</h3><table class="result"><tr><th>Exception</th></tr><tr><td><div class="stacktrace">org.openqa.selenium.SessionNotCreatedException: session not created
from chrome not reachable
  (Session info: chrome=85.0.4183.121)
Build info: version: &apos;3.141.59&apos;, revision: &apos;e82be7d358&apos;, time: &apos;2018-11-14T08:17:03&apos;
System info: host: &apos;DESKTOP-D068G7Q&apos;, ip: &apos;192.168.43.200&apos;, os.name: &apos;Windows 10&apos;, os.arch: &apos;amd64&apos;, os.version: &apos;10.0&apos;, java.version: &apos;1.8.0_261&apos;
Driver info: driver.version: ChromeDriver
remote stacktrace: Backtrace:
	Ordinal0 [0x00BAD383+3134339]
	Ordinal0 [0x00A9A171+2007409]
	Ordinal0 [0x0093AD90+568720]
	Ordinal0 [0x00931364+529252]
	Ordinal0 [0x009319FC+530940]
	Ordinal0 [0x00932C15+535573]
	Ordinal0 [0x0092DFC5+516037]
	Ordinal0 [0x0093BF70+573296]
	Ordinal0 [0x008E1916+203030]
	Ordinal0 [0x008E0C1D+199709]
	Ordinal0 [0x008DEB0B+191243]
	Ordinal0 [0x008C2E77+77431]
	Ordinal0 [0x008C3E3E+81470]
	Ordinal0 [0x008C3DC9+81353]
	Ordinal0 [0x00AB0CD9+2100441]
	GetHandleVerifier [0x00D1B75A+1396954]
	GetHandleVerifier [0x00D1B3D9+1396057]
	GetHandleVerifier [0x00D27126+1444518]
	GetHandleVerifier [0x00D1BCE8+1398376]
	Ordinal0 [0x00AA7F51+2064209]
	Ordinal0 [0x00AB22EB+2106091]
	Ordinal0 [0x00AB2411+2106385]
	Ordinal0 [0x00AC49C4+2181572]
	BaseThreadInitThunk [0x77A96359+25]
	RtlGetAppContainerNamedObjectPath [0x77DD7C24+228]
	RtlGetAppContainerNamedObjectPath [0x77DD7BF4+180]

	at org.openqa.selenium.remote.W3CHandshakeResponse.lambda$errorHandler$0(W3CHandshakeResponse.java:62)
	at org.openqa.selenium.remote.HandshakeResponse.lambda$getResponseFunction$0(HandshakeResponse.java:30)
	at org.openqa.selenium.remote.ProtocolHandshake.lambda$createSession$0(ProtocolHandshake.java:126)
	at java.util.stream.ReferencePipeline$3$1.accept(ReferencePipeline.java:193)
	at java.util.Spliterators$ArraySpliterator.tryAdvance(Spliterators.java:958)
	at java.util.stream.ReferencePipeline.forEachWithCancel(ReferencePipeline.java:126)
	at java.util.stream.AbstractPipeline.copyIntoWithCancel(AbstractPipeline.java:499)
	at java.util.stream.AbstractPipeline.copyInto(AbstractPipeline.java:486)
	at java.util.stream.AbstractPipeline.wrapAndCopyInto(AbstractPipeline.java:472)
	at java.util.stream.FindOps$FindOp.evaluateSequential(FindOps.java:152)
	at java.util.stream.AbstractPipeline.evaluate(AbstractPipeline.java:234)
	at java.util.stream.ReferencePipeline.findFirst(ReferencePipeline.java:464)
	at org.openqa.selenium.remote.ProtocolHandshake.createSession(ProtocolHandshake.java:128)
	at org.openqa.selenium.remote.ProtocolHandshake.createSession(ProtocolHandshake.java:74)
	at org.openqa.selenium.remote.HttpCommandExecutor.execute(HttpCommandExecutor.java:136)
	at org.openqa.selenium.remote.service.DriverCommandExecutor.execute(DriverCommandExecutor.java:83)
	at org.openqa.selenium.remote.RemoteWebDriver.execute(RemoteWebDriver.java:552)
	at org.openqa.selenium.remote.RemoteWebDriver.startSession(RemoteWebDriver.java:213)
	at org.openqa.selenium.remote.RemoteWebDriver.&lt;init&gt;(RemoteWebDriver.java:131)
	at org.openqa.selenium.chrome.ChromeDriver.&lt;init&gt;(ChromeDriver.java:181)
	at org.openqa.selenium.chrome.ChromeDriver.&lt;init&gt;(ChromeDriver.java:168)
	at org.openqa.selenium.chrome.ChromeDriver.&lt;init&gt;(ChromeDriver.java:123)
	at com.kuda.base.TestBase.setUp(TestBase.java:30)
	at java.util.ArrayList.forEach(ArrayList.java:1259)
... Removed 32 stack frames</div></td></tr></table><p class="totop"><a href="#summary">back to summary</a></p>
<h3 id="m6">com.kuda.testCases.UserManagement#setUp</h3><table class="result"><tr><th>Exception</th></tr><tr><td><div class="stacktrace">org.openqa.selenium.SessionNotCreatedException: session not created
from chrome not reachable
  (Session info: chrome=85.0.4183.121)
Build info: version: &apos;3.141.59&apos;, revision: &apos;e82be7d358&apos;, time: &apos;2018-11-14T08:17:03&apos;
System info: host: &apos;DESKTOP-D068G7Q&apos;, ip: &apos;192.168.43.200&apos;, os.name: &apos;Windows 10&apos;, os.arch: &apos;amd64&apos;, os.version: &apos;10.0&apos;, java.version: &apos;1.8.0_261&apos;
Driver info: driver.version: ChromeDriver
remote stacktrace: Backtrace:
	Ordinal0 [0x00BAD383+3134339]
	Ordinal0 [0x00A9A171+2007409]
	Ordinal0 [0x0093AD90+568720]
	Ordinal0 [0x00931364+529252]
	Ordinal0 [0x009319FC+530940]
	Ordinal0 [0x00932C15+535573]
	Ordinal0 [0x0092DFC5+516037]
	Ordinal0 [0x0093BF70+573296]
	Ordinal0 [0x008E1916+203030]
	Ordinal0 [0x008E0C1D+199709]
	Ordinal0 [0x008DEB0B+191243]
	Ordinal0 [0x008C2E77+77431]
	Ordinal0 [0x008C3E3E+81470]
	Ordinal0 [0x008C3DC9+81353]
	Ordinal0 [0x00AB0CD9+2100441]
	GetHandleVerifier [0x00D1B75A+1396954]
	GetHandleVerifier [0x00D1B3D9+1396057]
	GetHandleVerifier [0x00D27126+1444518]
	GetHandleVerifier [0x00D1BCE8+1398376]
	Ordinal0 [0x00AA7F51+2064209]
	Ordinal0 [0x00AB22EB+2106091]
	Ordinal0 [0x00AB2411+2106385]
	Ordinal0 [0x00AC49C4+2181572]
	BaseThreadInitThunk [0x77A96359+25]
	RtlGetAppContainerNamedObjectPath [0x77DD7C24+228]
	RtlGetAppContainerNamedObjectPath [0x77DD7BF4+180]

	at org.openqa.selenium.remote.W3CHandshakeResponse.lambda$errorHandler$0(W3CHandshakeResponse.java:62)
	at org.openqa.selenium.remote.HandshakeResponse.lambda$getResponseFunction$0(HandshakeResponse.java:30)
	at org.openqa.selenium.remote.ProtocolHandshake.lambda$createSession$0(ProtocolHandshake.java:126)
	at java.util.stream.ReferencePipeline$3$1.accept(ReferencePipeline.java:193)
	at java.util.Spliterators$ArraySpliterator.tryAdvance(Spliterators.java:958)
	at java.util.stream.ReferencePipeline.forEachWithCancel(ReferencePipeline.java:126)
	at java.util.stream.AbstractPipeline.copyIntoWithCancel(AbstractPipeline.java:499)
	at java.util.stream.AbstractPipeline.copyInto(AbstractPipeline.java:486)
	at java.util.stream.AbstractPipeline.wrapAndCopyInto(AbstractPipeline.java:472)
	at java.util.stream.FindOps$FindOp.evaluateSequential(FindOps.java:152)
	at java.util.stream.AbstractPipeline.evaluate(AbstractPipeline.java:234)
	at java.util.stream.ReferencePipeline.findFirst(ReferencePipeline.java:464)
	at org.openqa.selenium.remote.ProtocolHandshake.createSession(ProtocolHandshake.java:128)
	at org.openqa.selenium.remote.ProtocolHandshake.createSession(ProtocolHandshake.java:74)
	at org.openqa.selenium.remote.HttpCommandExecutor.execute(HttpCommandExecutor.java:136)
	at org.openqa.selenium.remote.service.DriverCommandExecutor.execute(DriverCommandExecutor.java:83)
	at org.openqa.selenium.remote.RemoteWebDriver.execute(RemoteWebDriver.java:552)
	at org.openqa.selenium.remote.RemoteWebDriver.startSession(RemoteWebDriver.java:213)
	at org.openqa.selenium.remote.RemoteWebDriver.&lt;init&gt;(RemoteWebDriver.java:131)
	at org.openqa.selenium.chrome.ChromeDriver.&lt;init&gt;(ChromeDriver.java:181)
	at org.openqa.selenium.chrome.ChromeDriver.&lt;init&gt;(ChromeDriver.java:168)
	at org.openqa.selenium.chrome.ChromeDriver.&lt;init&gt;(ChromeDriver.java:123)
	at com.kuda.base.TestBase.setUp(TestBase.java:30)
	at java.util.ArrayList.forEach(ArrayList.java:1259)
... Removed 32 stack frames</div></td></tr></table><p class="totop"><a href="#summary">back to summary</a></p>
<h3 id="m7">com.kuda.testCases.ValidateLogin#setUp</h3><table class="result"><tr><th>Exception</th></tr><tr><td><div class="stacktrace">org.openqa.selenium.WebDriverException: unknown error: net::ERR_NAME_NOT_RESOLVED
  (Session info: chrome=85.0.4183.121)
Build info: version: &apos;3.141.59&apos;, revision: &apos;e82be7d358&apos;, time: &apos;2018-11-14T08:17:03&apos;
System info: host: &apos;DESKTOP-D068G7Q&apos;, ip: &apos;192.168.43.200&apos;, os.name: &apos;Windows 10&apos;, os.arch: &apos;amd64&apos;, os.version: &apos;10.0&apos;, java.version: &apos;1.8.0_261&apos;
Driver info: org.openqa.selenium.chrome.ChromeDriver
Capabilities {acceptInsecureCerts: false, browserName: chrome, browserVersion: 85.0.4183.121, chrome: {chromedriverVersion: 85.0.4183.87 (cd6713ebf92fa..., userDataDir: C:\Users\Gbenga\AppData\Loc...}, goog:chromeOptions: {debuggerAddress: localhost:53358}, javascriptEnabled: true, networkConnectionEnabled: false, pageLoadStrategy: normal, platform: WINDOWS, platformName: WINDOWS, proxy: Proxy(), setWindowRect: true, strictFileInteractability: false, timeouts: {implicit: 0, pageLoad: 300000, script: 30000}, unhandledPromptBehavior: dismiss and notify, webauthn:virtualAuthenticators: true}
Session ID: 526c460c4a4da27d90a83a6489b8865c
	at org.openqa.selenium.remote.http.W3CHttpResponseCodec.createException(W3CHttpResponseCodec.java:187)
	at org.openqa.selenium.remote.http.W3CHttpResponseCodec.decode(W3CHttpResponseCodec.java:122)
	at org.openqa.selenium.remote.http.W3CHttpResponseCodec.decode(W3CHttpResponseCodec.java:49)
	at org.openqa.selenium.remote.HttpCommandExecutor.execute(HttpCommandExecutor.java:158)
	at org.openqa.selenium.remote.service.DriverCommandExecutor.execute(DriverCommandExecutor.java:83)
	at org.openqa.selenium.remote.RemoteWebDriver.execute(RemoteWebDriver.java:552)
	at org.openqa.selenium.remote.RemoteWebDriver.get(RemoteWebDriver.java:277)
	at com.kuda.base.TestBase.setUp(TestBase.java:53)
	at java.util.ArrayList.forEach(ArrayList.java:1259)
... Removed 32 stack frames</div></td></tr></table><p class="totop"><a href="#summary">back to summary</a></p>
<h3 id="m8">com.kuda.postingsMgt.ValidateLocalTransfer#tearDown</h3><table class="result"><tr><th class="invisible"/></tr></table><p class="totop"><a href="#summary">back to summary</a></p>
<h3 id="m9">com.kuda.postingsMgt.ValidateSingleJournalTransfer#tearDown</h3><table class="result"><tr><th class="invisible"/></tr></table><p class="totop"><a href="#summary">back to summary</a></p>
<h3 id="m10">com.kuda.testCases.BranchManagement#tearDown</h3><table class="result"><tr><th class="invisible"/></tr></table><p class="totop"><a href="#summary">back to summary</a></p>
<h3 id="m11">com.kuda.testCases.CustomerAccountManagement#tearDown</h3><table class="result"><tr><th class="invisible"/></tr></table><p class="totop"><a href="#summary">back to summary</a></p>
<h3 id="m12">com.kuda.testCases.CustomerInfoManagement#tearDown</h3><table class="result"><tr><th class="invisible"/></tr></table><p class="totop"><a href="#summary">back to summary</a></p>
<h3 id="m13">com.kuda.testCases.GeneralLedgerManagement#tearDown</h3><table class="result"><tr><th class="invisible"/></tr></table><p class="totop"><a href="#summary">back to summary</a></p>
<h3 id="m14">com.kuda.testCases.UserManagement#tearDown</h3><table class="result"><tr><th class="invisible"/></tr></table><p class="totop"><a href="#summary">back to summary</a></p>
<h3 id="m15">com.kuda.testCases.ValidateLogin#tearDown</h3><table class="result"><tr><th class="invisible"/></tr></table><p class="totop"><a href="#summary">back to summary</a></p>
<h3 id="m16">com.kuda.postingsMgt.ValidateLocalTransfer#verifyLocalFundTransfer</h3><table class="result"><tr><th>Exception</th></tr><tr><td><div class="stacktrace">org.openqa.selenium.SessionNotCreatedException: session not created
from chrome not reachable
  (Session info: chrome=85.0.4183.121)
Build info: version: &apos;3.141.59&apos;, revision: &apos;e82be7d358&apos;, time: &apos;2018-11-14T08:17:03&apos;
System info: host: &apos;DESKTOP-D068G7Q&apos;, ip: &apos;192.168.43.200&apos;, os.name: &apos;Windows 10&apos;, os.arch: &apos;amd64&apos;, os.version: &apos;10.0&apos;, java.version: &apos;1.8.0_261&apos;
Driver info: driver.version: ChromeDriver
remote stacktrace: Backtrace:
	Ordinal0 [0x00BAD383+3134339]
	Ordinal0 [0x00A9A171+2007409]
	Ordinal0 [0x0093AD90+568720]
	Ordinal0 [0x00931364+529252]
	Ordinal0 [0x009319FC+530940]
	Ordinal0 [0x00932C15+535573]
	Ordinal0 [0x0092DFC5+516037]
	Ordinal0 [0x0093BF70+573296]
	Ordinal0 [0x008E1916+203030]
	Ordinal0 [0x008E0C1D+199709]
	Ordinal0 [0x008DEB0B+191243]
	Ordinal0 [0x008C2E77+77431]
	Ordinal0 [0x008C3E3E+81470]
	Ordinal0 [0x008C3DC9+81353]
	Ordinal0 [0x00AB0CD9+2100441]
	GetHandleVerifier [0x00D1B75A+1396954]
	GetHandleVerifier [0x00D1B3D9+1396057]
	GetHandleVerifier [0x00D27126+1444518]
	GetHandleVerifier [0x00D1BCE8+1398376]
	Ordinal0 [0x00AA7F51+2064209]
	Ordinal0 [0x00AB22EB+2106091]
	Ordinal0 [0x00AB2411+2106385]
	Ordinal0 [0x00AC49C4+2181572]
	BaseThreadInitThunk [0x77A96359+25]
	RtlGetAppContainerNamedObjectPath [0x77DD7C24+228]
	RtlGetAppContainerNamedObjectPath [0x77DD7BF4+180]

	at org.openqa.selenium.remote.W3CHandshakeResponse.lambda$errorHandler$0(W3CHandshakeResponse.java:62)
	at org.openqa.selenium.remote.HandshakeResponse.lambda$getResponseFunction$0(HandshakeResponse.java:30)
	at org.openqa.selenium.remote.ProtocolHandshake.lambda$createSession$0(ProtocolHandshake.java:126)
	at java.util.stream.ReferencePipeline$3$1.accept(ReferencePipeline.java:193)
	at java.util.Spliterators$ArraySpliterator.tryAdvance(Spliterators.java:958)
	at java.util.stream.ReferencePipeline.forEachWithCancel(ReferencePipeline.java:126)
	at java.util.stream.AbstractPipeline.copyIntoWithCancel(AbstractPipeline.java:499)
	at java.util.stream.AbstractPipeline.copyInto(AbstractPipeline.java:486)
	at java.util.stream.AbstractPipeline.wrapAndCopyInto(AbstractPipeline.java:472)
	at java.util.stream.FindOps$FindOp.evaluateSequential(FindOps.java:152)
	at java.util.stream.AbstractPipeline.evaluate(AbstractPipeline.java:234)
	at java.util.stream.ReferencePipeline.findFirst(ReferencePipeline.java:464)
	at org.openqa.selenium.remote.ProtocolHandshake.createSession(ProtocolHandshake.java:128)
	at org.openqa.selenium.remote.ProtocolHandshake.createSession(ProtocolHandshake.java:74)
	at org.openqa.selenium.remote.HttpCommandExecutor.execute(HttpCommandExecutor.java:136)
	at org.openqa.selenium.remote.service.DriverCommandExecutor.execute(DriverCommandExecutor.java:83)
	at org.openqa.selenium.remote.RemoteWebDriver.execute(RemoteWebDriver.java:552)
	at org.openqa.selenium.remote.RemoteWebDriver.startSession(RemoteWebDriver.java:213)
	at org.openqa.selenium.remote.RemoteWebDriver.&lt;init&gt;(RemoteWebDriver.java:131)
	at org.openqa.selenium.chrome.ChromeDriver.&lt;init&gt;(ChromeDriver.java:181)
	at org.openqa.selenium.chrome.ChromeDriver.&lt;init&gt;(ChromeDriver.java:168)
	at org.openqa.selenium.chrome.ChromeDriver.&lt;init&gt;(ChromeDriver.java:123)
	at com.kuda.base.TestBase.setUp(TestBase.java:30)
	at java.util.ArrayList.forEach(ArrayList.java:1259)
... Removed 32 stack frames</div></td></tr></table><p class="totop"><a href="#summary">back to summary</a></p>
<h3 id="m17">com.kuda.postingsMgt.ValidateSingleJournalTransfer#glToglTransfer</h3><table class="result"><tr><th>Exception</th></tr><tr><td><div class="stacktrace">org.openqa.selenium.NoSuchWindowException: no such window: target window already closed
from unknown error: web view not found
  (Session info: chrome=85.0.4183.121)
Build info: version: &apos;3.141.59&apos;, revision: &apos;e82be7d358&apos;, time: &apos;2018-11-14T08:17:03&apos;
System info: host: &apos;DESKTOP-D068G7Q&apos;, ip: &apos;192.168.43.200&apos;, os.name: &apos;Windows 10&apos;, os.arch: &apos;amd64&apos;, os.version: &apos;10.0&apos;, java.version: &apos;1.8.0_261&apos;
Driver info: org.openqa.selenium.chrome.ChromeDriver
Capabilities {acceptInsecureCerts: false, browserName: chrome, browserVersion: 85.0.4183.121, chrome: {chromedriverVersion: 85.0.4183.87 (cd6713ebf92fa..., userDataDir: C:\Users\Gbenga\AppData\Loc...}, goog:chromeOptions: {debuggerAddress: localhost:53502}, javascriptEnabled: true, networkConnectionEnabled: false, pageLoadStrategy: normal, platform: WINDOWS, platformName: WINDOWS, proxy: Proxy(), setWindowRect: true, strictFileInteractability: false, timeouts: {implicit: 0, pageLoad: 300000, script: 30000}, unhandledPromptBehavior: dismiss and notify, webauthn:virtualAuthenticators: true}
Session ID: 9a2809dedb5bad7a94dc97a24d93c36b
	at org.openqa.selenium.remote.http.W3CHttpResponseCodec.createException(W3CHttpResponseCodec.java:187)
	at org.openqa.selenium.remote.http.W3CHttpResponseCodec.decode(W3CHttpResponseCodec.java:122)
	at org.openqa.selenium.remote.http.W3CHttpResponseCodec.decode(W3CHttpResponseCodec.java:49)
	at org.openqa.selenium.remote.HttpCommandExecutor.execute(HttpCommandExecutor.java:158)
	at org.openqa.selenium.remote.service.DriverCommandExecutor.execute(DriverCommandExecutor.java:83)
	at org.openqa.selenium.remote.RemoteWebDriver.execute(RemoteWebDriver.java:552)
	at org.openqa.selenium.remote.RemoteWebDriver.execute(RemoteWebDriver.java:609)
	at org.openqa.selenium.remote.RemoteWebDriver$RemoteWebDriverOptions$RemoteWindow.maximize(RemoteWebDriver.java:837)
	at com.kuda.base.TestBase.setUp(TestBase.java:55)
	at java.util.ArrayList.forEach(ArrayList.java:1259)
... Removed 32 stack frames</div></td></tr></table><p class="totop"><a href="#summary">back to summary</a></p>
<h3 id="m18">com.kuda.testCases.BranchManagement#viewBranches</h3><table class="result"><tr><th>Exception</th></tr><tr><td><div class="stacktrace">org.openqa.selenium.WebDriverException: unknown error: net::ERR_NAME_NOT_RESOLVED
  (Session info: chrome=85.0.4183.121)
Build info: version: &apos;3.141.59&apos;, revision: &apos;e82be7d358&apos;, time: &apos;2018-11-14T08:17:03&apos;
System info: host: &apos;DESKTOP-D068G7Q&apos;, ip: &apos;192.168.43.200&apos;, os.name: &apos;Windows 10&apos;, os.arch: &apos;amd64&apos;, os.version: &apos;10.0&apos;, java.version: &apos;1.8.0_261&apos;
Driver info: org.openqa.selenium.chrome.ChromeDriver
Capabilities {acceptInsecureCerts: false, browserName: chrome, browserVersion: 85.0.4183.121, chrome: {chromedriverVersion: 85.0.4183.87 (cd6713ebf92fa..., userDataDir: C:\Users\Gbenga\AppData\Loc...}, goog:chromeOptions: {debuggerAddress: localhost:53378}, javascriptEnabled: true, networkConnectionEnabled: false, pageLoadStrategy: normal, platform: WINDOWS, platformName: WINDOWS, proxy: Proxy(), setWindowRect: true, strictFileInteractability: false, timeouts: {implicit: 0, pageLoad: 300000, script: 30000}, unhandledPromptBehavior: dismiss and notify, webauthn:virtualAuthenticators: true}
Session ID: 95954b1f9b109a63b268eaa54fa7187f
	at org.openqa.selenium.remote.http.W3CHttpResponseCodec.createException(W3CHttpResponseCodec.java:187)
	at org.openqa.selenium.remote.http.W3CHttpResponseCodec.decode(W3CHttpResponseCodec.java:122)
	at org.openqa.selenium.remote.http.W3CHttpResponseCodec.decode(W3CHttpResponseCodec.java:49)
	at org.openqa.selenium.remote.HttpCommandExecutor.execute(HttpCommandExecutor.java:158)
	at org.openqa.selenium.remote.service.DriverCommandExecutor.execute(DriverCommandExecutor.java:83)
	at org.openqa.selenium.remote.RemoteWebDriver.execute(RemoteWebDriver.java:552)
	at org.openqa.selenium.remote.RemoteWebDriver.get(RemoteWebDriver.java:277)
	at com.kuda.base.TestBase.setUp(TestBase.java:53)
	at java.util.ArrayList.forEach(ArrayList.java:1259)
... Removed 32 stack frames</div></td></tr></table><p class="totop"><a href="#summary">back to summary</a></p>
<h3 id="m19">com.kuda.testCases.CustomerAccountManagement#createCustomerAccount</h3><table class="result"><tr><th>Exception</th></tr><tr><td><div class="stacktrace">org.openqa.selenium.WebDriverException: chrome not reachable
  (Session info: chrome=85.0.4183.121)
Build info: version: &apos;3.141.59&apos;, revision: &apos;e82be7d358&apos;, time: &apos;2018-11-14T08:17:03&apos;
System info: host: &apos;DESKTOP-D068G7Q&apos;, ip: &apos;192.168.43.200&apos;, os.name: &apos;Windows 10&apos;, os.arch: &apos;amd64&apos;, os.version: &apos;10.0&apos;, java.version: &apos;1.8.0_261&apos;
Driver info: org.openqa.selenium.chrome.ChromeDriver
Capabilities {acceptInsecureCerts: false, browserName: chrome, browserVersion: 85.0.4183.121, chrome: {chromedriverVersion: 85.0.4183.87 (cd6713ebf92fa..., userDataDir: C:\Users\Gbenga\AppData\Loc...}, goog:chromeOptions: {debuggerAddress: localhost:53389}, javascriptEnabled: true, networkConnectionEnabled: false, pageLoadStrategy: normal, platform: WINDOWS, platformName: WINDOWS, proxy: Proxy(), setWindowRect: true, strictFileInteractability: false, timeouts: {implicit: 0, pageLoad: 300000, script: 30000}, unhandledPromptBehavior: dismiss and notify, webauthn:virtualAuthenticators: true}
Session ID: 689b0ab75c27a46d8779f8f9da91b221
	at org.openqa.selenium.remote.http.W3CHttpResponseCodec.createException(W3CHttpResponseCodec.java:187)
	at org.openqa.selenium.remote.http.W3CHttpResponseCodec.decode(W3CHttpResponseCodec.java:122)
	at org.openqa.selenium.remote.http.W3CHttpResponseCodec.decode(W3CHttpResponseCodec.java:49)
	at org.openqa.selenium.remote.HttpCommandExecutor.execute(HttpCommandExecutor.java:158)
	at org.openqa.selenium.remote.service.DriverCommandExecutor.execute(DriverCommandExecutor.java:83)
	at org.openqa.selenium.remote.RemoteWebDriver.execute(RemoteWebDriver.java:552)
	at org.openqa.selenium.remote.RemoteWebDriver.execute(RemoteWebDriver.java:609)
	at org.openqa.selenium.remote.RemoteWebDriver$RemoteWebDriverOptions.deleteAllCookies(RemoteWebDriver.java:694)
	at com.kuda.base.TestBase.setUp(TestBase.java:56)
	at java.util.ArrayList.forEach(ArrayList.java:1259)
... Removed 32 stack frames</div></td></tr></table><p class="totop"><a href="#summary">back to summary</a></p>
<h3 id="m20">com.kuda.testCases.CustomerAccountManagement#editCustomerAccount</h3><table class="result"><tr><th>Exception</th></tr><tr><td><div class="stacktrace">org.openqa.selenium.WebDriverException: chrome not reachable
  (Session info: chrome=85.0.4183.121)
Build info: version: &apos;3.141.59&apos;, revision: &apos;e82be7d358&apos;, time: &apos;2018-11-14T08:17:03&apos;
System info: host: &apos;DESKTOP-D068G7Q&apos;, ip: &apos;192.168.43.200&apos;, os.name: &apos;Windows 10&apos;, os.arch: &apos;amd64&apos;, os.version: &apos;10.0&apos;, java.version: &apos;1.8.0_261&apos;
Driver info: org.openqa.selenium.chrome.ChromeDriver
Capabilities {acceptInsecureCerts: false, browserName: chrome, browserVersion: 85.0.4183.121, chrome: {chromedriverVersion: 85.0.4183.87 (cd6713ebf92fa..., userDataDir: C:\Users\Gbenga\AppData\Loc...}, goog:chromeOptions: {debuggerAddress: localhost:53389}, javascriptEnabled: true, networkConnectionEnabled: false, pageLoadStrategy: normal, platform: WINDOWS, platformName: WINDOWS, proxy: Proxy(), setWindowRect: true, strictFileInteractability: false, timeouts: {implicit: 0, pageLoad: 300000, script: 30000}, unhandledPromptBehavior: dismiss and notify, webauthn:virtualAuthenticators: true}
Session ID: 689b0ab75c27a46d8779f8f9da91b221
	at org.openqa.selenium.remote.http.W3CHttpResponseCodec.createException(W3CHttpResponseCodec.java:187)
	at org.openqa.selenium.remote.http.W3CHttpResponseCodec.decode(W3CHttpResponseCodec.java:122)
	at org.openqa.selenium.remote.http.W3CHttpResponseCodec.decode(W3CHttpResponseCodec.java:49)
	at org.openqa.selenium.remote.HttpCommandExecutor.execute(HttpCommandExecutor.java:158)
	at org.openqa.selenium.remote.service.DriverCommandExecutor.execute(DriverCommandExecutor.java:83)
	at org.openqa.selenium.remote.RemoteWebDriver.execute(RemoteWebDriver.java:552)
	at org.openqa.selenium.remote.RemoteWebDriver.execute(RemoteWebDriver.java:609)
	at org.openqa.selenium.remote.RemoteWebDriver$RemoteWebDriverOptions.deleteAllCookies(RemoteWebDriver.java:694)
	at com.kuda.base.TestBase.setUp(TestBase.java:56)
	at java.util.ArrayList.forEach(ArrayList.java:1259)
... Removed 32 stack frames</div></td></tr></table><p class="totop"><a href="#summary">back to summary</a></p>
<h3 id="m21">com.kuda.testCases.CustomerAccountManagement#searchByAccountEmail</h3><table class="result"><tr><th>Exception</th></tr><tr><td><div class="stacktrace">org.openqa.selenium.WebDriverException: chrome not reachable
  (Session info: chrome=85.0.4183.121)
Build info: version: &apos;3.141.59&apos;, revision: &apos;e82be7d358&apos;, time: &apos;2018-11-14T08:17:03&apos;
System info: host: &apos;DESKTOP-D068G7Q&apos;, ip: &apos;192.168.43.200&apos;, os.name: &apos;Windows 10&apos;, os.arch: &apos;amd64&apos;, os.version: &apos;10.0&apos;, java.version: &apos;1.8.0_261&apos;
Driver info: org.openqa.selenium.chrome.ChromeDriver
Capabilities {acceptInsecureCerts: false, browserName: chrome, browserVersion: 85.0.4183.121, chrome: {chromedriverVersion: 85.0.4183.87 (cd6713ebf92fa..., userDataDir: C:\Users\Gbenga\AppData\Loc...}, goog:chromeOptions: {debuggerAddress: localhost:53389}, javascriptEnabled: true, networkConnectionEnabled: false, pageLoadStrategy: normal, platform: WINDOWS, platformName: WINDOWS, proxy: Proxy(), setWindowRect: true, strictFileInteractability: false, timeouts: {implicit: 0, pageLoad: 300000, script: 30000}, unhandledPromptBehavior: dismiss and notify, webauthn:virtualAuthenticators: true}
Session ID: 689b0ab75c27a46d8779f8f9da91b221
	at org.openqa.selenium.remote.http.W3CHttpResponseCodec.createException(W3CHttpResponseCodec.java:187)
	at org.openqa.selenium.remote.http.W3CHttpResponseCodec.decode(W3CHttpResponseCodec.java:122)
	at org.openqa.selenium.remote.http.W3CHttpResponseCodec.decode(W3CHttpResponseCodec.java:49)
	at org.openqa.selenium.remote.HttpCommandExecutor.execute(HttpCommandExecutor.java:158)
	at org.openqa.selenium.remote.service.DriverCommandExecutor.execute(DriverCommandExecutor.java:83)
	at org.openqa.selenium.remote.RemoteWebDriver.execute(RemoteWebDriver.java:552)
	at org.openqa.selenium.remote.RemoteWebDriver.execute(RemoteWebDriver.java:609)
	at org.openqa.selenium.remote.RemoteWebDriver$RemoteWebDriverOptions.deleteAllCookies(RemoteWebDriver.java:694)
	at com.kuda.base.TestBase.setUp(TestBase.java:56)
	at java.util.ArrayList.forEach(ArrayList.java:1259)
... Removed 32 stack frames</div></td></tr></table><p class="totop"><a href="#summary">back to summary</a></p>
<h3 id="m22">com.kuda.testCases.CustomerAccountManagement#searchByAccountName</h3><table class="result"><tr><th>Exception</th></tr><tr><td><div class="stacktrace">org.openqa.selenium.WebDriverException: chrome not reachable
  (Session info: chrome=85.0.4183.121)
Build info: version: &apos;3.141.59&apos;, revision: &apos;e82be7d358&apos;, time: &apos;2018-11-14T08:17:03&apos;
System info: host: &apos;DESKTOP-D068G7Q&apos;, ip: &apos;192.168.43.200&apos;, os.name: &apos;Windows 10&apos;, os.arch: &apos;amd64&apos;, os.version: &apos;10.0&apos;, java.version: &apos;1.8.0_261&apos;
Driver info: org.openqa.selenium.chrome.ChromeDriver
Capabilities {acceptInsecureCerts: false, browserName: chrome, browserVersion: 85.0.4183.121, chrome: {chromedriverVersion: 85.0.4183.87 (cd6713ebf92fa..., userDataDir: C:\Users\Gbenga\AppData\Loc...}, goog:chromeOptions: {debuggerAddress: localhost:53389}, javascriptEnabled: true, networkConnectionEnabled: false, pageLoadStrategy: normal, platform: WINDOWS, platformName: WINDOWS, proxy: Proxy(), setWindowRect: true, strictFileInteractability: false, timeouts: {implicit: 0, pageLoad: 300000, script: 30000}, unhandledPromptBehavior: dismiss and notify, webauthn:virtualAuthenticators: true}
Session ID: 689b0ab75c27a46d8779f8f9da91b221
	at org.openqa.selenium.remote.http.W3CHttpResponseCodec.createException(W3CHttpResponseCodec.java:187)
	at org.openqa.selenium.remote.http.W3CHttpResponseCodec.decode(W3CHttpResponseCodec.java:122)
	at org.openqa.selenium.remote.http.W3CHttpResponseCodec.decode(W3CHttpResponseCodec.java:49)
	at org.openqa.selenium.remote.HttpCommandExecutor.execute(HttpCommandExecutor.java:158)
	at org.openqa.selenium.remote.service.DriverCommandExecutor.execute(DriverCommandExecutor.java:83)
	at org.openqa.selenium.remote.RemoteWebDriver.execute(RemoteWebDriver.java:552)
	at org.openqa.selenium.remote.RemoteWebDriver.execute(RemoteWebDriver.java:609)
	at org.openqa.selenium.remote.RemoteWebDriver$RemoteWebDriverOptions.deleteAllCookies(RemoteWebDriver.java:694)
	at com.kuda.base.TestBase.setUp(TestBase.java:56)
	at java.util.ArrayList.forEach(ArrayList.java:1259)
... Removed 32 stack frames</div></td></tr></table><p class="totop"><a href="#summary">back to summary</a></p>
<h3 id="m23">com.kuda.testCases.CustomerAccountManagement#searchByAccountNumber</h3><table class="result"><tr><th>Exception</th></tr><tr><td><div class="stacktrace">org.openqa.selenium.WebDriverException: chrome not reachable
  (Session info: chrome=85.0.4183.121)
Build info: version: &apos;3.141.59&apos;, revision: &apos;e82be7d358&apos;, time: &apos;2018-11-14T08:17:03&apos;
System info: host: &apos;DESKTOP-D068G7Q&apos;, ip: &apos;192.168.43.200&apos;, os.name: &apos;Windows 10&apos;, os.arch: &apos;amd64&apos;, os.version: &apos;10.0&apos;, java.version: &apos;1.8.0_261&apos;
Driver info: org.openqa.selenium.chrome.ChromeDriver
Capabilities {acceptInsecureCerts: false, browserName: chrome, browserVersion: 85.0.4183.121, chrome: {chromedriverVersion: 85.0.4183.87 (cd6713ebf92fa..., userDataDir: C:\Users\Gbenga\AppData\Loc...}, goog:chromeOptions: {debuggerAddress: localhost:53389}, javascriptEnabled: true, networkConnectionEnabled: false, pageLoadStrategy: normal, platform: WINDOWS, platformName: WINDOWS, proxy: Proxy(), setWindowRect: true, strictFileInteractability: false, timeouts: {implicit: 0, pageLoad: 300000, script: 30000}, unhandledPromptBehavior: dismiss and notify, webauthn:virtualAuthenticators: true}
Session ID: 689b0ab75c27a46d8779f8f9da91b221
	at org.openqa.selenium.remote.http.W3CHttpResponseCodec.createException(W3CHttpResponseCodec.java:187)
	at org.openqa.selenium.remote.http.W3CHttpResponseCodec.decode(W3CHttpResponseCodec.java:122)
	at org.openqa.selenium.remote.http.W3CHttpResponseCodec.decode(W3CHttpResponseCodec.java:49)
	at org.openqa.selenium.remote.HttpCommandExecutor.execute(HttpCommandExecutor.java:158)
	at org.openqa.selenium.remote.service.DriverCommandExecutor.execute(DriverCommandExecutor.java:83)
	at org.openqa.selenium.remote.RemoteWebDriver.execute(RemoteWebDriver.java:552)
	at org.openqa.selenium.remote.RemoteWebDriver.execute(RemoteWebDriver.java:609)
	at org.openqa.selenium.remote.RemoteWebDriver$RemoteWebDriverOptions.deleteAllCookies(RemoteWebDriver.java:694)
	at com.kuda.base.TestBase.setUp(TestBase.java:56)
	at java.util.ArrayList.forEach(ArrayList.java:1259)
... Removed 32 stack frames</div></td></tr></table><p class="totop"><a href="#summary">back to summary</a></p>
<h3 id="m24">com.kuda.testCases.CustomerAccountManagement#viewAccountBalance</h3><table class="result"><tr><th>Exception</th></tr><tr><td><div class="stacktrace">org.openqa.selenium.WebDriverException: chrome not reachable
  (Session info: chrome=85.0.4183.121)
Build info: version: &apos;3.141.59&apos;, revision: &apos;e82be7d358&apos;, time: &apos;2018-11-14T08:17:03&apos;
System info: host: &apos;DESKTOP-D068G7Q&apos;, ip: &apos;192.168.43.200&apos;, os.name: &apos;Windows 10&apos;, os.arch: &apos;amd64&apos;, os.version: &apos;10.0&apos;, java.version: &apos;1.8.0_261&apos;
Driver info: org.openqa.selenium.chrome.ChromeDriver
Capabilities {acceptInsecureCerts: false, browserName: chrome, browserVersion: 85.0.4183.121, chrome: {chromedriverVersion: 85.0.4183.87 (cd6713ebf92fa..., userDataDir: C:\Users\Gbenga\AppData\Loc...}, goog:chromeOptions: {debuggerAddress: localhost:53389}, javascriptEnabled: true, networkConnectionEnabled: false, pageLoadStrategy: normal, platform: WINDOWS, platformName: WINDOWS, proxy: Proxy(), setWindowRect: true, strictFileInteractability: false, timeouts: {implicit: 0, pageLoad: 300000, script: 30000}, unhandledPromptBehavior: dismiss and notify, webauthn:virtualAuthenticators: true}
Session ID: 689b0ab75c27a46d8779f8f9da91b221
	at org.openqa.selenium.remote.http.W3CHttpResponseCodec.createException(W3CHttpResponseCodec.java:187)
	at org.openqa.selenium.remote.http.W3CHttpResponseCodec.decode(W3CHttpResponseCodec.java:122)
	at org.openqa.selenium.remote.http.W3CHttpResponseCodec.decode(W3CHttpResponseCodec.java:49)
	at org.openqa.selenium.remote.HttpCommandExecutor.execute(HttpCommandExecutor.java:158)
	at org.openqa.selenium.remote.service.DriverCommandExecutor.execute(DriverCommandExecutor.java:83)
	at org.openqa.selenium.remote.RemoteWebDriver.execute(RemoteWebDriver.java:552)
	at org.openqa.selenium.remote.RemoteWebDriver.execute(RemoteWebDriver.java:609)
	at org.openqa.selenium.remote.RemoteWebDriver$RemoteWebDriverOptions.deleteAllCookies(RemoteWebDriver.java:694)
	at com.kuda.base.TestBase.setUp(TestBase.java:56)
	at java.util.ArrayList.forEach(ArrayList.java:1259)
... Removed 32 stack frames</div></td></tr></table><p class="totop"><a href="#summary">back to summary</a></p>
<h3 id="m25">com.kuda.testCases.CustomerAccountManagement#viewCASAccount</h3><table class="result"><tr><th>Exception</th></tr><tr><td><div class="stacktrace">org.openqa.selenium.WebDriverException: chrome not reachable
  (Session info: chrome=85.0.4183.121)
Build info: version: &apos;3.141.59&apos;, revision: &apos;e82be7d358&apos;, time: &apos;2018-11-14T08:17:03&apos;
System info: host: &apos;DESKTOP-D068G7Q&apos;, ip: &apos;192.168.43.200&apos;, os.name: &apos;Windows 10&apos;, os.arch: &apos;amd64&apos;, os.version: &apos;10.0&apos;, java.version: &apos;1.8.0_261&apos;
Driver info: org.openqa.selenium.chrome.ChromeDriver
Capabilities {acceptInsecureCerts: false, browserName: chrome, browserVersion: 85.0.4183.121, chrome: {chromedriverVersion: 85.0.4183.87 (cd6713ebf92fa..., userDataDir: C:\Users\Gbenga\AppData\Loc...}, goog:chromeOptions: {debuggerAddress: localhost:53389}, javascriptEnabled: true, networkConnectionEnabled: false, pageLoadStrategy: normal, platform: WINDOWS, platformName: WINDOWS, proxy: Proxy(), setWindowRect: true, strictFileInteractability: false, timeouts: {implicit: 0, pageLoad: 300000, script: 30000}, unhandledPromptBehavior: dismiss and notify, webauthn:virtualAuthenticators: true}
Session ID: 689b0ab75c27a46d8779f8f9da91b221
	at org.openqa.selenium.remote.http.W3CHttpResponseCodec.createException(W3CHttpResponseCodec.java:187)
	at org.openqa.selenium.remote.http.W3CHttpResponseCodec.decode(W3CHttpResponseCodec.java:122)
	at org.openqa.selenium.remote.http.W3CHttpResponseCodec.decode(W3CHttpResponseCodec.java:49)
	at org.openqa.selenium.remote.HttpCommandExecutor.execute(HttpCommandExecutor.java:158)
	at org.openqa.selenium.remote.service.DriverCommandExecutor.execute(DriverCommandExecutor.java:83)
	at org.openqa.selenium.remote.RemoteWebDriver.execute(RemoteWebDriver.java:552)
	at org.openqa.selenium.remote.RemoteWebDriver.execute(RemoteWebDriver.java:609)
	at org.openqa.selenium.remote.RemoteWebDriver$RemoteWebDriverOptions.deleteAllCookies(RemoteWebDriver.java:694)
	at com.kuda.base.TestBase.setUp(TestBase.java:56)
	at java.util.ArrayList.forEach(ArrayList.java:1259)
... Removed 32 stack frames</div></td></tr></table><p class="totop"><a href="#summary">back to summary</a></p>
<h3 id="m26">com.kuda.testCases.CustomerInfoManagement#createCustomer</h3><table class="result"><tr><th>Exception</th></tr><tr><td><div class="stacktrace">org.openqa.selenium.SessionNotCreatedException: session not created
from disconnected: received Inspector.detached event
  (Session info: chrome=85.0.4183.121)
Build info: version: &apos;3.141.59&apos;, revision: &apos;e82be7d358&apos;, time: &apos;2018-11-14T08:17:03&apos;
System info: host: &apos;DESKTOP-D068G7Q&apos;, ip: &apos;192.168.43.200&apos;, os.name: &apos;Windows 10&apos;, os.arch: &apos;amd64&apos;, os.version: &apos;10.0&apos;, java.version: &apos;1.8.0_261&apos;
Driver info: driver.version: ChromeDriver
remote stacktrace: Backtrace:
	Ordinal0 [0x00BAD383+3134339]
	Ordinal0 [0x00A9A171+2007409]
	Ordinal0 [0x0093AEE8+569064]
	Ordinal0 [0x0092FCDD+523485]
	Ordinal0 [0x0092F9E9+522729]
	Ordinal0 [0x0092F0FA+520442]
	Ordinal0 [0x0092E542+517442]
	Ordinal0 [0x0092E935+518453]
	Ordinal0 [0x0092E265+516709]
	Ordinal0 [0x00933C7C+539772]
	Ordinal0 [0x0092E214+516628]
	Ordinal0 [0x0092EF25+519973]
	Ordinal0 [0x0092E542+517442]
	Ordinal0 [0x0092E935+518453]
	Ordinal0 [0x0092E265+516709]
	Ordinal0 [0x00932F37+536375]
	Ordinal0 [0x0092E214+516628]
	Ordinal0 [0x0092EF25+519973]
	Ordinal0 [0x0092E542+517442]
	Ordinal0 [0x0092E935+518453]
	Ordinal0 [0x0092E265+516709]
	Ordinal0 [0x0092AB7C+502652]
	Ordinal0 [0x0092E214+516628]
	Ordinal0 [0x0092DF81+515969]
	Ordinal0 [0x0093BF70+573296]
	Ordinal0 [0x008E1916+203030]
	Ordinal0 [0x008E0C1D+199709]
	Ordinal0 [0x008DEB0B+191243]
	Ordinal0 [0x008C2E77+77431]
	Ordinal0 [0x008C3E3E+81470]
	Ordinal0 [0x008C3DC9+81353]
	Ordinal0 [0x00AB0CD9+2100441]
	GetHandleVerifier [0x00D1B75A+1396954]
	GetHandleVerifier [0x00D1B3D9+1396057]
	GetHandleVerifier [0x00D27126+1444518]
	GetHandleVerifier [0x00D1BCE8+1398376]
	Ordinal0 [0x00AA7F51+2064209]
	Ordinal0 [0x00AB22EB+2106091]
	Ordinal0 [0x00AB2411+2106385]
	Ordinal0 [0x00AC49C4+2181572]
	BaseThreadInitThunk [0x77A96359+25]
	RtlGetAppContainerNamedObjectPath [0x77DD7C24+228]
	RtlGetAppContainerNamedObjectPath [0x77DD7BF4+180]

	at org.openqa.selenium.remote.W3CHandshakeResponse.lambda$errorHandler$0(W3CHandshakeResponse.java:62)
	at org.openqa.selenium.remote.HandshakeResponse.lambda$getResponseFunction$0(HandshakeResponse.java:30)
	at org.openqa.selenium.remote.ProtocolHandshake.lambda$createSession$0(ProtocolHandshake.java:126)
	at java.util.stream.ReferencePipeline$3$1.accept(ReferencePipeline.java:193)
	at java.util.Spliterators$ArraySpliterator.tryAdvance(Spliterators.java:958)
	at java.util.stream.ReferencePipeline.forEachWithCancel(ReferencePipeline.java:126)
	at java.util.stream.AbstractPipeline.copyIntoWithCancel(AbstractPipeline.java:499)
	at java.util.stream.AbstractPipeline.copyInto(AbstractPipeline.java:486)
	at java.util.stream.AbstractPipeline.wrapAndCopyInto(AbstractPipeline.java:472)
	at java.util.stream.FindOps$FindOp.evaluateSequential(FindOps.java:152)
	at java.util.stream.AbstractPipeline.evaluate(AbstractPipeline.java:234)
	at java.util.stream.ReferencePipeline.findFirst(ReferencePipeline.java:464)
	at org.openqa.selenium.remote.ProtocolHandshake.createSession(ProtocolHandshake.java:128)
	at org.openqa.selenium.remote.ProtocolHandshake.createSession(ProtocolHandshake.java:74)
	at org.openqa.selenium.remote.HttpCommandExecutor.execute(HttpCommandExecutor.java:136)
	at org.openqa.selenium.remote.service.DriverCommandExecutor.execute(DriverCommandExecutor.java:83)
	at org.openqa.selenium.remote.RemoteWebDriver.execute(RemoteWebDriver.java:552)
	at org.openqa.selenium.remote.RemoteWebDriver.startSession(RemoteWebDriver.java:213)
	at org.openqa.selenium.remote.RemoteWebDriver.&lt;init&gt;(RemoteWebDriver.java:131)
	at org.openqa.selenium.chrome.ChromeDriver.&lt;init&gt;(ChromeDriver.java:181)
	at org.openqa.selenium.chrome.ChromeDriver.&lt;init&gt;(ChromeDriver.java:168)
	at org.openqa.selenium.chrome.ChromeDriver.&lt;init&gt;(ChromeDriver.java:123)
	at com.kuda.base.TestBase.setUp(TestBase.java:30)
	at java.util.ArrayList.forEach(ArrayList.java:1259)
... Removed 32 stack frames</div></td></tr></table><p class="totop"><a href="#summary">back to summary</a></p>
<h3 id="m27">com.kuda.testCases.CustomerInfoManagement#searchByCustomerEmail</h3><table class="result"><tr><th>Exception</th></tr><tr><td><div class="stacktrace">org.openqa.selenium.SessionNotCreatedException: session not created
from disconnected: received Inspector.detached event
  (Session info: chrome=85.0.4183.121)
Build info: version: &apos;3.141.59&apos;, revision: &apos;e82be7d358&apos;, time: &apos;2018-11-14T08:17:03&apos;
System info: host: &apos;DESKTOP-D068G7Q&apos;, ip: &apos;192.168.43.200&apos;, os.name: &apos;Windows 10&apos;, os.arch: &apos;amd64&apos;, os.version: &apos;10.0&apos;, java.version: &apos;1.8.0_261&apos;
Driver info: driver.version: ChromeDriver
remote stacktrace: Backtrace:
	Ordinal0 [0x00BAD383+3134339]
	Ordinal0 [0x00A9A171+2007409]
	Ordinal0 [0x0093AEE8+569064]
	Ordinal0 [0x0092FCDD+523485]
	Ordinal0 [0x0092F9E9+522729]
	Ordinal0 [0x0092F0FA+520442]
	Ordinal0 [0x0092E542+517442]
	Ordinal0 [0x0092E935+518453]
	Ordinal0 [0x0092E265+516709]
	Ordinal0 [0x00933C7C+539772]
	Ordinal0 [0x0092E214+516628]
	Ordinal0 [0x0092EF25+519973]
	Ordinal0 [0x0092E542+517442]
	Ordinal0 [0x0092E935+518453]
	Ordinal0 [0x0092E265+516709]
	Ordinal0 [0x00932F37+536375]
	Ordinal0 [0x0092E214+516628]
	Ordinal0 [0x0092EF25+519973]
	Ordinal0 [0x0092E542+517442]
	Ordinal0 [0x0092E935+518453]
	Ordinal0 [0x0092E265+516709]
	Ordinal0 [0x0092AB7C+502652]
	Ordinal0 [0x0092E214+516628]
	Ordinal0 [0x0092DF81+515969]
	Ordinal0 [0x0093BF70+573296]
	Ordinal0 [0x008E1916+203030]
	Ordinal0 [0x008E0C1D+199709]
	Ordinal0 [0x008DEB0B+191243]
	Ordinal0 [0x008C2E77+77431]
	Ordinal0 [0x008C3E3E+81470]
	Ordinal0 [0x008C3DC9+81353]
	Ordinal0 [0x00AB0CD9+2100441]
	GetHandleVerifier [0x00D1B75A+1396954]
	GetHandleVerifier [0x00D1B3D9+1396057]
	GetHandleVerifier [0x00D27126+1444518]
	GetHandleVerifier [0x00D1BCE8+1398376]
	Ordinal0 [0x00AA7F51+2064209]
	Ordinal0 [0x00AB22EB+2106091]
	Ordinal0 [0x00AB2411+2106385]
	Ordinal0 [0x00AC49C4+2181572]
	BaseThreadInitThunk [0x77A96359+25]
	RtlGetAppContainerNamedObjectPath [0x77DD7C24+228]
	RtlGetAppContainerNamedObjectPath [0x77DD7BF4+180]

	at org.openqa.selenium.remote.W3CHandshakeResponse.lambda$errorHandler$0(W3CHandshakeResponse.java:62)
	at org.openqa.selenium.remote.HandshakeResponse.lambda$getResponseFunction$0(HandshakeResponse.java:30)
	at org.openqa.selenium.remote.ProtocolHandshake.lambda$createSession$0(ProtocolHandshake.java:126)
	at java.util.stream.ReferencePipeline$3$1.accept(ReferencePipeline.java:193)
	at java.util.Spliterators$ArraySpliterator.tryAdvance(Spliterators.java:958)
	at java.util.stream.ReferencePipeline.forEachWithCancel(ReferencePipeline.java:126)
	at java.util.stream.AbstractPipeline.copyIntoWithCancel(AbstractPipeline.java:499)
	at java.util.stream.AbstractPipeline.copyInto(AbstractPipeline.java:486)
	at java.util.stream.AbstractPipeline.wrapAndCopyInto(AbstractPipeline.java:472)
	at java.util.stream.FindOps$FindOp.evaluateSequential(FindOps.java:152)
	at java.util.stream.AbstractPipeline.evaluate(AbstractPipeline.java:234)
	at java.util.stream.ReferencePipeline.findFirst(ReferencePipeline.java:464)
	at org.openqa.selenium.remote.ProtocolHandshake.createSession(ProtocolHandshake.java:128)
	at org.openqa.selenium.remote.ProtocolHandshake.createSession(ProtocolHandshake.java:74)
	at org.openqa.selenium.remote.HttpCommandExecutor.execute(HttpCommandExecutor.java:136)
	at org.openqa.selenium.remote.service.DriverCommandExecutor.execute(DriverCommandExecutor.java:83)
	at org.openqa.selenium.remote.RemoteWebDriver.execute(RemoteWebDriver.java:552)
	at org.openqa.selenium.remote.RemoteWebDriver.startSession(RemoteWebDriver.java:213)
	at org.openqa.selenium.remote.RemoteWebDriver.&lt;init&gt;(RemoteWebDriver.java:131)
	at org.openqa.selenium.chrome.ChromeDriver.&lt;init&gt;(ChromeDriver.java:181)
	at org.openqa.selenium.chrome.ChromeDriver.&lt;init&gt;(ChromeDriver.java:168)
	at org.openqa.selenium.chrome.ChromeDriver.&lt;init&gt;(ChromeDriver.java:123)
	at com.kuda.base.TestBase.setUp(TestBase.java:30)
	at java.util.ArrayList.forEach(ArrayList.java:1259)
... Removed 32 stack frames</div></td></tr></table><p class="totop"><a href="#summary">back to summary</a></p>
<h3 id="m28">com.kuda.testCases.CustomerInfoManagement#searchCustomerById</h3><table class="result"><tr><th>Exception</th></tr><tr><td><div class="stacktrace">org.openqa.selenium.SessionNotCreatedException: session not created
from disconnected: received Inspector.detached event
  (Session info: chrome=85.0.4183.121)
Build info: version: &apos;3.141.59&apos;, revision: &apos;e82be7d358&apos;, time: &apos;2018-11-14T08:17:03&apos;
System info: host: &apos;DESKTOP-D068G7Q&apos;, ip: &apos;192.168.43.200&apos;, os.name: &apos;Windows 10&apos;, os.arch: &apos;amd64&apos;, os.version: &apos;10.0&apos;, java.version: &apos;1.8.0_261&apos;
Driver info: driver.version: ChromeDriver
remote stacktrace: Backtrace:
	Ordinal0 [0x00BAD383+3134339]
	Ordinal0 [0x00A9A171+2007409]
	Ordinal0 [0x0093AEE8+569064]
	Ordinal0 [0x0092FCDD+523485]
	Ordinal0 [0x0092F9E9+522729]
	Ordinal0 [0x0092F0FA+520442]
	Ordinal0 [0x0092E542+517442]
	Ordinal0 [0x0092E935+518453]
	Ordinal0 [0x0092E265+516709]
	Ordinal0 [0x00933C7C+539772]
	Ordinal0 [0x0092E214+516628]
	Ordinal0 [0x0092EF25+519973]
	Ordinal0 [0x0092E542+517442]
	Ordinal0 [0x0092E935+518453]
	Ordinal0 [0x0092E265+516709]
	Ordinal0 [0x00932F37+536375]
	Ordinal0 [0x0092E214+516628]
	Ordinal0 [0x0092EF25+519973]
	Ordinal0 [0x0092E542+517442]
	Ordinal0 [0x0092E935+518453]
	Ordinal0 [0x0092E265+516709]
	Ordinal0 [0x0092AB7C+502652]
	Ordinal0 [0x0092E214+516628]
	Ordinal0 [0x0092DF81+515969]
	Ordinal0 [0x0093BF70+573296]
	Ordinal0 [0x008E1916+203030]
	Ordinal0 [0x008E0C1D+199709]
	Ordinal0 [0x008DEB0B+191243]
	Ordinal0 [0x008C2E77+77431]
	Ordinal0 [0x008C3E3E+81470]
	Ordinal0 [0x008C3DC9+81353]
	Ordinal0 [0x00AB0CD9+2100441]
	GetHandleVerifier [0x00D1B75A+1396954]
	GetHandleVerifier [0x00D1B3D9+1396057]
	GetHandleVerifier [0x00D27126+1444518]
	GetHandleVerifier [0x00D1BCE8+1398376]
	Ordinal0 [0x00AA7F51+2064209]
	Ordinal0 [0x00AB22EB+2106091]
	Ordinal0 [0x00AB2411+2106385]
	Ordinal0 [0x00AC49C4+2181572]
	BaseThreadInitThunk [0x77A96359+25]
	RtlGetAppContainerNamedObjectPath [0x77DD7C24+228]
	RtlGetAppContainerNamedObjectPath [0x77DD7BF4+180]

	at org.openqa.selenium.remote.W3CHandshakeResponse.lambda$errorHandler$0(W3CHandshakeResponse.java:62)
	at org.openqa.selenium.remote.HandshakeResponse.lambda$getResponseFunction$0(HandshakeResponse.java:30)
	at org.openqa.selenium.remote.ProtocolHandshake.lambda$createSession$0(ProtocolHandshake.java:126)
	at java.util.stream.ReferencePipeline$3$1.accept(ReferencePipeline.java:193)
	at java.util.Spliterators$ArraySpliterator.tryAdvance(Spliterators.java:958)
	at java.util.stream.ReferencePipeline.forEachWithCancel(ReferencePipeline.java:126)
	at java.util.stream.AbstractPipeline.copyIntoWithCancel(AbstractPipeline.java:499)
	at java.util.stream.AbstractPipeline.copyInto(AbstractPipeline.java:486)
	at java.util.stream.AbstractPipeline.wrapAndCopyInto(AbstractPipeline.java:472)
	at java.util.stream.FindOps$FindOp.evaluateSequential(FindOps.java:152)
	at java.util.stream.AbstractPipeline.evaluate(AbstractPipeline.java:234)
	at java.util.stream.ReferencePipeline.findFirst(ReferencePipeline.java:464)
	at org.openqa.selenium.remote.ProtocolHandshake.createSession(ProtocolHandshake.java:128)
	at org.openqa.selenium.remote.ProtocolHandshake.createSession(ProtocolHandshake.java:74)
	at org.openqa.selenium.remote.HttpCommandExecutor.execute(HttpCommandExecutor.java:136)
	at org.openqa.selenium.remote.service.DriverCommandExecutor.execute(DriverCommandExecutor.java:83)
	at org.openqa.selenium.remote.RemoteWebDriver.execute(RemoteWebDriver.java:552)
	at org.openqa.selenium.remote.RemoteWebDriver.startSession(RemoteWebDriver.java:213)
	at org.openqa.selenium.remote.RemoteWebDriver.&lt;init&gt;(RemoteWebDriver.java:131)
	at org.openqa.selenium.chrome.ChromeDriver.&lt;init&gt;(ChromeDriver.java:181)
	at org.openqa.selenium.chrome.ChromeDriver.&lt;init&gt;(ChromeDriver.java:168)
	at org.openqa.selenium.chrome.ChromeDriver.&lt;init&gt;(ChromeDriver.java:123)
	at com.kuda.base.TestBase.setUp(TestBase.java:30)
	at java.util.ArrayList.forEach(ArrayList.java:1259)
... Removed 32 stack frames</div></td></tr></table><p class="totop"><a href="#summary">back to summary</a></p>
<h3 id="m29">com.kuda.testCases.CustomerInfoManagement#searchCustomerByName</h3><table class="result"><tr><th>Exception</th></tr><tr><td><div class="stacktrace">org.openqa.selenium.SessionNotCreatedException: session not created
from disconnected: received Inspector.detached event
  (Session info: chrome=85.0.4183.121)
Build info: version: &apos;3.141.59&apos;, revision: &apos;e82be7d358&apos;, time: &apos;2018-11-14T08:17:03&apos;
System info: host: &apos;DESKTOP-D068G7Q&apos;, ip: &apos;192.168.43.200&apos;, os.name: &apos;Windows 10&apos;, os.arch: &apos;amd64&apos;, os.version: &apos;10.0&apos;, java.version: &apos;1.8.0_261&apos;
Driver info: driver.version: ChromeDriver
remote stacktrace: Backtrace:
	Ordinal0 [0x00BAD383+3134339]
	Ordinal0 [0x00A9A171+2007409]
	Ordinal0 [0x0093AEE8+569064]
	Ordinal0 [0x0092FCDD+523485]
	Ordinal0 [0x0092F9E9+522729]
	Ordinal0 [0x0092F0FA+520442]
	Ordinal0 [0x0092E542+517442]
	Ordinal0 [0x0092E935+518453]
	Ordinal0 [0x0092E265+516709]
	Ordinal0 [0x00933C7C+539772]
	Ordinal0 [0x0092E214+516628]
	Ordinal0 [0x0092EF25+519973]
	Ordinal0 [0x0092E542+517442]
	Ordinal0 [0x0092E935+518453]
	Ordinal0 [0x0092E265+516709]
	Ordinal0 [0x00932F37+536375]
	Ordinal0 [0x0092E214+516628]
	Ordinal0 [0x0092EF25+519973]
	Ordinal0 [0x0092E542+517442]
	Ordinal0 [0x0092E935+518453]
	Ordinal0 [0x0092E265+516709]
	Ordinal0 [0x0092AB7C+502652]
	Ordinal0 [0x0092E214+516628]
	Ordinal0 [0x0092DF81+515969]
	Ordinal0 [0x0093BF70+573296]
	Ordinal0 [0x008E1916+203030]
	Ordinal0 [0x008E0C1D+199709]
	Ordinal0 [0x008DEB0B+191243]
	Ordinal0 [0x008C2E77+77431]
	Ordinal0 [0x008C3E3E+81470]
	Ordinal0 [0x008C3DC9+81353]
	Ordinal0 [0x00AB0CD9+2100441]
	GetHandleVerifier [0x00D1B75A+1396954]
	GetHandleVerifier [0x00D1B3D9+1396057]
	GetHandleVerifier [0x00D27126+1444518]
	GetHandleVerifier [0x00D1BCE8+1398376]
	Ordinal0 [0x00AA7F51+2064209]
	Ordinal0 [0x00AB22EB+2106091]
	Ordinal0 [0x00AB2411+2106385]
	Ordinal0 [0x00AC49C4+2181572]
	BaseThreadInitThunk [0x77A96359+25]
	RtlGetAppContainerNamedObjectPath [0x77DD7C24+228]
	RtlGetAppContainerNamedObjectPath [0x77DD7BF4+180]

	at org.openqa.selenium.remote.W3CHandshakeResponse.lambda$errorHandler$0(W3CHandshakeResponse.java:62)
	at org.openqa.selenium.remote.HandshakeResponse.lambda$getResponseFunction$0(HandshakeResponse.java:30)
	at org.openqa.selenium.remote.ProtocolHandshake.lambda$createSession$0(ProtocolHandshake.java:126)
	at java.util.stream.ReferencePipeline$3$1.accept(ReferencePipeline.java:193)
	at java.util.Spliterators$ArraySpliterator.tryAdvance(Spliterators.java:958)
	at java.util.stream.ReferencePipeline.forEachWithCancel(ReferencePipeline.java:126)
	at java.util.stream.AbstractPipeline.copyIntoWithCancel(AbstractPipeline.java:499)
	at java.util.stream.AbstractPipeline.copyInto(AbstractPipeline.java:486)
	at java.util.stream.AbstractPipeline.wrapAndCopyInto(AbstractPipeline.java:472)
	at java.util.stream.FindOps$FindOp.evaluateSequential(FindOps.java:152)
	at java.util.stream.AbstractPipeline.evaluate(AbstractPipeline.java:234)
	at java.util.stream.ReferencePipeline.findFirst(ReferencePipeline.java:464)
	at org.openqa.selenium.remote.ProtocolHandshake.createSession(ProtocolHandshake.java:128)
	at org.openqa.selenium.remote.ProtocolHandshake.createSession(ProtocolHandshake.java:74)
	at org.openqa.selenium.remote.HttpCommandExecutor.execute(HttpCommandExecutor.java:136)
	at org.openqa.selenium.remote.service.DriverCommandExecutor.execute(DriverCommandExecutor.java:83)
	at org.openqa.selenium.remote.RemoteWebDriver.execute(RemoteWebDriver.java:552)
	at org.openqa.selenium.remote.RemoteWebDriver.startSession(RemoteWebDriver.java:213)
	at org.openqa.selenium.remote.RemoteWebDriver.&lt;init&gt;(RemoteWebDriver.java:131)
	at org.openqa.selenium.chrome.ChromeDriver.&lt;init&gt;(ChromeDriver.java:181)
	at org.openqa.selenium.chrome.ChromeDriver.&lt;init&gt;(ChromeDriver.java:168)
	at org.openqa.selenium.chrome.ChromeDriver.&lt;init&gt;(ChromeDriver.java:123)
	at com.kuda.base.TestBase.setUp(TestBase.java:30)
	at java.util.ArrayList.forEach(ArrayList.java:1259)
... Removed 32 stack frames</div></td></tr></table><p class="totop"><a href="#summary">back to summary</a></p>
<h3 id="m30">com.kuda.testCases.CustomerInfoManagement#viewCustomers</h3><table class="result"><tr><th>Exception</th></tr><tr><td><div class="stacktrace">org.openqa.selenium.SessionNotCreatedException: session not created
from disconnected: received Inspector.detached event
  (Session info: chrome=85.0.4183.121)
Build info: version: &apos;3.141.59&apos;, revision: &apos;e82be7d358&apos;, time: &apos;2018-11-14T08:17:03&apos;
System info: host: &apos;DESKTOP-D068G7Q&apos;, ip: &apos;192.168.43.200&apos;, os.name: &apos;Windows 10&apos;, os.arch: &apos;amd64&apos;, os.version: &apos;10.0&apos;, java.version: &apos;1.8.0_261&apos;
Driver info: driver.version: ChromeDriver
remote stacktrace: Backtrace:
	Ordinal0 [0x00BAD383+3134339]
	Ordinal0 [0x00A9A171+2007409]
	Ordinal0 [0x0093AEE8+569064]
	Ordinal0 [0x0092FCDD+523485]
	Ordinal0 [0x0092F9E9+522729]
	Ordinal0 [0x0092F0FA+520442]
	Ordinal0 [0x0092E542+517442]
	Ordinal0 [0x0092E935+518453]
	Ordinal0 [0x0092E265+516709]
	Ordinal0 [0x00933C7C+539772]
	Ordinal0 [0x0092E214+516628]
	Ordinal0 [0x0092EF25+519973]
	Ordinal0 [0x0092E542+517442]
	Ordinal0 [0x0092E935+518453]
	Ordinal0 [0x0092E265+516709]
	Ordinal0 [0x00932F37+536375]
	Ordinal0 [0x0092E214+516628]
	Ordinal0 [0x0092EF25+519973]
	Ordinal0 [0x0092E542+517442]
	Ordinal0 [0x0092E935+518453]
	Ordinal0 [0x0092E265+516709]
	Ordinal0 [0x0092AB7C+502652]
	Ordinal0 [0x0092E214+516628]
	Ordinal0 [0x0092DF81+515969]
	Ordinal0 [0x0093BF70+573296]
	Ordinal0 [0x008E1916+203030]
	Ordinal0 [0x008E0C1D+199709]
	Ordinal0 [0x008DEB0B+191243]
	Ordinal0 [0x008C2E77+77431]
	Ordinal0 [0x008C3E3E+81470]
	Ordinal0 [0x008C3DC9+81353]
	Ordinal0 [0x00AB0CD9+2100441]
	GetHandleVerifier [0x00D1B75A+1396954]
	GetHandleVerifier [0x00D1B3D9+1396057]
	GetHandleVerifier [0x00D27126+1444518]
	GetHandleVerifier [0x00D1BCE8+1398376]
	Ordinal0 [0x00AA7F51+2064209]
	Ordinal0 [0x00AB22EB+2106091]
	Ordinal0 [0x00AB2411+2106385]
	Ordinal0 [0x00AC49C4+2181572]
	BaseThreadInitThunk [0x77A96359+25]
	RtlGetAppContainerNamedObjectPath [0x77DD7C24+228]
	RtlGetAppContainerNamedObjectPath [0x77DD7BF4+180]

	at org.openqa.selenium.remote.W3CHandshakeResponse.lambda$errorHandler$0(W3CHandshakeResponse.java:62)
	at org.openqa.selenium.remote.HandshakeResponse.lambda$getResponseFunction$0(HandshakeResponse.java:30)
	at org.openqa.selenium.remote.ProtocolHandshake.lambda$createSession$0(ProtocolHandshake.java:126)
	at java.util.stream.ReferencePipeline$3$1.accept(ReferencePipeline.java:193)
	at java.util.Spliterators$ArraySpliterator.tryAdvance(Spliterators.java:958)
	at java.util.stream.ReferencePipeline.forEachWithCancel(ReferencePipeline.java:126)
	at java.util.stream.AbstractPipeline.copyIntoWithCancel(AbstractPipeline.java:499)
	at java.util.stream.AbstractPipeline.copyInto(AbstractPipeline.java:486)
	at java.util.stream.AbstractPipeline.wrapAndCopyInto(AbstractPipeline.java:472)
	at java.util.stream.FindOps$FindOp.evaluateSequential(FindOps.java:152)
	at java.util.stream.AbstractPipeline.evaluate(AbstractPipeline.java:234)
	at java.util.stream.ReferencePipeline.findFirst(ReferencePipeline.java:464)
	at org.openqa.selenium.remote.ProtocolHandshake.createSession(ProtocolHandshake.java:128)
	at org.openqa.selenium.remote.ProtocolHandshake.createSession(ProtocolHandshake.java:74)
	at org.openqa.selenium.remote.HttpCommandExecutor.execute(HttpCommandExecutor.java:136)
	at org.openqa.selenium.remote.service.DriverCommandExecutor.execute(DriverCommandExecutor.java:83)
	at org.openqa.selenium.remote.RemoteWebDriver.execute(RemoteWebDriver.java:552)
	at org.openqa.selenium.remote.RemoteWebDriver.startSession(RemoteWebDriver.java:213)
	at org.openqa.selenium.remote.RemoteWebDriver.&lt;init&gt;(RemoteWebDriver.java:131)
	at org.openqa.selenium.chrome.ChromeDriver.&lt;init&gt;(ChromeDriver.java:181)
	at org.openqa.selenium.chrome.ChromeDriver.&lt;init&gt;(ChromeDriver.java:168)
	at org.openqa.selenium.chrome.ChromeDriver.&lt;init&gt;(ChromeDriver.java:123)
	at com.kuda.base.TestBase.setUp(TestBase.java:30)
	at java.util.ArrayList.forEach(ArrayList.java:1259)
... Removed 32 stack frames</div></td></tr></table><p class="totop"><a href="#summary">back to summary</a></p>
<h3 id="m31">com.kuda.testCases.GeneralLedgerManagement#editGeneralLedgerAccount</h3><table class="result"><tr><th>Exception</th></tr><tr><td><div class="stacktrace">org.openqa.selenium.SessionNotCreatedException: session not created
from chrome not reachable
  (Session info: chrome=85.0.4183.121)
Build info: version: &apos;3.141.59&apos;, revision: &apos;e82be7d358&apos;, time: &apos;2018-11-14T08:17:03&apos;
System info: host: &apos;DESKTOP-D068G7Q&apos;, ip: &apos;192.168.43.200&apos;, os.name: &apos;Windows 10&apos;, os.arch: &apos;amd64&apos;, os.version: &apos;10.0&apos;, java.version: &apos;1.8.0_261&apos;
Driver info: driver.version: ChromeDriver
remote stacktrace: Backtrace:
	Ordinal0 [0x00BAD383+3134339]
	Ordinal0 [0x00A9A171+2007409]
	Ordinal0 [0x0093AD90+568720]
	Ordinal0 [0x00931364+529252]
	Ordinal0 [0x009319FC+530940]
	Ordinal0 [0x00932C15+535573]
	Ordinal0 [0x0092DFC5+516037]
	Ordinal0 [0x0093BF70+573296]
	Ordinal0 [0x008E1916+203030]
	Ordinal0 [0x008E0C1D+199709]
	Ordinal0 [0x008DEB0B+191243]
	Ordinal0 [0x008C2E77+77431]
	Ordinal0 [0x008C3E3E+81470]
	Ordinal0 [0x008C3DC9+81353]
	Ordinal0 [0x00AB0CD9+2100441]
	GetHandleVerifier [0x00D1B75A+1396954]
	GetHandleVerifier [0x00D1B3D9+1396057]
	GetHandleVerifier [0x00D27126+1444518]
	GetHandleVerifier [0x00D1BCE8+1398376]
	Ordinal0 [0x00AA7F51+2064209]
	Ordinal0 [0x00AB22EB+2106091]
	Ordinal0 [0x00AB2411+2106385]
	Ordinal0 [0x00AC49C4+2181572]
	BaseThreadInitThunk [0x77A96359+25]
	RtlGetAppContainerNamedObjectPath [0x77DD7C24+228]
	RtlGetAppContainerNamedObjectPath [0x77DD7BF4+180]

	at org.openqa.selenium.remote.W3CHandshakeResponse.lambda$errorHandler$0(W3CHandshakeResponse.java:62)
	at org.openqa.selenium.remote.HandshakeResponse.lambda$getResponseFunction$0(HandshakeResponse.java:30)
	at org.openqa.selenium.remote.ProtocolHandshake.lambda$createSession$0(ProtocolHandshake.java:126)
	at java.util.stream.ReferencePipeline$3$1.accept(ReferencePipeline.java:193)
	at java.util.Spliterators$ArraySpliterator.tryAdvance(Spliterators.java:958)
	at java.util.stream.ReferencePipeline.forEachWithCancel(ReferencePipeline.java:126)
	at java.util.stream.AbstractPipeline.copyIntoWithCancel(AbstractPipeline.java:499)
	at java.util.stream.AbstractPipeline.copyInto(AbstractPipeline.java:486)
	at java.util.stream.AbstractPipeline.wrapAndCopyInto(AbstractPipeline.java:472)
	at java.util.stream.FindOps$FindOp.evaluateSequential(FindOps.java:152)
	at java.util.stream.AbstractPipeline.evaluate(AbstractPipeline.java:234)
	at java.util.stream.ReferencePipeline.findFirst(ReferencePipeline.java:464)
	at org.openqa.selenium.remote.ProtocolHandshake.createSession(ProtocolHandshake.java:128)
	at org.openqa.selenium.remote.ProtocolHandshake.createSession(ProtocolHandshake.java:74)
	at org.openqa.selenium.remote.HttpCommandExecutor.execute(HttpCommandExecutor.java:136)
	at org.openqa.selenium.remote.service.DriverCommandExecutor.execute(DriverCommandExecutor.java:83)
	at org.openqa.selenium.remote.RemoteWebDriver.execute(RemoteWebDriver.java:552)
	at org.openqa.selenium.remote.RemoteWebDriver.startSession(RemoteWebDriver.java:213)
	at org.openqa.selenium.remote.RemoteWebDriver.&lt;init&gt;(RemoteWebDriver.java:131)
	at org.openqa.selenium.chrome.ChromeDriver.&lt;init&gt;(ChromeDriver.java:181)
	at org.openqa.selenium.chrome.ChromeDriver.&lt;init&gt;(ChromeDriver.java:168)
	at org.openqa.selenium.chrome.ChromeDriver.&lt;init&gt;(ChromeDriver.java:123)
	at com.kuda.base.TestBase.setUp(TestBase.java:30)
	at java.util.ArrayList.forEach(ArrayList.java:1259)
... Removed 32 stack frames</div></td></tr></table><p class="totop"><a href="#summary">back to summary</a></p>
<h3 id="m32">com.kuda.testCases.GeneralLedgerManagement#searchGLByCode</h3><table class="result"><tr><th>Exception</th></tr><tr><td><div class="stacktrace">org.openqa.selenium.SessionNotCreatedException: session not created
from chrome not reachable
  (Session info: chrome=85.0.4183.121)
Build info: version: &apos;3.141.59&apos;, revision: &apos;e82be7d358&apos;, time: &apos;2018-11-14T08:17:03&apos;
System info: host: &apos;DESKTOP-D068G7Q&apos;, ip: &apos;192.168.43.200&apos;, os.name: &apos;Windows 10&apos;, os.arch: &apos;amd64&apos;, os.version: &apos;10.0&apos;, java.version: &apos;1.8.0_261&apos;
Driver info: driver.version: ChromeDriver
remote stacktrace: Backtrace:
	Ordinal0 [0x00BAD383+3134339]
	Ordinal0 [0x00A9A171+2007409]
	Ordinal0 [0x0093AD90+568720]
	Ordinal0 [0x00931364+529252]
	Ordinal0 [0x009319FC+530940]
	Ordinal0 [0x00932C15+535573]
	Ordinal0 [0x0092DFC5+516037]
	Ordinal0 [0x0093BF70+573296]
	Ordinal0 [0x008E1916+203030]
	Ordinal0 [0x008E0C1D+199709]
	Ordinal0 [0x008DEB0B+191243]
	Ordinal0 [0x008C2E77+77431]
	Ordinal0 [0x008C3E3E+81470]
	Ordinal0 [0x008C3DC9+81353]
	Ordinal0 [0x00AB0CD9+2100441]
	GetHandleVerifier [0x00D1B75A+1396954]
	GetHandleVerifier [0x00D1B3D9+1396057]
	GetHandleVerifier [0x00D27126+1444518]
	GetHandleVerifier [0x00D1BCE8+1398376]
	Ordinal0 [0x00AA7F51+2064209]
	Ordinal0 [0x00AB22EB+2106091]
	Ordinal0 [0x00AB2411+2106385]
	Ordinal0 [0x00AC49C4+2181572]
	BaseThreadInitThunk [0x77A96359+25]
	RtlGetAppContainerNamedObjectPath [0x77DD7C24+228]
	RtlGetAppContainerNamedObjectPath [0x77DD7BF4+180]

	at org.openqa.selenium.remote.W3CHandshakeResponse.lambda$errorHandler$0(W3CHandshakeResponse.java:62)
	at org.openqa.selenium.remote.HandshakeResponse.lambda$getResponseFunction$0(HandshakeResponse.java:30)
	at org.openqa.selenium.remote.ProtocolHandshake.lambda$createSession$0(ProtocolHandshake.java:126)
	at java.util.stream.ReferencePipeline$3$1.accept(ReferencePipeline.java:193)
	at java.util.Spliterators$ArraySpliterator.tryAdvance(Spliterators.java:958)
	at java.util.stream.ReferencePipeline.forEachWithCancel(ReferencePipeline.java:126)
	at java.util.stream.AbstractPipeline.copyIntoWithCancel(AbstractPipeline.java:499)
	at java.util.stream.AbstractPipeline.copyInto(AbstractPipeline.java:486)
	at java.util.stream.AbstractPipeline.wrapAndCopyInto(AbstractPipeline.java:472)
	at java.util.stream.FindOps$FindOp.evaluateSequential(FindOps.java:152)
	at java.util.stream.AbstractPipeline.evaluate(AbstractPipeline.java:234)
	at java.util.stream.ReferencePipeline.findFirst(ReferencePipeline.java:464)
	at org.openqa.selenium.remote.ProtocolHandshake.createSession(ProtocolHandshake.java:128)
	at org.openqa.selenium.remote.ProtocolHandshake.createSession(ProtocolHandshake.java:74)
	at org.openqa.selenium.remote.HttpCommandExecutor.execute(HttpCommandExecutor.java:136)
	at org.openqa.selenium.remote.service.DriverCommandExecutor.execute(DriverCommandExecutor.java:83)
	at org.openqa.selenium.remote.RemoteWebDriver.execute(RemoteWebDriver.java:552)
	at org.openqa.selenium.remote.RemoteWebDriver.startSession(RemoteWebDriver.java:213)
	at org.openqa.selenium.remote.RemoteWebDriver.&lt;init&gt;(RemoteWebDriver.java:131)
	at org.openqa.selenium.chrome.ChromeDriver.&lt;init&gt;(ChromeDriver.java:181)
	at org.openqa.selenium.chrome.ChromeDriver.&lt;init&gt;(ChromeDriver.java:168)
	at org.openqa.selenium.chrome.ChromeDriver.&lt;init&gt;(ChromeDriver.java:123)
	at com.kuda.base.TestBase.setUp(TestBase.java:30)
	at java.util.ArrayList.forEach(ArrayList.java:1259)
... Removed 32 stack frames</div></td></tr></table><p class="totop"><a href="#summary">back to summary</a></p>
<h3 id="m33">com.kuda.testCases.GeneralLedgerManagement#searchGLByName</h3><table class="result"><tr><th>Exception</th></tr><tr><td><div class="stacktrace">org.openqa.selenium.SessionNotCreatedException: session not created
from chrome not reachable
  (Session info: chrome=85.0.4183.121)
Build info: version: &apos;3.141.59&apos;, revision: &apos;e82be7d358&apos;, time: &apos;2018-11-14T08:17:03&apos;
System info: host: &apos;DESKTOP-D068G7Q&apos;, ip: &apos;192.168.43.200&apos;, os.name: &apos;Windows 10&apos;, os.arch: &apos;amd64&apos;, os.version: &apos;10.0&apos;, java.version: &apos;1.8.0_261&apos;
Driver info: driver.version: ChromeDriver
remote stacktrace: Backtrace:
	Ordinal0 [0x00BAD383+3134339]
	Ordinal0 [0x00A9A171+2007409]
	Ordinal0 [0x0093AD90+568720]
	Ordinal0 [0x00931364+529252]
	Ordinal0 [0x009319FC+530940]
	Ordinal0 [0x00932C15+535573]
	Ordinal0 [0x0092DFC5+516037]
	Ordinal0 [0x0093BF70+573296]
	Ordinal0 [0x008E1916+203030]
	Ordinal0 [0x008E0C1D+199709]
	Ordinal0 [0x008DEB0B+191243]
	Ordinal0 [0x008C2E77+77431]
	Ordinal0 [0x008C3E3E+81470]
	Ordinal0 [0x008C3DC9+81353]
	Ordinal0 [0x00AB0CD9+2100441]
	GetHandleVerifier [0x00D1B75A+1396954]
	GetHandleVerifier [0x00D1B3D9+1396057]
	GetHandleVerifier [0x00D27126+1444518]
	GetHandleVerifier [0x00D1BCE8+1398376]
	Ordinal0 [0x00AA7F51+2064209]
	Ordinal0 [0x00AB22EB+2106091]
	Ordinal0 [0x00AB2411+2106385]
	Ordinal0 [0x00AC49C4+2181572]
	BaseThreadInitThunk [0x77A96359+25]
	RtlGetAppContainerNamedObjectPath [0x77DD7C24+228]
	RtlGetAppContainerNamedObjectPath [0x77DD7BF4+180]

	at org.openqa.selenium.remote.W3CHandshakeResponse.lambda$errorHandler$0(W3CHandshakeResponse.java:62)
	at org.openqa.selenium.remote.HandshakeResponse.lambda$getResponseFunction$0(HandshakeResponse.java:30)
	at org.openqa.selenium.remote.ProtocolHandshake.lambda$createSession$0(ProtocolHandshake.java:126)
	at java.util.stream.ReferencePipeline$3$1.accept(ReferencePipeline.java:193)
	at java.util.Spliterators$ArraySpliterator.tryAdvance(Spliterators.java:958)
	at java.util.stream.ReferencePipeline.forEachWithCancel(ReferencePipeline.java:126)
	at java.util.stream.AbstractPipeline.copyIntoWithCancel(AbstractPipeline.java:499)
	at java.util.stream.AbstractPipeline.copyInto(AbstractPipeline.java:486)
	at java.util.stream.AbstractPipeline.wrapAndCopyInto(AbstractPipeline.java:472)
	at java.util.stream.FindOps$FindOp.evaluateSequential(FindOps.java:152)
	at java.util.stream.AbstractPipeline.evaluate(AbstractPipeline.java:234)
	at java.util.stream.ReferencePipeline.findFirst(ReferencePipeline.java:464)
	at org.openqa.selenium.remote.ProtocolHandshake.createSession(ProtocolHandshake.java:128)
	at org.openqa.selenium.remote.ProtocolHandshake.createSession(ProtocolHandshake.java:74)
	at org.openqa.selenium.remote.HttpCommandExecutor.execute(HttpCommandExecutor.java:136)
	at org.openqa.selenium.remote.service.DriverCommandExecutor.execute(DriverCommandExecutor.java:83)
	at org.openqa.selenium.remote.RemoteWebDriver.execute(RemoteWebDriver.java:552)
	at org.openqa.selenium.remote.RemoteWebDriver.startSession(RemoteWebDriver.java:213)
	at org.openqa.selenium.remote.RemoteWebDriver.&lt;init&gt;(RemoteWebDriver.java:131)
	at org.openqa.selenium.chrome.ChromeDriver.&lt;init&gt;(ChromeDriver.java:181)
	at org.openqa.selenium.chrome.ChromeDriver.&lt;init&gt;(ChromeDriver.java:168)
	at org.openqa.selenium.chrome.ChromeDriver.&lt;init&gt;(ChromeDriver.java:123)
	at com.kuda.base.TestBase.setUp(TestBase.java:30)
	at java.util.ArrayList.forEach(ArrayList.java:1259)
... Removed 32 stack frames</div></td></tr></table><p class="totop"><a href="#summary">back to summary</a></p>
<h3 id="m34">com.kuda.testCases.GeneralLedgerManagement#viewGLAccounts</h3><table class="result"><tr><th>Exception</th></tr><tr><td><div class="stacktrace">org.openqa.selenium.SessionNotCreatedException: session not created
from chrome not reachable
  (Session info: chrome=85.0.4183.121)
Build info: version: &apos;3.141.59&apos;, revision: &apos;e82be7d358&apos;, time: &apos;2018-11-14T08:17:03&apos;
System info: host: &apos;DESKTOP-D068G7Q&apos;, ip: &apos;192.168.43.200&apos;, os.name: &apos;Windows 10&apos;, os.arch: &apos;amd64&apos;, os.version: &apos;10.0&apos;, java.version: &apos;1.8.0_261&apos;
Driver info: driver.version: ChromeDriver
remote stacktrace: Backtrace:
	Ordinal0 [0x00BAD383+3134339]
	Ordinal0 [0x00A9A171+2007409]
	Ordinal0 [0x0093AD90+568720]
	Ordinal0 [0x00931364+529252]
	Ordinal0 [0x009319FC+530940]
	Ordinal0 [0x00932C15+535573]
	Ordinal0 [0x0092DFC5+516037]
	Ordinal0 [0x0093BF70+573296]
	Ordinal0 [0x008E1916+203030]
	Ordinal0 [0x008E0C1D+199709]
	Ordinal0 [0x008DEB0B+191243]
	Ordinal0 [0x008C2E77+77431]
	Ordinal0 [0x008C3E3E+81470]
	Ordinal0 [0x008C3DC9+81353]
	Ordinal0 [0x00AB0CD9+2100441]
	GetHandleVerifier [0x00D1B75A+1396954]
	GetHandleVerifier [0x00D1B3D9+1396057]
	GetHandleVerifier [0x00D27126+1444518]
	GetHandleVerifier [0x00D1BCE8+1398376]
	Ordinal0 [0x00AA7F51+2064209]
	Ordinal0 [0x00AB22EB+2106091]
	Ordinal0 [0x00AB2411+2106385]
	Ordinal0 [0x00AC49C4+2181572]
	BaseThreadInitThunk [0x77A96359+25]
	RtlGetAppContainerNamedObjectPath [0x77DD7C24+228]
	RtlGetAppContainerNamedObjectPath [0x77DD7BF4+180]

	at org.openqa.selenium.remote.W3CHandshakeResponse.lambda$errorHandler$0(W3CHandshakeResponse.java:62)
	at org.openqa.selenium.remote.HandshakeResponse.lambda$getResponseFunction$0(HandshakeResponse.java:30)
	at org.openqa.selenium.remote.ProtocolHandshake.lambda$createSession$0(ProtocolHandshake.java:126)
	at java.util.stream.ReferencePipeline$3$1.accept(ReferencePipeline.java:193)
	at java.util.Spliterators$ArraySpliterator.tryAdvance(Spliterators.java:958)
	at java.util.stream.ReferencePipeline.forEachWithCancel(ReferencePipeline.java:126)
	at java.util.stream.AbstractPipeline.copyIntoWithCancel(AbstractPipeline.java:499)
	at java.util.stream.AbstractPipeline.copyInto(AbstractPipeline.java:486)
	at java.util.stream.AbstractPipeline.wrapAndCopyInto(AbstractPipeline.java:472)
	at java.util.stream.FindOps$FindOp.evaluateSequential(FindOps.java:152)
	at java.util.stream.AbstractPipeline.evaluate(AbstractPipeline.java:234)
	at java.util.stream.ReferencePipeline.findFirst(ReferencePipeline.java:464)
	at org.openqa.selenium.remote.ProtocolHandshake.createSession(ProtocolHandshake.java:128)
	at org.openqa.selenium.remote.ProtocolHandshake.createSession(ProtocolHandshake.java:74)
	at org.openqa.selenium.remote.HttpCommandExecutor.execute(HttpCommandExecutor.java:136)
	at org.openqa.selenium.remote.service.DriverCommandExecutor.execute(DriverCommandExecutor.java:83)
	at org.openqa.selenium.remote.RemoteWebDriver.execute(RemoteWebDriver.java:552)
	at org.openqa.selenium.remote.RemoteWebDriver.startSession(RemoteWebDriver.java:213)
	at org.openqa.selenium.remote.RemoteWebDriver.&lt;init&gt;(RemoteWebDriver.java:131)
	at org.openqa.selenium.chrome.ChromeDriver.&lt;init&gt;(ChromeDriver.java:181)
	at org.openqa.selenium.chrome.ChromeDriver.&lt;init&gt;(ChromeDriver.java:168)
	at org.openqa.selenium.chrome.ChromeDriver.&lt;init&gt;(ChromeDriver.java:123)
	at com.kuda.base.TestBase.setUp(TestBase.java:30)
	at java.util.ArrayList.forEach(ArrayList.java:1259)
... Removed 32 stack frames</div></td></tr></table><p class="totop"><a href="#summary">back to summary</a></p>
<h3 id="m35">com.kuda.testCases.GeneralLedgerManagement#viewGLBalance</h3><table class="result"><tr><th>Exception</th></tr><tr><td><div class="stacktrace">org.openqa.selenium.SessionNotCreatedException: session not created
from chrome not reachable
  (Session info: chrome=85.0.4183.121)
Build info: version: &apos;3.141.59&apos;, revision: &apos;e82be7d358&apos;, time: &apos;2018-11-14T08:17:03&apos;
System info: host: &apos;DESKTOP-D068G7Q&apos;, ip: &apos;192.168.43.200&apos;, os.name: &apos;Windows 10&apos;, os.arch: &apos;amd64&apos;, os.version: &apos;10.0&apos;, java.version: &apos;1.8.0_261&apos;
Driver info: driver.version: ChromeDriver
remote stacktrace: Backtrace:
	Ordinal0 [0x00BAD383+3134339]
	Ordinal0 [0x00A9A171+2007409]
	Ordinal0 [0x0093AD90+568720]
	Ordinal0 [0x00931364+529252]
	Ordinal0 [0x009319FC+530940]
	Ordinal0 [0x00932C15+535573]
	Ordinal0 [0x0092DFC5+516037]
	Ordinal0 [0x0093BF70+573296]
	Ordinal0 [0x008E1916+203030]
	Ordinal0 [0x008E0C1D+199709]
	Ordinal0 [0x008DEB0B+191243]
	Ordinal0 [0x008C2E77+77431]
	Ordinal0 [0x008C3E3E+81470]
	Ordinal0 [0x008C3DC9+81353]
	Ordinal0 [0x00AB0CD9+2100441]
	GetHandleVerifier [0x00D1B75A+1396954]
	GetHandleVerifier [0x00D1B3D9+1396057]
	GetHandleVerifier [0x00D27126+1444518]
	GetHandleVerifier [0x00D1BCE8+1398376]
	Ordinal0 [0x00AA7F51+2064209]
	Ordinal0 [0x00AB22EB+2106091]
	Ordinal0 [0x00AB2411+2106385]
	Ordinal0 [0x00AC49C4+2181572]
	BaseThreadInitThunk [0x77A96359+25]
	RtlGetAppContainerNamedObjectPath [0x77DD7C24+228]
	RtlGetAppContainerNamedObjectPath [0x77DD7BF4+180]

	at org.openqa.selenium.remote.W3CHandshakeResponse.lambda$errorHandler$0(W3CHandshakeResponse.java:62)
	at org.openqa.selenium.remote.HandshakeResponse.lambda$getResponseFunction$0(HandshakeResponse.java:30)
	at org.openqa.selenium.remote.ProtocolHandshake.lambda$createSession$0(ProtocolHandshake.java:126)
	at java.util.stream.ReferencePipeline$3$1.accept(ReferencePipeline.java:193)
	at java.util.Spliterators$ArraySpliterator.tryAdvance(Spliterators.java:958)
	at java.util.stream.ReferencePipeline.forEachWithCancel(ReferencePipeline.java:126)
	at java.util.stream.AbstractPipeline.copyIntoWithCancel(AbstractPipeline.java:499)
	at java.util.stream.AbstractPipeline.copyInto(AbstractPipeline.java:486)
	at java.util.stream.AbstractPipeline.wrapAndCopyInto(AbstractPipeline.java:472)
	at java.util.stream.FindOps$FindOp.evaluateSequential(FindOps.java:152)
	at java.util.stream.AbstractPipeline.evaluate(AbstractPipeline.java:234)
	at java.util.stream.ReferencePipeline.findFirst(ReferencePipeline.java:464)
	at org.openqa.selenium.remote.ProtocolHandshake.createSession(ProtocolHandshake.java:128)
	at org.openqa.selenium.remote.ProtocolHandshake.createSession(ProtocolHandshake.java:74)
	at org.openqa.selenium.remote.HttpCommandExecutor.execute(HttpCommandExecutor.java:136)
	at org.openqa.selenium.remote.service.DriverCommandExecutor.execute(DriverCommandExecutor.java:83)
	at org.openqa.selenium.remote.RemoteWebDriver.execute(RemoteWebDriver.java:552)
	at org.openqa.selenium.remote.RemoteWebDriver.startSession(RemoteWebDriver.java:213)
	at org.openqa.selenium.remote.RemoteWebDriver.&lt;init&gt;(RemoteWebDriver.java:131)
	at org.openqa.selenium.chrome.ChromeDriver.&lt;init&gt;(ChromeDriver.java:181)
	at org.openqa.selenium.chrome.ChromeDriver.&lt;init&gt;(ChromeDriver.java:168)
	at org.openqa.selenium.chrome.ChromeDriver.&lt;init&gt;(ChromeDriver.java:123)
	at com.kuda.base.TestBase.setUp(TestBase.java:30)
	at java.util.ArrayList.forEach(ArrayList.java:1259)
... Removed 32 stack frames</div></td></tr></table><p class="totop"><a href="#summary">back to summary</a></p>
<h3 id="m36">com.kuda.testCases.UserManagement#searchUserByDesignation</h3><table class="result"><tr><th>Exception</th></tr><tr><td><div class="stacktrace">org.openqa.selenium.SessionNotCreatedException: session not created
from chrome not reachable
  (Session info: chrome=85.0.4183.121)
Build info: version: &apos;3.141.59&apos;, revision: &apos;e82be7d358&apos;, time: &apos;2018-11-14T08:17:03&apos;
System info: host: &apos;DESKTOP-D068G7Q&apos;, ip: &apos;192.168.43.200&apos;, os.name: &apos;Windows 10&apos;, os.arch: &apos;amd64&apos;, os.version: &apos;10.0&apos;, java.version: &apos;1.8.0_261&apos;
Driver info: driver.version: ChromeDriver
remote stacktrace: Backtrace:
	Ordinal0 [0x00BAD383+3134339]
	Ordinal0 [0x00A9A171+2007409]
	Ordinal0 [0x0093AD90+568720]
	Ordinal0 [0x00931364+529252]
	Ordinal0 [0x009319FC+530940]
	Ordinal0 [0x00932C15+535573]
	Ordinal0 [0x0092DFC5+516037]
	Ordinal0 [0x0093BF70+573296]
	Ordinal0 [0x008E1916+203030]
	Ordinal0 [0x008E0C1D+199709]
	Ordinal0 [0x008DEB0B+191243]
	Ordinal0 [0x008C2E77+77431]
	Ordinal0 [0x008C3E3E+81470]
	Ordinal0 [0x008C3DC9+81353]
	Ordinal0 [0x00AB0CD9+2100441]
	GetHandleVerifier [0x00D1B75A+1396954]
	GetHandleVerifier [0x00D1B3D9+1396057]
	GetHandleVerifier [0x00D27126+1444518]
	GetHandleVerifier [0x00D1BCE8+1398376]
	Ordinal0 [0x00AA7F51+2064209]
	Ordinal0 [0x00AB22EB+2106091]
	Ordinal0 [0x00AB2411+2106385]
	Ordinal0 [0x00AC49C4+2181572]
	BaseThreadInitThunk [0x77A96359+25]
	RtlGetAppContainerNamedObjectPath [0x77DD7C24+228]
	RtlGetAppContainerNamedObjectPath [0x77DD7BF4+180]

	at org.openqa.selenium.remote.W3CHandshakeResponse.lambda$errorHandler$0(W3CHandshakeResponse.java:62)
	at org.openqa.selenium.remote.HandshakeResponse.lambda$getResponseFunction$0(HandshakeResponse.java:30)
	at org.openqa.selenium.remote.ProtocolHandshake.lambda$createSession$0(ProtocolHandshake.java:126)
	at java.util.stream.ReferencePipeline$3$1.accept(ReferencePipeline.java:193)
	at java.util.Spliterators$ArraySpliterator.tryAdvance(Spliterators.java:958)
	at java.util.stream.ReferencePipeline.forEachWithCancel(ReferencePipeline.java:126)
	at java.util.stream.AbstractPipeline.copyIntoWithCancel(AbstractPipeline.java:499)
	at java.util.stream.AbstractPipeline.copyInto(AbstractPipeline.java:486)
	at java.util.stream.AbstractPipeline.wrapAndCopyInto(AbstractPipeline.java:472)
	at java.util.stream.FindOps$FindOp.evaluateSequential(FindOps.java:152)
	at java.util.stream.AbstractPipeline.evaluate(AbstractPipeline.java:234)
	at java.util.stream.ReferencePipeline.findFirst(ReferencePipeline.java:464)
	at org.openqa.selenium.remote.ProtocolHandshake.createSession(ProtocolHandshake.java:128)
	at org.openqa.selenium.remote.ProtocolHandshake.createSession(ProtocolHandshake.java:74)
	at org.openqa.selenium.remote.HttpCommandExecutor.execute(HttpCommandExecutor.java:136)
	at org.openqa.selenium.remote.service.DriverCommandExecutor.execute(DriverCommandExecutor.java:83)
	at org.openqa.selenium.remote.RemoteWebDriver.execute(RemoteWebDriver.java:552)
	at org.openqa.selenium.remote.RemoteWebDriver.startSession(RemoteWebDriver.java:213)
	at org.openqa.selenium.remote.RemoteWebDriver.&lt;init&gt;(RemoteWebDriver.java:131)
	at org.openqa.selenium.chrome.ChromeDriver.&lt;init&gt;(ChromeDriver.java:181)
	at org.openqa.selenium.chrome.ChromeDriver.&lt;init&gt;(ChromeDriver.java:168)
	at org.openqa.selenium.chrome.ChromeDriver.&lt;init&gt;(ChromeDriver.java:123)
	at com.kuda.base.TestBase.setUp(TestBase.java:30)
	at java.util.ArrayList.forEach(ArrayList.java:1259)
... Removed 32 stack frames</div></td></tr></table><p class="totop"><a href="#summary">back to summary</a></p>
<h3 id="m37">com.kuda.testCases.UserManagement#searchUserByEmail</h3><table class="result"><tr><th>Exception</th></tr><tr><td><div class="stacktrace">org.openqa.selenium.SessionNotCreatedException: session not created
from chrome not reachable
  (Session info: chrome=85.0.4183.121)
Build info: version: &apos;3.141.59&apos;, revision: &apos;e82be7d358&apos;, time: &apos;2018-11-14T08:17:03&apos;
System info: host: &apos;DESKTOP-D068G7Q&apos;, ip: &apos;192.168.43.200&apos;, os.name: &apos;Windows 10&apos;, os.arch: &apos;amd64&apos;, os.version: &apos;10.0&apos;, java.version: &apos;1.8.0_261&apos;
Driver info: driver.version: ChromeDriver
remote stacktrace: Backtrace:
	Ordinal0 [0x00BAD383+3134339]
	Ordinal0 [0x00A9A171+2007409]
	Ordinal0 [0x0093AD90+568720]
	Ordinal0 [0x00931364+529252]
	Ordinal0 [0x009319FC+530940]
	Ordinal0 [0x00932C15+535573]
	Ordinal0 [0x0092DFC5+516037]
	Ordinal0 [0x0093BF70+573296]
	Ordinal0 [0x008E1916+203030]
	Ordinal0 [0x008E0C1D+199709]
	Ordinal0 [0x008DEB0B+191243]
	Ordinal0 [0x008C2E77+77431]
	Ordinal0 [0x008C3E3E+81470]
	Ordinal0 [0x008C3DC9+81353]
	Ordinal0 [0x00AB0CD9+2100441]
	GetHandleVerifier [0x00D1B75A+1396954]
	GetHandleVerifier [0x00D1B3D9+1396057]
	GetHandleVerifier [0x00D27126+1444518]
	GetHandleVerifier [0x00D1BCE8+1398376]
	Ordinal0 [0x00AA7F51+2064209]
	Ordinal0 [0x00AB22EB+2106091]
	Ordinal0 [0x00AB2411+2106385]
	Ordinal0 [0x00AC49C4+2181572]
	BaseThreadInitThunk [0x77A96359+25]
	RtlGetAppContainerNamedObjectPath [0x77DD7C24+228]
	RtlGetAppContainerNamedObjectPath [0x77DD7BF4+180]

	at org.openqa.selenium.remote.W3CHandshakeResponse.lambda$errorHandler$0(W3CHandshakeResponse.java:62)
	at org.openqa.selenium.remote.HandshakeResponse.lambda$getResponseFunction$0(HandshakeResponse.java:30)
	at org.openqa.selenium.remote.ProtocolHandshake.lambda$createSession$0(ProtocolHandshake.java:126)
	at java.util.stream.ReferencePipeline$3$1.accept(ReferencePipeline.java:193)
	at java.util.Spliterators$ArraySpliterator.tryAdvance(Spliterators.java:958)
	at java.util.stream.ReferencePipeline.forEachWithCancel(ReferencePipeline.java:126)
	at java.util.stream.AbstractPipeline.copyIntoWithCancel(AbstractPipeline.java:499)
	at java.util.stream.AbstractPipeline.copyInto(AbstractPipeline.java:486)
	at java.util.stream.AbstractPipeline.wrapAndCopyInto(AbstractPipeline.java:472)
	at java.util.stream.FindOps$FindOp.evaluateSequential(FindOps.java:152)
	at java.util.stream.AbstractPipeline.evaluate(AbstractPipeline.java:234)
	at java.util.stream.ReferencePipeline.findFirst(ReferencePipeline.java:464)
	at org.openqa.selenium.remote.ProtocolHandshake.createSession(ProtocolHandshake.java:128)
	at org.openqa.selenium.remote.ProtocolHandshake.createSession(ProtocolHandshake.java:74)
	at org.openqa.selenium.remote.HttpCommandExecutor.execute(HttpCommandExecutor.java:136)
	at org.openqa.selenium.remote.service.DriverCommandExecutor.execute(DriverCommandExecutor.java:83)
	at org.openqa.selenium.remote.RemoteWebDriver.execute(RemoteWebDriver.java:552)
	at org.openqa.selenium.remote.RemoteWebDriver.startSession(RemoteWebDriver.java:213)
	at org.openqa.selenium.remote.RemoteWebDriver.&lt;init&gt;(RemoteWebDriver.java:131)
	at org.openqa.selenium.chrome.ChromeDriver.&lt;init&gt;(ChromeDriver.java:181)
	at org.openqa.selenium.chrome.ChromeDriver.&lt;init&gt;(ChromeDriver.java:168)
	at org.openqa.selenium.chrome.ChromeDriver.&lt;init&gt;(ChromeDriver.java:123)
	at com.kuda.base.TestBase.setUp(TestBase.java:30)
	at java.util.ArrayList.forEach(ArrayList.java:1259)
... Removed 32 stack frames</div></td></tr></table><p class="totop"><a href="#summary">back to summary</a></p>
<h3 id="m38">com.kuda.testCases.UserManagement#searchUserByEmployeeNumber</h3><table class="result"><tr><th>Exception</th></tr><tr><td><div class="stacktrace">org.openqa.selenium.SessionNotCreatedException: session not created
from chrome not reachable
  (Session info: chrome=85.0.4183.121)
Build info: version: &apos;3.141.59&apos;, revision: &apos;e82be7d358&apos;, time: &apos;2018-11-14T08:17:03&apos;
System info: host: &apos;DESKTOP-D068G7Q&apos;, ip: &apos;192.168.43.200&apos;, os.name: &apos;Windows 10&apos;, os.arch: &apos;amd64&apos;, os.version: &apos;10.0&apos;, java.version: &apos;1.8.0_261&apos;
Driver info: driver.version: ChromeDriver
remote stacktrace: Backtrace:
	Ordinal0 [0x00BAD383+3134339]
	Ordinal0 [0x00A9A171+2007409]
	Ordinal0 [0x0093AD90+568720]
	Ordinal0 [0x00931364+529252]
	Ordinal0 [0x009319FC+530940]
	Ordinal0 [0x00932C15+535573]
	Ordinal0 [0x0092DFC5+516037]
	Ordinal0 [0x0093BF70+573296]
	Ordinal0 [0x008E1916+203030]
	Ordinal0 [0x008E0C1D+199709]
	Ordinal0 [0x008DEB0B+191243]
	Ordinal0 [0x008C2E77+77431]
	Ordinal0 [0x008C3E3E+81470]
	Ordinal0 [0x008C3DC9+81353]
	Ordinal0 [0x00AB0CD9+2100441]
	GetHandleVerifier [0x00D1B75A+1396954]
	GetHandleVerifier [0x00D1B3D9+1396057]
	GetHandleVerifier [0x00D27126+1444518]
	GetHandleVerifier [0x00D1BCE8+1398376]
	Ordinal0 [0x00AA7F51+2064209]
	Ordinal0 [0x00AB22EB+2106091]
	Ordinal0 [0x00AB2411+2106385]
	Ordinal0 [0x00AC49C4+2181572]
	BaseThreadInitThunk [0x77A96359+25]
	RtlGetAppContainerNamedObjectPath [0x77DD7C24+228]
	RtlGetAppContainerNamedObjectPath [0x77DD7BF4+180]

	at org.openqa.selenium.remote.W3CHandshakeResponse.lambda$errorHandler$0(W3CHandshakeResponse.java:62)
	at org.openqa.selenium.remote.HandshakeResponse.lambda$getResponseFunction$0(HandshakeResponse.java:30)
	at org.openqa.selenium.remote.ProtocolHandshake.lambda$createSession$0(ProtocolHandshake.java:126)
	at java.util.stream.ReferencePipeline$3$1.accept(ReferencePipeline.java:193)
	at java.util.Spliterators$ArraySpliterator.tryAdvance(Spliterators.java:958)
	at java.util.stream.ReferencePipeline.forEachWithCancel(ReferencePipeline.java:126)
	at java.util.stream.AbstractPipeline.copyIntoWithCancel(AbstractPipeline.java:499)
	at java.util.stream.AbstractPipeline.copyInto(AbstractPipeline.java:486)
	at java.util.stream.AbstractPipeline.wrapAndCopyInto(AbstractPipeline.java:472)
	at java.util.stream.FindOps$FindOp.evaluateSequential(FindOps.java:152)
	at java.util.stream.AbstractPipeline.evaluate(AbstractPipeline.java:234)
	at java.util.stream.ReferencePipeline.findFirst(ReferencePipeline.java:464)
	at org.openqa.selenium.remote.ProtocolHandshake.createSession(ProtocolHandshake.java:128)
	at org.openqa.selenium.remote.ProtocolHandshake.createSession(ProtocolHandshake.java:74)
	at org.openqa.selenium.remote.HttpCommandExecutor.execute(HttpCommandExecutor.java:136)
	at org.openqa.selenium.remote.service.DriverCommandExecutor.execute(DriverCommandExecutor.java:83)
	at org.openqa.selenium.remote.RemoteWebDriver.execute(RemoteWebDriver.java:552)
	at org.openqa.selenium.remote.RemoteWebDriver.startSession(RemoteWebDriver.java:213)
	at org.openqa.selenium.remote.RemoteWebDriver.&lt;init&gt;(RemoteWebDriver.java:131)
	at org.openqa.selenium.chrome.ChromeDriver.&lt;init&gt;(ChromeDriver.java:181)
	at org.openqa.selenium.chrome.ChromeDriver.&lt;init&gt;(ChromeDriver.java:168)
	at org.openqa.selenium.chrome.ChromeDriver.&lt;init&gt;(ChromeDriver.java:123)
	at com.kuda.base.TestBase.setUp(TestBase.java:30)
	at java.util.ArrayList.forEach(ArrayList.java:1259)
... Removed 32 stack frames</div></td></tr></table><p class="totop"><a href="#summary">back to summary</a></p>
<h3 id="m39">com.kuda.testCases.UserManagement#searchUserByPhoneNumber</h3><table class="result"><tr><th>Exception</th></tr><tr><td><div class="stacktrace">org.openqa.selenium.SessionNotCreatedException: session not created
from chrome not reachable
  (Session info: chrome=85.0.4183.121)
Build info: version: &apos;3.141.59&apos;, revision: &apos;e82be7d358&apos;, time: &apos;2018-11-14T08:17:03&apos;
System info: host: &apos;DESKTOP-D068G7Q&apos;, ip: &apos;192.168.43.200&apos;, os.name: &apos;Windows 10&apos;, os.arch: &apos;amd64&apos;, os.version: &apos;10.0&apos;, java.version: &apos;1.8.0_261&apos;
Driver info: driver.version: ChromeDriver
remote stacktrace: Backtrace:
	Ordinal0 [0x00BAD383+3134339]
	Ordinal0 [0x00A9A171+2007409]
	Ordinal0 [0x0093AD90+568720]
	Ordinal0 [0x00931364+529252]
	Ordinal0 [0x009319FC+530940]
	Ordinal0 [0x00932C15+535573]
	Ordinal0 [0x0092DFC5+516037]
	Ordinal0 [0x0093BF70+573296]
	Ordinal0 [0x008E1916+203030]
	Ordinal0 [0x008E0C1D+199709]
	Ordinal0 [0x008DEB0B+191243]
	Ordinal0 [0x008C2E77+77431]
	Ordinal0 [0x008C3E3E+81470]
	Ordinal0 [0x008C3DC9+81353]
	Ordinal0 [0x00AB0CD9+2100441]
	GetHandleVerifier [0x00D1B75A+1396954]
	GetHandleVerifier [0x00D1B3D9+1396057]
	GetHandleVerifier [0x00D27126+1444518]
	GetHandleVerifier [0x00D1BCE8+1398376]
	Ordinal0 [0x00AA7F51+2064209]
	Ordinal0 [0x00AB22EB+2106091]
	Ordinal0 [0x00AB2411+2106385]
	Ordinal0 [0x00AC49C4+2181572]
	BaseThreadInitThunk [0x77A96359+25]
	RtlGetAppContainerNamedObjectPath [0x77DD7C24+228]
	RtlGetAppContainerNamedObjectPath [0x77DD7BF4+180]

	at org.openqa.selenium.remote.W3CHandshakeResponse.lambda$errorHandler$0(W3CHandshakeResponse.java:62)
	at org.openqa.selenium.remote.HandshakeResponse.lambda$getResponseFunction$0(HandshakeResponse.java:30)
	at org.openqa.selenium.remote.ProtocolHandshake.lambda$createSession$0(ProtocolHandshake.java:126)
	at java.util.stream.ReferencePipeline$3$1.accept(ReferencePipeline.java:193)
	at java.util.Spliterators$ArraySpliterator.tryAdvance(Spliterators.java:958)
	at java.util.stream.ReferencePipeline.forEachWithCancel(ReferencePipeline.java:126)
	at java.util.stream.AbstractPipeline.copyIntoWithCancel(AbstractPipeline.java:499)
	at java.util.stream.AbstractPipeline.copyInto(AbstractPipeline.java:486)
	at java.util.stream.AbstractPipeline.wrapAndCopyInto(AbstractPipeline.java:472)
	at java.util.stream.FindOps$FindOp.evaluateSequential(FindOps.java:152)
	at java.util.stream.AbstractPipeline.evaluate(AbstractPipeline.java:234)
	at java.util.stream.ReferencePipeline.findFirst(ReferencePipeline.java:464)
	at org.openqa.selenium.remote.ProtocolHandshake.createSession(ProtocolHandshake.java:128)
	at org.openqa.selenium.remote.ProtocolHandshake.createSession(ProtocolHandshake.java:74)
	at org.openqa.selenium.remote.HttpCommandExecutor.execute(HttpCommandExecutor.java:136)
	at org.openqa.selenium.remote.service.DriverCommandExecutor.execute(DriverCommandExecutor.java:83)
	at org.openqa.selenium.remote.RemoteWebDriver.execute(RemoteWebDriver.java:552)
	at org.openqa.selenium.remote.RemoteWebDriver.startSession(RemoteWebDriver.java:213)
	at org.openqa.selenium.remote.RemoteWebDriver.&lt;init&gt;(RemoteWebDriver.java:131)
	at org.openqa.selenium.chrome.ChromeDriver.&lt;init&gt;(ChromeDriver.java:181)
	at org.openqa.selenium.chrome.ChromeDriver.&lt;init&gt;(ChromeDriver.java:168)
	at org.openqa.selenium.chrome.ChromeDriver.&lt;init&gt;(ChromeDriver.java:123)
	at com.kuda.base.TestBase.setUp(TestBase.java:30)
	at java.util.ArrayList.forEach(ArrayList.java:1259)
... Removed 32 stack frames</div></td></tr></table><p class="totop"><a href="#summary">back to summary</a></p>
<h3 id="m40">com.kuda.testCases.UserManagement#searchUserBylastName</h3><table class="result"><tr><th>Exception</th></tr><tr><td><div class="stacktrace">org.openqa.selenium.SessionNotCreatedException: session not created
from chrome not reachable
  (Session info: chrome=85.0.4183.121)
Build info: version: &apos;3.141.59&apos;, revision: &apos;e82be7d358&apos;, time: &apos;2018-11-14T08:17:03&apos;
System info: host: &apos;DESKTOP-D068G7Q&apos;, ip: &apos;192.168.43.200&apos;, os.name: &apos;Windows 10&apos;, os.arch: &apos;amd64&apos;, os.version: &apos;10.0&apos;, java.version: &apos;1.8.0_261&apos;
Driver info: driver.version: ChromeDriver
remote stacktrace: Backtrace:
	Ordinal0 [0x00BAD383+3134339]
	Ordinal0 [0x00A9A171+2007409]
	Ordinal0 [0x0093AD90+568720]
	Ordinal0 [0x00931364+529252]
	Ordinal0 [0x009319FC+530940]
	Ordinal0 [0x00932C15+535573]
	Ordinal0 [0x0092DFC5+516037]
	Ordinal0 [0x0093BF70+573296]
	Ordinal0 [0x008E1916+203030]
	Ordinal0 [0x008E0C1D+199709]
	Ordinal0 [0x008DEB0B+191243]
	Ordinal0 [0x008C2E77+77431]
	Ordinal0 [0x008C3E3E+81470]
	Ordinal0 [0x008C3DC9+81353]
	Ordinal0 [0x00AB0CD9+2100441]
	GetHandleVerifier [0x00D1B75A+1396954]
	GetHandleVerifier [0x00D1B3D9+1396057]
	GetHandleVerifier [0x00D27126+1444518]
	GetHandleVerifier [0x00D1BCE8+1398376]
	Ordinal0 [0x00AA7F51+2064209]
	Ordinal0 [0x00AB22EB+2106091]
	Ordinal0 [0x00AB2411+2106385]
	Ordinal0 [0x00AC49C4+2181572]
	BaseThreadInitThunk [0x77A96359+25]
	RtlGetAppContainerNamedObjectPath [0x77DD7C24+228]
	RtlGetAppContainerNamedObjectPath [0x77DD7BF4+180]

	at org.openqa.selenium.remote.W3CHandshakeResponse.lambda$errorHandler$0(W3CHandshakeResponse.java:62)
	at org.openqa.selenium.remote.HandshakeResponse.lambda$getResponseFunction$0(HandshakeResponse.java:30)
	at org.openqa.selenium.remote.ProtocolHandshake.lambda$createSession$0(ProtocolHandshake.java:126)
	at java.util.stream.ReferencePipeline$3$1.accept(ReferencePipeline.java:193)
	at java.util.Spliterators$ArraySpliterator.tryAdvance(Spliterators.java:958)
	at java.util.stream.ReferencePipeline.forEachWithCancel(ReferencePipeline.java:126)
	at java.util.stream.AbstractPipeline.copyIntoWithCancel(AbstractPipeline.java:499)
	at java.util.stream.AbstractPipeline.copyInto(AbstractPipeline.java:486)
	at java.util.stream.AbstractPipeline.wrapAndCopyInto(AbstractPipeline.java:472)
	at java.util.stream.FindOps$FindOp.evaluateSequential(FindOps.java:152)
	at java.util.stream.AbstractPipeline.evaluate(AbstractPipeline.java:234)
	at java.util.stream.ReferencePipeline.findFirst(ReferencePipeline.java:464)
	at org.openqa.selenium.remote.ProtocolHandshake.createSession(ProtocolHandshake.java:128)
	at org.openqa.selenium.remote.ProtocolHandshake.createSession(ProtocolHandshake.java:74)
	at org.openqa.selenium.remote.HttpCommandExecutor.execute(HttpCommandExecutor.java:136)
	at org.openqa.selenium.remote.service.DriverCommandExecutor.execute(DriverCommandExecutor.java:83)
	at org.openqa.selenium.remote.RemoteWebDriver.execute(RemoteWebDriver.java:552)
	at org.openqa.selenium.remote.RemoteWebDriver.startSession(RemoteWebDriver.java:213)
	at org.openqa.selenium.remote.RemoteWebDriver.&lt;init&gt;(RemoteWebDriver.java:131)
	at org.openqa.selenium.chrome.ChromeDriver.&lt;init&gt;(ChromeDriver.java:181)
	at org.openqa.selenium.chrome.ChromeDriver.&lt;init&gt;(ChromeDriver.java:168)
	at org.openqa.selenium.chrome.ChromeDriver.&lt;init&gt;(ChromeDriver.java:123)
	at com.kuda.base.TestBase.setUp(TestBase.java:30)
	at java.util.ArrayList.forEach(ArrayList.java:1259)
... Removed 32 stack frames</div></td></tr></table><p class="totop"><a href="#summary">back to summary</a></p>
<h3 id="m41">com.kuda.testCases.UserManagement#searchUsersByUserName</h3><table class="result"><tr><th>Exception</th></tr><tr><td><div class="stacktrace">org.openqa.selenium.SessionNotCreatedException: session not created
from chrome not reachable
  (Session info: chrome=85.0.4183.121)
Build info: version: &apos;3.141.59&apos;, revision: &apos;e82be7d358&apos;, time: &apos;2018-11-14T08:17:03&apos;
System info: host: &apos;DESKTOP-D068G7Q&apos;, ip: &apos;192.168.43.200&apos;, os.name: &apos;Windows 10&apos;, os.arch: &apos;amd64&apos;, os.version: &apos;10.0&apos;, java.version: &apos;1.8.0_261&apos;
Driver info: driver.version: ChromeDriver
remote stacktrace: Backtrace:
	Ordinal0 [0x00BAD383+3134339]
	Ordinal0 [0x00A9A171+2007409]
	Ordinal0 [0x0093AD90+568720]
	Ordinal0 [0x00931364+529252]
	Ordinal0 [0x009319FC+530940]
	Ordinal0 [0x00932C15+535573]
	Ordinal0 [0x0092DFC5+516037]
	Ordinal0 [0x0093BF70+573296]
	Ordinal0 [0x008E1916+203030]
	Ordinal0 [0x008E0C1D+199709]
	Ordinal0 [0x008DEB0B+191243]
	Ordinal0 [0x008C2E77+77431]
	Ordinal0 [0x008C3E3E+81470]
	Ordinal0 [0x008C3DC9+81353]
	Ordinal0 [0x00AB0CD9+2100441]
	GetHandleVerifier [0x00D1B75A+1396954]
	GetHandleVerifier [0x00D1B3D9+1396057]
	GetHandleVerifier [0x00D27126+1444518]
	GetHandleVerifier [0x00D1BCE8+1398376]
	Ordinal0 [0x00AA7F51+2064209]
	Ordinal0 [0x00AB22EB+2106091]
	Ordinal0 [0x00AB2411+2106385]
	Ordinal0 [0x00AC49C4+2181572]
	BaseThreadInitThunk [0x77A96359+25]
	RtlGetAppContainerNamedObjectPath [0x77DD7C24+228]
	RtlGetAppContainerNamedObjectPath [0x77DD7BF4+180]

	at org.openqa.selenium.remote.W3CHandshakeResponse.lambda$errorHandler$0(W3CHandshakeResponse.java:62)
	at org.openqa.selenium.remote.HandshakeResponse.lambda$getResponseFunction$0(HandshakeResponse.java:30)
	at org.openqa.selenium.remote.ProtocolHandshake.lambda$createSession$0(ProtocolHandshake.java:126)
	at java.util.stream.ReferencePipeline$3$1.accept(ReferencePipeline.java:193)
	at java.util.Spliterators$ArraySpliterator.tryAdvance(Spliterators.java:958)
	at java.util.stream.ReferencePipeline.forEachWithCancel(ReferencePipeline.java:126)
	at java.util.stream.AbstractPipeline.copyIntoWithCancel(AbstractPipeline.java:499)
	at java.util.stream.AbstractPipeline.copyInto(AbstractPipeline.java:486)
	at java.util.stream.AbstractPipeline.wrapAndCopyInto(AbstractPipeline.java:472)
	at java.util.stream.FindOps$FindOp.evaluateSequential(FindOps.java:152)
	at java.util.stream.AbstractPipeline.evaluate(AbstractPipeline.java:234)
	at java.util.stream.ReferencePipeline.findFirst(ReferencePipeline.java:464)
	at org.openqa.selenium.remote.ProtocolHandshake.createSession(ProtocolHandshake.java:128)
	at org.openqa.selenium.remote.ProtocolHandshake.createSession(ProtocolHandshake.java:74)
	at org.openqa.selenium.remote.HttpCommandExecutor.execute(HttpCommandExecutor.java:136)
	at org.openqa.selenium.remote.service.DriverCommandExecutor.execute(DriverCommandExecutor.java:83)
	at org.openqa.selenium.remote.RemoteWebDriver.execute(RemoteWebDriver.java:552)
	at org.openqa.selenium.remote.RemoteWebDriver.startSession(RemoteWebDriver.java:213)
	at org.openqa.selenium.remote.RemoteWebDriver.&lt;init&gt;(RemoteWebDriver.java:131)
	at org.openqa.selenium.chrome.ChromeDriver.&lt;init&gt;(ChromeDriver.java:181)
	at org.openqa.selenium.chrome.ChromeDriver.&lt;init&gt;(ChromeDriver.java:168)
	at org.openqa.selenium.chrome.ChromeDriver.&lt;init&gt;(ChromeDriver.java:123)
	at com.kuda.base.TestBase.setUp(TestBase.java:30)
	at java.util.ArrayList.forEach(ArrayList.java:1259)
... Removed 32 stack frames</div></td></tr></table><p class="totop"><a href="#summary">back to summary</a></p>
<h3 id="m42">com.kuda.testCases.UserManagement#viewUsers</h3><table class="result"><tr><th>Exception</th></tr><tr><td><div class="stacktrace">org.openqa.selenium.SessionNotCreatedException: session not created
from chrome not reachable
  (Session info: chrome=85.0.4183.121)
Build info: version: &apos;3.141.59&apos;, revision: &apos;e82be7d358&apos;, time: &apos;2018-11-14T08:17:03&apos;
System info: host: &apos;DESKTOP-D068G7Q&apos;, ip: &apos;192.168.43.200&apos;, os.name: &apos;Windows 10&apos;, os.arch: &apos;amd64&apos;, os.version: &apos;10.0&apos;, java.version: &apos;1.8.0_261&apos;
Driver info: driver.version: ChromeDriver
remote stacktrace: Backtrace:
	Ordinal0 [0x00BAD383+3134339]
	Ordinal0 [0x00A9A171+2007409]
	Ordinal0 [0x0093AD90+568720]
	Ordinal0 [0x00931364+529252]
	Ordinal0 [0x009319FC+530940]
	Ordinal0 [0x00932C15+535573]
	Ordinal0 [0x0092DFC5+516037]
	Ordinal0 [0x0093BF70+573296]
	Ordinal0 [0x008E1916+203030]
	Ordinal0 [0x008E0C1D+199709]
	Ordinal0 [0x008DEB0B+191243]
	Ordinal0 [0x008C2E77+77431]
	Ordinal0 [0x008C3E3E+81470]
	Ordinal0 [0x008C3DC9+81353]
	Ordinal0 [0x00AB0CD9+2100441]
	GetHandleVerifier [0x00D1B75A+1396954]
	GetHandleVerifier [0x00D1B3D9+1396057]
	GetHandleVerifier [0x00D27126+1444518]
	GetHandleVerifier [0x00D1BCE8+1398376]
	Ordinal0 [0x00AA7F51+2064209]
	Ordinal0 [0x00AB22EB+2106091]
	Ordinal0 [0x00AB2411+2106385]
	Ordinal0 [0x00AC49C4+2181572]
	BaseThreadInitThunk [0x77A96359+25]
	RtlGetAppContainerNamedObjectPath [0x77DD7C24+228]
	RtlGetAppContainerNamedObjectPath [0x77DD7BF4+180]

	at org.openqa.selenium.remote.W3CHandshakeResponse.lambda$errorHandler$0(W3CHandshakeResponse.java:62)
	at org.openqa.selenium.remote.HandshakeResponse.lambda$getResponseFunction$0(HandshakeResponse.java:30)
	at org.openqa.selenium.remote.ProtocolHandshake.lambda$createSession$0(ProtocolHandshake.java:126)
	at java.util.stream.ReferencePipeline$3$1.accept(ReferencePipeline.java:193)
	at java.util.Spliterators$ArraySpliterator.tryAdvance(Spliterators.java:958)
	at java.util.stream.ReferencePipeline.forEachWithCancel(ReferencePipeline.java:126)
	at java.util.stream.AbstractPipeline.copyIntoWithCancel(AbstractPipeline.java:499)
	at java.util.stream.AbstractPipeline.copyInto(AbstractPipeline.java:486)
	at java.util.stream.AbstractPipeline.wrapAndCopyInto(AbstractPipeline.java:472)
	at java.util.stream.FindOps$FindOp.evaluateSequential(FindOps.java:152)
	at java.util.stream.AbstractPipeline.evaluate(AbstractPipeline.java:234)
	at java.util.stream.ReferencePipeline.findFirst(ReferencePipeline.java:464)
	at org.openqa.selenium.remote.ProtocolHandshake.createSession(ProtocolHandshake.java:128)
	at org.openqa.selenium.remote.ProtocolHandshake.createSession(ProtocolHandshake.java:74)
	at org.openqa.selenium.remote.HttpCommandExecutor.execute(HttpCommandExecutor.java:136)
	at org.openqa.selenium.remote.service.DriverCommandExecutor.execute(DriverCommandExecutor.java:83)
	at org.openqa.selenium.remote.RemoteWebDriver.execute(RemoteWebDriver.java:552)
	at org.openqa.selenium.remote.RemoteWebDriver.startSession(RemoteWebDriver.java:213)
	at org.openqa.selenium.remote.RemoteWebDriver.&lt;init&gt;(RemoteWebDriver.java:131)
	at org.openqa.selenium.chrome.ChromeDriver.&lt;init&gt;(ChromeDriver.java:181)
	at org.openqa.selenium.chrome.ChromeDriver.&lt;init&gt;(ChromeDriver.java:168)
	at org.openqa.selenium.chrome.ChromeDriver.&lt;init&gt;(ChromeDriver.java:123)
	at com.kuda.base.TestBase.setUp(TestBase.java:30)
	at java.util.ArrayList.forEach(ArrayList.java:1259)
... Removed 32 stack frames</div></td></tr></table><p class="totop"><a href="#summary">back to summary</a></p>
<h3 id="m43">com.kuda.testCases.ValidateLogin#googleSign</h3><table class="result"><tr><th>Exception</th></tr><tr><td><div class="stacktrace">org.openqa.selenium.WebDriverException: unknown error: net::ERR_NAME_NOT_RESOLVED
  (Session info: chrome=85.0.4183.121)
Build info: version: &apos;3.141.59&apos;, revision: &apos;e82be7d358&apos;, time: &apos;2018-11-14T08:17:03&apos;
System info: host: &apos;DESKTOP-D068G7Q&apos;, ip: &apos;192.168.43.200&apos;, os.name: &apos;Windows 10&apos;, os.arch: &apos;amd64&apos;, os.version: &apos;10.0&apos;, java.version: &apos;1.8.0_261&apos;
Driver info: org.openqa.selenium.chrome.ChromeDriver
Capabilities {acceptInsecureCerts: false, browserName: chrome, browserVersion: 85.0.4183.121, chrome: {chromedriverVersion: 85.0.4183.87 (cd6713ebf92fa..., userDataDir: C:\Users\Gbenga\AppData\Loc...}, goog:chromeOptions: {debuggerAddress: localhost:53358}, javascriptEnabled: true, networkConnectionEnabled: false, pageLoadStrategy: normal, platform: WINDOWS, platformName: WINDOWS, proxy: Proxy(), setWindowRect: true, strictFileInteractability: false, timeouts: {implicit: 0, pageLoad: 300000, script: 30000}, unhandledPromptBehavior: dismiss and notify, webauthn:virtualAuthenticators: true}
Session ID: 526c460c4a4da27d90a83a6489b8865c
	at org.openqa.selenium.remote.http.W3CHttpResponseCodec.createException(W3CHttpResponseCodec.java:187)
	at org.openqa.selenium.remote.http.W3CHttpResponseCodec.decode(W3CHttpResponseCodec.java:122)
	at org.openqa.selenium.remote.http.W3CHttpResponseCodec.decode(W3CHttpResponseCodec.java:49)
	at org.openqa.selenium.remote.HttpCommandExecutor.execute(HttpCommandExecutor.java:158)
	at org.openqa.selenium.remote.service.DriverCommandExecutor.execute(DriverCommandExecutor.java:83)
	at org.openqa.selenium.remote.RemoteWebDriver.execute(RemoteWebDriver.java:552)
	at org.openqa.selenium.remote.RemoteWebDriver.get(RemoteWebDriver.java:277)
	at com.kuda.base.TestBase.setUp(TestBase.java:53)
	at java.util.ArrayList.forEach(ArrayList.java:1259)
... Removed 32 stack frames</div></td></tr></table><p class="totop"><a href="#summary">back to summary</a></p>
</body>
</html>
