<!DOCTYPE html>

<html>
  <head>
  <meta charset='utf-8'>
  <title>TestNG reports</title>

    <link type="text/css" href="testng-reports.css" rel="stylesheet" />
    <script type="text/javascript" src="jquery-3.4.1.min.js"></script>
    <script type="text/javascript" src="testng-reports.js"></script>
    <script type="text/javascript" src="https://www.google.com/jsapi"></script>
    <script type='text/javascript'>
      google.load('visualization', '1', {packages:['table']});
      google.setOnLoadCallback(drawTable);
      var suiteTableInitFunctions = new Array();
      var suiteTableData = new Array();
    </script>
    <!--
      <script type="text/javascript" src="jquery-ui/js/jquery-ui-1.8.16.custom.min.js"></script>
     -->
  </head>

  <body>
    <div class="top-banner-root">
      <span class="top-banner-title-font">Test results</span>
      <br/>
      <span class="top-banner-font-1">1 suite</span>
    </div> <!-- top-banner-root -->
    <div class="navigator-root">
      <div class="navigator-suite-header">
        <span>All suites</span>
        <a href="#" class="collapse-all-link" title="Collapse/expand all the suites">
          <img class="collapse-all-icon" src="collapseall.gif">
          </img> <!-- collapse-all-icon -->
        </a> <!-- collapse-all-link -->
      </div> <!-- navigator-suite-header -->
      <div class="suite">
        <div class="rounded-window">
          <div class="suite-header light-rounded-window-top">
            <a href="#" class="navigator-link" panel-name="suite-Suite">
              <span class="suite-name border-skipped">Suite</span>
            </a> <!-- navigator-link -->
          </div> <!-- suite-header light-rounded-window-top -->
          <div class="navigator-suite-content">
            <div class="suite-section-title">
              <span>Info</span>
            </div> <!-- suite-section-title -->
            <div class="suite-section-content">
              <ul>
                <li>
                  <a href="#" class="navigator-link " panel-name="test-xml-Suite">
                    <span>C:\Nerve_Automation\runner\testng.xml</span>
                  </a> <!-- navigator-link  -->
                </li>
                <li>
                  <a href="#" class="navigator-link " panel-name="testlist-Suite">
                    <span class="test-stats">1 test</span>
                  </a> <!-- navigator-link  -->
                </li>
                <li>
                  <a href="#" class="navigator-link " panel-name="group-Suite">
                    <span>0 groups</span>
                  </a> <!-- navigator-link  -->
                </li>
                <li>
                  <a href="#" class="navigator-link " panel-name="times-Suite">
                    <span>Times</span>
                  </a> <!-- navigator-link  -->
                </li>
                <li>
                  <a href="#" class="navigator-link " panel-name="reporter-Suite">
                    <span>Reporter output</span>
                  </a> <!-- navigator-link  -->
                </li>
                <li>
                  <a href="#" class="navigator-link " panel-name="ignored-methods-Suite">
                    <span>Ignored methods</span>
                  </a> <!-- navigator-link  -->
                </li>
                <li>
                  <a href="#" class="navigator-link " panel-name="chronological-Suite">
                    <span>Chronological view</span>
                  </a> <!-- navigator-link  -->
                </li>
              </ul>
            </div> <!-- suite-section-content -->
            <div class="result-section">
              <div class="suite-section-title">
                <span>Results</span>
              </div> <!-- suite-section-title -->
              <div class="suite-section-content">
                <ul>
                  <li>
                    <span class="method-stats">28 methods,  28 skipped,  </span>
                  </li>
                  <li>
                    <span class="method-list-title skipped">Skipped methods</span>
                    <span class="show-or-hide-methods skipped">
                      <a href="#" panel-name="suite-Suite" class="hide-methods skipped suite-Suite"> (hide)</a> <!-- hide-methods skipped suite-Suite -->
                      <a href="#" panel-name="suite-Suite" class="show-methods skipped suite-Suite"> (show)</a> <!-- show-methods skipped suite-Suite -->
                    </span>
                    <div class="method-list-content skipped suite-Suite">
                      <span>
                        <img width="3%" src="skipped.png"/>
                        <a href="#" class="method navigator-link" panel-name="suite-Suite" title="com.kuda.testCases.CustomerInfoManagement" hash-for-method="createCustomer">createCustomer</a> <!-- method navigator-link -->
                      </span>
                      <br/>
                      <span>
                        <img width="3%" src="skipped.png"/>
                        <a href="#" class="method navigator-link" panel-name="suite-Suite" title="com.kuda.testCases.CustomerAccountManagement" hash-for-method="createCustomerAccount">createCustomerAccount</a> <!-- method navigator-link -->
                      </span>
                      <br/>
                      <span>
                        <img width="3%" src="skipped.png"/>
                        <a href="#" class="method navigator-link" panel-name="suite-Suite" title="com.kuda.testCases.CustomerAccountManagement" hash-for-method="editCustomerAccount">editCustomerAccount</a> <!-- method navigator-link -->
                      </span>
                      <br/>
                      <span>
                        <img width="3%" src="skipped.png"/>
                        <a href="#" class="method navigator-link" panel-name="suite-Suite" title="com.kuda.testCases.GeneralLedgerManagement" hash-for-method="editGeneralLedgerAccount">editGeneralLedgerAccount</a> <!-- method navigator-link -->
                      </span>
                      <br/>
                      <span>
                        <img width="3%" src="skipped.png"/>
                        <a href="#" class="method navigator-link" panel-name="suite-Suite" title="com.kuda.postingsMgt.ValidateSingleJournalTransfer" hash-for-method="glToglTransfer">glToglTransfer</a> <!-- method navigator-link -->
                      </span>
                      <br/>
                      <span>
                        <img width="3%" src="skipped.png"/>
                        <a href="#" class="method navigator-link" panel-name="suite-Suite" title="com.kuda.testCases.ValidateLogin" hash-for-method="googleSign">googleSign</a> <!-- method navigator-link -->
                      </span>
                      <br/>
                      <span>
                        <img width="3%" src="skipped.png"/>
                        <a href="#" class="method navigator-link" panel-name="suite-Suite" title="com.kuda.testCases.CustomerAccountManagement" hash-for-method="searchByAccountEmail">searchByAccountEmail</a> <!-- method navigator-link -->
                      </span>
                      <br/>
                      <span>
                        <img width="3%" src="skipped.png"/>
                        <a href="#" class="method navigator-link" panel-name="suite-Suite" title="com.kuda.testCases.CustomerAccountManagement" hash-for-method="searchByAccountName">searchByAccountName</a> <!-- method navigator-link -->
                      </span>
                      <br/>
                      <span>
                        <img width="3%" src="skipped.png"/>
                        <a href="#" class="method navigator-link" panel-name="suite-Suite" title="com.kuda.testCases.CustomerAccountManagement" hash-for-method="searchByAccountNumber">searchByAccountNumber</a> <!-- method navigator-link -->
                      </span>
                      <br/>
                      <span>
                        <img width="3%" src="skipped.png"/>
                        <a href="#" class="method navigator-link" panel-name="suite-Suite" title="com.kuda.testCases.CustomerInfoManagement" hash-for-method="searchByCustomerEmail">searchByCustomerEmail</a> <!-- method navigator-link -->
                      </span>
                      <br/>
                      <span>
                        <img width="3%" src="skipped.png"/>
                        <a href="#" class="method navigator-link" panel-name="suite-Suite" title="com.kuda.testCases.CustomerInfoManagement" hash-for-method="searchCustomerById">searchCustomerById</a> <!-- method navigator-link -->
                      </span>
                      <br/>
                      <span>
                        <img width="3%" src="skipped.png"/>
                        <a href="#" class="method navigator-link" panel-name="suite-Suite" title="com.kuda.testCases.CustomerInfoManagement" hash-for-method="searchCustomerByName">searchCustomerByName</a> <!-- method navigator-link -->
                      </span>
                      <br/>
                      <span>
                        <img width="3%" src="skipped.png"/>
                        <a href="#" class="method navigator-link" panel-name="suite-Suite" title="com.kuda.testCases.GeneralLedgerManagement" hash-for-method="searchGLByCode">searchGLByCode</a> <!-- method navigator-link -->
                      </span>
                      <br/>
                      <span>
                        <img width="3%" src="skipped.png"/>
                        <a href="#" class="method navigator-link" panel-name="suite-Suite" title="com.kuda.testCases.GeneralLedgerManagement" hash-for-method="searchGLByName">searchGLByName</a> <!-- method navigator-link -->
                      </span>
                      <br/>
                      <span>
                        <img width="3%" src="skipped.png"/>
                        <a href="#" class="method navigator-link" panel-name="suite-Suite" title="com.kuda.testCases.UserManagement" hash-for-method="searchUserByDesignation">searchUserByDesignation</a> <!-- method navigator-link -->
                      </span>
                      <br/>
                      <span>
                        <img width="3%" src="skipped.png"/>
                        <a href="#" class="method navigator-link" panel-name="suite-Suite" title="com.kuda.testCases.UserManagement" hash-for-method="searchUserByEmail">searchUserByEmail</a> <!-- method navigator-link -->
                      </span>
                      <br/>
                      <span>
                        <img width="3%" src="skipped.png"/>
                        <a href="#" class="method navigator-link" panel-name="suite-Suite" title="com.kuda.testCases.UserManagement" hash-for-method="searchUserByEmployeeNumber">searchUserByEmployeeNumber</a> <!-- method navigator-link -->
                      </span>
                      <br/>
                      <span>
                        <img width="3%" src="skipped.png"/>
                        <a href="#" class="method navigator-link" panel-name="suite-Suite" title="com.kuda.testCases.UserManagement" hash-for-method="searchUserByPhoneNumber">searchUserByPhoneNumber</a> <!-- method navigator-link -->
                      </span>
                      <br/>
                      <span>
                        <img width="3%" src="skipped.png"/>
                        <a href="#" class="method navigator-link" panel-name="suite-Suite" title="com.kuda.testCases.UserManagement" hash-for-method="searchUserBylastName">searchUserBylastName</a> <!-- method navigator-link -->
                      </span>
                      <br/>
                      <span>
                        <img width="3%" src="skipped.png"/>
                        <a href="#" class="method navigator-link" panel-name="suite-Suite" title="com.kuda.testCases.UserManagement" hash-for-method="searchUsersByUserName">searchUsersByUserName</a> <!-- method navigator-link -->
                      </span>
                      <br/>
                      <span>
                        <img width="3%" src="skipped.png"/>
                        <a href="#" class="method navigator-link" panel-name="suite-Suite" title="com.kuda.postingsMgt.ValidateLocalTransfer" hash-for-method="verifyLocalFundTransfer">verifyLocalFundTransfer</a> <!-- method navigator-link -->
                      </span>
                      <br/>
                      <span>
                        <img width="3%" src="skipped.png"/>
                        <a href="#" class="method navigator-link" panel-name="suite-Suite" title="com.kuda.testCases.CustomerAccountManagement" hash-for-method="viewAccountBalance">viewAccountBalance</a> <!-- method navigator-link -->
                      </span>
                      <br/>
                      <span>
                        <img width="3%" src="skipped.png"/>
                        <a href="#" class="method navigator-link" panel-name="suite-Suite" title="com.kuda.testCases.BranchManagement" hash-for-method="viewBranches">viewBranches</a> <!-- method navigator-link -->
                      </span>
                      <br/>
                      <span>
                        <img width="3%" src="skipped.png"/>
                        <a href="#" class="method navigator-link" panel-name="suite-Suite" title="com.kuda.testCases.CustomerAccountManagement" hash-for-method="viewCASAccount">viewCASAccount</a> <!-- method navigator-link -->
                      </span>
                      <br/>
                      <span>
                        <img width="3%" src="skipped.png"/>
                        <a href="#" class="method navigator-link" panel-name="suite-Suite" title="com.kuda.testCases.CustomerInfoManagement" hash-for-method="viewCustomers">viewCustomers</a> <!-- method navigator-link -->
                      </span>
                      <br/>
                      <span>
                        <img width="3%" src="skipped.png"/>
                        <a href="#" class="method navigator-link" panel-name="suite-Suite" title="com.kuda.testCases.GeneralLedgerManagement" hash-for-method="viewGLAccounts">viewGLAccounts</a> <!-- method navigator-link -->
                      </span>
                      <br/>
                      <span>
                        <img width="3%" src="skipped.png"/>
                        <a href="#" class="method navigator-link" panel-name="suite-Suite" title="com.kuda.testCases.GeneralLedgerManagement" hash-for-method="viewGLBalance">viewGLBalance</a> <!-- method navigator-link -->
                      </span>
                      <br/>
                      <span>
                        <img width="3%" src="skipped.png"/>
                        <a href="#" class="method navigator-link" panel-name="suite-Suite" title="com.kuda.testCases.UserManagement" hash-for-method="viewUsers">viewUsers</a> <!-- method navigator-link -->
                      </span>
                      <br/>
                    </div> <!-- method-list-content skipped suite-Suite -->
                  </li>
                </ul>
              </div> <!-- suite-section-content -->
            </div> <!-- result-section -->
          </div> <!-- navigator-suite-content -->
        </div> <!-- rounded-window -->
      </div> <!-- suite -->
    </div> <!-- navigator-root -->
    <div class="wrapper">
      <div class="main-panel-root">
        <div panel-name="suite-Suite" class="panel Suite">
          <div class="suite-Suite-class-skipped">
            <div class="main-panel-header rounded-window-top">
              <img src="skipped.png"/>
              <span class="class-name">com.kuda.postingsMgt.ValidateSingleJournalTransfer</span>
            </div> <!-- main-panel-header rounded-window-top -->
            <div class="main-panel-content rounded-window-bottom">
              <div class="method">
                <div class="method-content">
                  <a name="glToglTransfer">
                  </a> <!-- glToglTransfer -->
                  <span class="method-name">glToglTransfer</span>
                  <div class="stack-trace">org.openqa.selenium.NoSuchWindowException: no such window: target window already closed
from unknown error: web view not found
  (Session info: chrome=85.0.4183.121)
Build info: version: &apos;3.141.59&apos;, revision: &apos;e82be7d358&apos;, time: &apos;2018-11-14T08:17:03&apos;
System info: host: &apos;DESKTOP-D068G7Q&apos;, ip: &apos;192.168.43.200&apos;, os.name: &apos;Windows 10&apos;, os.arch: &apos;amd64&apos;, os.version: &apos;10.0&apos;, java.version: &apos;1.8.0_261&apos;
Driver info: org.openqa.selenium.chrome.ChromeDriver
Capabilities {acceptInsecureCerts: false, browserName: chrome, browserVersion: 85.0.4183.121, chrome: {chromedriverVersion: 85.0.4183.87 (cd6713ebf92fa..., userDataDir: C:\Users\Gbenga\AppData\Loc...}, goog:chromeOptions: {debuggerAddress: localhost:53502}, javascriptEnabled: true, networkConnectionEnabled: false, pageLoadStrategy: normal, platform: WINDOWS, platformName: WINDOWS, proxy: Proxy(), setWindowRect: true, strictFileInteractability: false, timeouts: {implicit: 0, pageLoad: 300000, script: 30000}, unhandledPromptBehavior: dismiss and notify, webauthn:virtualAuthenticators: true}
Session ID: 9a2809dedb5bad7a94dc97a24d93c36b
	at org.openqa.selenium.remote.http.W3CHttpResponseCodec.createException(W3CHttpResponseCodec.java:187)
	at org.openqa.selenium.remote.http.W3CHttpResponseCodec.decode(W3CHttpResponseCodec.java:122)
	at org.openqa.selenium.remote.http.W3CHttpResponseCodec.decode(W3CHttpResponseCodec.java:49)
	at org.openqa.selenium.remote.HttpCommandExecutor.execute(HttpCommandExecutor.java:158)
	at org.openqa.selenium.remote.service.DriverCommandExecutor.execute(DriverCommandExecutor.java:83)
	at org.openqa.selenium.remote.RemoteWebDriver.execute(RemoteWebDriver.java:552)
	at org.openqa.selenium.remote.RemoteWebDriver.execute(RemoteWebDriver.java:609)
	at org.openqa.selenium.remote.RemoteWebDriver$RemoteWebDriverOptions$RemoteWindow.maximize(RemoteWebDriver.java:837)
	at com.kuda.base.TestBase.setUp(TestBase.java:55)
	at java.util.ArrayList.forEach(ArrayList.java:1259)
... Removed 32 stack frames
</div> <!-- stack-trace -->
                </div> <!-- method-content -->
              </div> <!-- method -->
            </div> <!-- main-panel-content rounded-window-bottom -->
          </div> <!-- suite-Suite-class-skipped -->
          <div class="suite-Suite-class-skipped">
            <div class="main-panel-header rounded-window-top">
              <img src="skipped.png"/>
              <span class="class-name">com.kuda.postingsMgt.ValidateLocalTransfer</span>
            </div> <!-- main-panel-header rounded-window-top -->
            <div class="main-panel-content rounded-window-bottom">
              <div class="method">
                <div class="method-content">
                  <a name="verifyLocalFundTransfer">
                  </a> <!-- verifyLocalFundTransfer -->
                  <span class="method-name">verifyLocalFundTransfer</span>
                  <div class="stack-trace">org.openqa.selenium.SessionNotCreatedException: session not created
from chrome not reachable
  (Session info: chrome=85.0.4183.121)
Build info: version: &apos;3.141.59&apos;, revision: &apos;e82be7d358&apos;, time: &apos;2018-11-14T08:17:03&apos;
System info: host: &apos;DESKTOP-D068G7Q&apos;, ip: &apos;192.168.43.200&apos;, os.name: &apos;Windows 10&apos;, os.arch: &apos;amd64&apos;, os.version: &apos;10.0&apos;, java.version: &apos;1.8.0_261&apos;
Driver info: driver.version: ChromeDriver
remote stacktrace: Backtrace:
	Ordinal0 [0x00BAD383+3134339]
	Ordinal0 [0x00A9A171+2007409]
	Ordinal0 [0x0093AD90+568720]
	Ordinal0 [0x00931364+529252]
	Ordinal0 [0x009319FC+530940]
	Ordinal0 [0x00932C15+535573]
	Ordinal0 [0x0092DFC5+516037]
	Ordinal0 [0x0093BF70+573296]
	Ordinal0 [0x008E1916+203030]
	Ordinal0 [0x008E0C1D+199709]
	Ordinal0 [0x008DEB0B+191243]
	Ordinal0 [0x008C2E77+77431]
	Ordinal0 [0x008C3E3E+81470]
	Ordinal0 [0x008C3DC9+81353]
	Ordinal0 [0x00AB0CD9+2100441]
	GetHandleVerifier [0x00D1B75A+1396954]
	GetHandleVerifier [0x00D1B3D9+1396057]
	GetHandleVerifier [0x00D27126+1444518]
	GetHandleVerifier [0x00D1BCE8+1398376]
	Ordinal0 [0x00AA7F51+2064209]
	Ordinal0 [0x00AB22EB+2106091]
	Ordinal0 [0x00AB2411+2106385]
	Ordinal0 [0x00AC49C4+2181572]
	BaseThreadInitThunk [0x77A96359+25]
	RtlGetAppContainerNamedObjectPath [0x77DD7C24+228]
	RtlGetAppContainerNamedObjectPath [0x77DD7BF4+180]

	at org.openqa.selenium.remote.W3CHandshakeResponse.lambda$errorHandler$0(W3CHandshakeResponse.java:62)
	at org.openqa.selenium.remote.HandshakeResponse.lambda$getResponseFunction$0(HandshakeResponse.java:30)
	at org.openqa.selenium.remote.ProtocolHandshake.lambda$createSession$0(ProtocolHandshake.java:126)
	at java.util.stream.ReferencePipeline$3$1.accept(ReferencePipeline.java:193)
	at java.util.Spliterators$ArraySpliterator.tryAdvance(Spliterators.java:958)
	at java.util.stream.ReferencePipeline.forEachWithCancel(ReferencePipeline.java:126)
	at java.util.stream.AbstractPipeline.copyIntoWithCancel(AbstractPipeline.java:499)
	at java.util.stream.AbstractPipeline.copyInto(AbstractPipeline.java:486)
	at java.util.stream.AbstractPipeline.wrapAndCopyInto(AbstractPipeline.java:472)
	at java.util.stream.FindOps$FindOp.evaluateSequential(FindOps.java:152)
	at java.util.stream.AbstractPipeline.evaluate(AbstractPipeline.java:234)
	at java.util.stream.ReferencePipeline.findFirst(ReferencePipeline.java:464)
	at org.openqa.selenium.remote.ProtocolHandshake.createSession(ProtocolHandshake.java:128)
	at org.openqa.selenium.remote.ProtocolHandshake.createSession(ProtocolHandshake.java:74)
	at org.openqa.selenium.remote.HttpCommandExecutor.execute(HttpCommandExecutor.java:136)
	at org.openqa.selenium.remote.service.DriverCommandExecutor.execute(DriverCommandExecutor.java:83)
	at org.openqa.selenium.remote.RemoteWebDriver.execute(RemoteWebDriver.java:552)
	at org.openqa.selenium.remote.RemoteWebDriver.startSession(RemoteWebDriver.java:213)
	at org.openqa.selenium.remote.RemoteWebDriver.&lt;init&gt;(RemoteWebDriver.java:131)
	at org.openqa.selenium.chrome.ChromeDriver.&lt;init&gt;(ChromeDriver.java:181)
	at org.openqa.selenium.chrome.ChromeDriver.&lt;init&gt;(ChromeDriver.java:168)
	at org.openqa.selenium.chrome.ChromeDriver.&lt;init&gt;(ChromeDriver.java:123)
	at com.kuda.base.TestBase.setUp(TestBase.java:30)
	at java.util.ArrayList.forEach(ArrayList.java:1259)
... Removed 32 stack frames
</div> <!-- stack-trace -->
                </div> <!-- method-content -->
              </div> <!-- method -->
            </div> <!-- main-panel-content rounded-window-bottom -->
          </div> <!-- suite-Suite-class-skipped -->
          <div class="suite-Suite-class-skipped">
            <div class="main-panel-header rounded-window-top">
              <img src="skipped.png"/>
              <span class="class-name">com.kuda.testCases.GeneralLedgerManagement</span>
            </div> <!-- main-panel-header rounded-window-top -->
            <div class="main-panel-content rounded-window-bottom">
              <div class="method">
                <div class="method-content">
                  <a name="editGeneralLedgerAccount">
                  </a> <!-- editGeneralLedgerAccount -->
                  <span class="method-name">editGeneralLedgerAccount</span>
                  <div class="stack-trace">org.openqa.selenium.SessionNotCreatedException: session not created
from chrome not reachable
  (Session info: chrome=85.0.4183.121)
Build info: version: &apos;3.141.59&apos;, revision: &apos;e82be7d358&apos;, time: &apos;2018-11-14T08:17:03&apos;
System info: host: &apos;DESKTOP-D068G7Q&apos;, ip: &apos;192.168.43.200&apos;, os.name: &apos;Windows 10&apos;, os.arch: &apos;amd64&apos;, os.version: &apos;10.0&apos;, java.version: &apos;1.8.0_261&apos;
Driver info: driver.version: ChromeDriver
remote stacktrace: Backtrace:
	Ordinal0 [0x00BAD383+3134339]
	Ordinal0 [0x00A9A171+2007409]
	Ordinal0 [0x0093AD90+568720]
	Ordinal0 [0x00931364+529252]
	Ordinal0 [0x009319FC+530940]
	Ordinal0 [0x00932C15+535573]
	Ordinal0 [0x0092DFC5+516037]
	Ordinal0 [0x0093BF70+573296]
	Ordinal0 [0x008E1916+203030]
	Ordinal0 [0x008E0C1D+199709]
	Ordinal0 [0x008DEB0B+191243]
	Ordinal0 [0x008C2E77+77431]
	Ordinal0 [0x008C3E3E+81470]
	Ordinal0 [0x008C3DC9+81353]
	Ordinal0 [0x00AB0CD9+2100441]
	GetHandleVerifier [0x00D1B75A+1396954]
	GetHandleVerifier [0x00D1B3D9+1396057]
	GetHandleVerifier [0x00D27126+1444518]
	GetHandleVerifier [0x00D1BCE8+1398376]
	Ordinal0 [0x00AA7F51+2064209]
	Ordinal0 [0x00AB22EB+2106091]
	Ordinal0 [0x00AB2411+2106385]
	Ordinal0 [0x00AC49C4+2181572]
	BaseThreadInitThunk [0x77A96359+25]
	RtlGetAppContainerNamedObjectPath [0x77DD7C24+228]
	RtlGetAppContainerNamedObjectPath [0x77DD7BF4+180]

	at org.openqa.selenium.remote.W3CHandshakeResponse.lambda$errorHandler$0(W3CHandshakeResponse.java:62)
	at org.openqa.selenium.remote.HandshakeResponse.lambda$getResponseFunction$0(HandshakeResponse.java:30)
	at org.openqa.selenium.remote.ProtocolHandshake.lambda$createSession$0(ProtocolHandshake.java:126)
	at java.util.stream.ReferencePipeline$3$1.accept(ReferencePipeline.java:193)
	at java.util.Spliterators$ArraySpliterator.tryAdvance(Spliterators.java:958)
	at java.util.stream.ReferencePipeline.forEachWithCancel(ReferencePipeline.java:126)
	at java.util.stream.AbstractPipeline.copyIntoWithCancel(AbstractPipeline.java:499)
	at java.util.stream.AbstractPipeline.copyInto(AbstractPipeline.java:486)
	at java.util.stream.AbstractPipeline.wrapAndCopyInto(AbstractPipeline.java:472)
	at java.util.stream.FindOps$FindOp.evaluateSequential(FindOps.java:152)
	at java.util.stream.AbstractPipeline.evaluate(AbstractPipeline.java:234)
	at java.util.stream.ReferencePipeline.findFirst(ReferencePipeline.java:464)
	at org.openqa.selenium.remote.ProtocolHandshake.createSession(ProtocolHandshake.java:128)
	at org.openqa.selenium.remote.ProtocolHandshake.createSession(ProtocolHandshake.java:74)
	at org.openqa.selenium.remote.HttpCommandExecutor.execute(HttpCommandExecutor.java:136)
	at org.openqa.selenium.remote.service.DriverCommandExecutor.execute(DriverCommandExecutor.java:83)
	at org.openqa.selenium.remote.RemoteWebDriver.execute(RemoteWebDriver.java:552)
	at org.openqa.selenium.remote.RemoteWebDriver.startSession(RemoteWebDriver.java:213)
	at org.openqa.selenium.remote.RemoteWebDriver.&lt;init&gt;(RemoteWebDriver.java:131)
	at org.openqa.selenium.chrome.ChromeDriver.&lt;init&gt;(ChromeDriver.java:181)
	at org.openqa.selenium.chrome.ChromeDriver.&lt;init&gt;(ChromeDriver.java:168)
	at org.openqa.selenium.chrome.ChromeDriver.&lt;init&gt;(ChromeDriver.java:123)
	at com.kuda.base.TestBase.setUp(TestBase.java:30)
	at java.util.ArrayList.forEach(ArrayList.java:1259)
... Removed 32 stack frames
</div> <!-- stack-trace -->
                </div> <!-- method-content -->
              </div> <!-- method -->
              <div class="method">
                <div class="method-content">
                  <a name="searchGLByCode">
                  </a> <!-- searchGLByCode -->
                  <span class="method-name">searchGLByCode</span>
                  <div class="stack-trace">org.openqa.selenium.SessionNotCreatedException: session not created
from chrome not reachable
  (Session info: chrome=85.0.4183.121)
Build info: version: &apos;3.141.59&apos;, revision: &apos;e82be7d358&apos;, time: &apos;2018-11-14T08:17:03&apos;
System info: host: &apos;DESKTOP-D068G7Q&apos;, ip: &apos;192.168.43.200&apos;, os.name: &apos;Windows 10&apos;, os.arch: &apos;amd64&apos;, os.version: &apos;10.0&apos;, java.version: &apos;1.8.0_261&apos;
Driver info: driver.version: ChromeDriver
remote stacktrace: Backtrace:
	Ordinal0 [0x00BAD383+3134339]
	Ordinal0 [0x00A9A171+2007409]
	Ordinal0 [0x0093AD90+568720]
	Ordinal0 [0x00931364+529252]
	Ordinal0 [0x009319FC+530940]
	Ordinal0 [0x00932C15+535573]
	Ordinal0 [0x0092DFC5+516037]
	Ordinal0 [0x0093BF70+573296]
	Ordinal0 [0x008E1916+203030]
	Ordinal0 [0x008E0C1D+199709]
	Ordinal0 [0x008DEB0B+191243]
	Ordinal0 [0x008C2E77+77431]
	Ordinal0 [0x008C3E3E+81470]
	Ordinal0 [0x008C3DC9+81353]
	Ordinal0 [0x00AB0CD9+2100441]
	GetHandleVerifier [0x00D1B75A+1396954]
	GetHandleVerifier [0x00D1B3D9+1396057]
	GetHandleVerifier [0x00D27126+1444518]
	GetHandleVerifier [0x00D1BCE8+1398376]
	Ordinal0 [0x00AA7F51+2064209]
	Ordinal0 [0x00AB22EB+2106091]
	Ordinal0 [0x00AB2411+2106385]
	Ordinal0 [0x00AC49C4+2181572]
	BaseThreadInitThunk [0x77A96359+25]
	RtlGetAppContainerNamedObjectPath [0x77DD7C24+228]
	RtlGetAppContainerNamedObjectPath [0x77DD7BF4+180]

	at org.openqa.selenium.remote.W3CHandshakeResponse.lambda$errorHandler$0(W3CHandshakeResponse.java:62)
	at org.openqa.selenium.remote.HandshakeResponse.lambda$getResponseFunction$0(HandshakeResponse.java:30)
	at org.openqa.selenium.remote.ProtocolHandshake.lambda$createSession$0(ProtocolHandshake.java:126)
	at java.util.stream.ReferencePipeline$3$1.accept(ReferencePipeline.java:193)
	at java.util.Spliterators$ArraySpliterator.tryAdvance(Spliterators.java:958)
	at java.util.stream.ReferencePipeline.forEachWithCancel(ReferencePipeline.java:126)
	at java.util.stream.AbstractPipeline.copyIntoWithCancel(AbstractPipeline.java:499)
	at java.util.stream.AbstractPipeline.copyInto(AbstractPipeline.java:486)
	at java.util.stream.AbstractPipeline.wrapAndCopyInto(AbstractPipeline.java:472)
	at java.util.stream.FindOps$FindOp.evaluateSequential(FindOps.java:152)
	at java.util.stream.AbstractPipeline.evaluate(AbstractPipeline.java:234)
	at java.util.stream.ReferencePipeline.findFirst(ReferencePipeline.java:464)
	at org.openqa.selenium.remote.ProtocolHandshake.createSession(ProtocolHandshake.java:128)
	at org.openqa.selenium.remote.ProtocolHandshake.createSession(ProtocolHandshake.java:74)
	at org.openqa.selenium.remote.HttpCommandExecutor.execute(HttpCommandExecutor.java:136)
	at org.openqa.selenium.remote.service.DriverCommandExecutor.execute(DriverCommandExecutor.java:83)
	at org.openqa.selenium.remote.RemoteWebDriver.execute(RemoteWebDriver.java:552)
	at org.openqa.selenium.remote.RemoteWebDriver.startSession(RemoteWebDriver.java:213)
	at org.openqa.selenium.remote.RemoteWebDriver.&lt;init&gt;(RemoteWebDriver.java:131)
	at org.openqa.selenium.chrome.ChromeDriver.&lt;init&gt;(ChromeDriver.java:181)
	at org.openqa.selenium.chrome.ChromeDriver.&lt;init&gt;(ChromeDriver.java:168)
	at org.openqa.selenium.chrome.ChromeDriver.&lt;init&gt;(ChromeDriver.java:123)
	at com.kuda.base.TestBase.setUp(TestBase.java:30)
	at java.util.ArrayList.forEach(ArrayList.java:1259)
... Removed 32 stack frames
</div> <!-- stack-trace -->
                </div> <!-- method-content -->
              </div> <!-- method -->
              <div class="method">
                <div class="method-content">
                  <a name="searchGLByName">
                  </a> <!-- searchGLByName -->
                  <span class="method-name">searchGLByName</span>
                  <div class="stack-trace">org.openqa.selenium.SessionNotCreatedException: session not created
from chrome not reachable
  (Session info: chrome=85.0.4183.121)
Build info: version: &apos;3.141.59&apos;, revision: &apos;e82be7d358&apos;, time: &apos;2018-11-14T08:17:03&apos;
System info: host: &apos;DESKTOP-D068G7Q&apos;, ip: &apos;192.168.43.200&apos;, os.name: &apos;Windows 10&apos;, os.arch: &apos;amd64&apos;, os.version: &apos;10.0&apos;, java.version: &apos;1.8.0_261&apos;
Driver info: driver.version: ChromeDriver
remote stacktrace: Backtrace:
	Ordinal0 [0x00BAD383+3134339]
	Ordinal0 [0x00A9A171+2007409]
	Ordinal0 [0x0093AD90+568720]
	Ordinal0 [0x00931364+529252]
	Ordinal0 [0x009319FC+530940]
	Ordinal0 [0x00932C15+535573]
	Ordinal0 [0x0092DFC5+516037]
	Ordinal0 [0x0093BF70+573296]
	Ordinal0 [0x008E1916+203030]
	Ordinal0 [0x008E0C1D+199709]
	Ordinal0 [0x008DEB0B+191243]
	Ordinal0 [0x008C2E77+77431]
	Ordinal0 [0x008C3E3E+81470]
	Ordinal0 [0x008C3DC9+81353]
	Ordinal0 [0x00AB0CD9+2100441]
	GetHandleVerifier [0x00D1B75A+1396954]
	GetHandleVerifier [0x00D1B3D9+1396057]
	GetHandleVerifier [0x00D27126+1444518]
	GetHandleVerifier [0x00D1BCE8+1398376]
	Ordinal0 [0x00AA7F51+2064209]
	Ordinal0 [0x00AB22EB+2106091]
	Ordinal0 [0x00AB2411+2106385]
	Ordinal0 [0x00AC49C4+2181572]
	BaseThreadInitThunk [0x77A96359+25]
	RtlGetAppContainerNamedObjectPath [0x77DD7C24+228]
	RtlGetAppContainerNamedObjectPath [0x77DD7BF4+180]

	at org.openqa.selenium.remote.W3CHandshakeResponse.lambda$errorHandler$0(W3CHandshakeResponse.java:62)
	at org.openqa.selenium.remote.HandshakeResponse.lambda$getResponseFunction$0(HandshakeResponse.java:30)
	at org.openqa.selenium.remote.ProtocolHandshake.lambda$createSession$0(ProtocolHandshake.java:126)
	at java.util.stream.ReferencePipeline$3$1.accept(ReferencePipeline.java:193)
	at java.util.Spliterators$ArraySpliterator.tryAdvance(Spliterators.java:958)
	at java.util.stream.ReferencePipeline.forEachWithCancel(ReferencePipeline.java:126)
	at java.util.stream.AbstractPipeline.copyIntoWithCancel(AbstractPipeline.java:499)
	at java.util.stream.AbstractPipeline.copyInto(AbstractPipeline.java:486)
	at java.util.stream.AbstractPipeline.wrapAndCopyInto(AbstractPipeline.java:472)
	at java.util.stream.FindOps$FindOp.evaluateSequential(FindOps.java:152)
	at java.util.stream.AbstractPipeline.evaluate(AbstractPipeline.java:234)
	at java.util.stream.ReferencePipeline.findFirst(ReferencePipeline.java:464)
	at org.openqa.selenium.remote.ProtocolHandshake.createSession(ProtocolHandshake.java:128)
	at org.openqa.selenium.remote.ProtocolHandshake.createSession(ProtocolHandshake.java:74)
	at org.openqa.selenium.remote.HttpCommandExecutor.execute(HttpCommandExecutor.java:136)
	at org.openqa.selenium.remote.service.DriverCommandExecutor.execute(DriverCommandExecutor.java:83)
	at org.openqa.selenium.remote.RemoteWebDriver.execute(RemoteWebDriver.java:552)
	at org.openqa.selenium.remote.RemoteWebDriver.startSession(RemoteWebDriver.java:213)
	at org.openqa.selenium.remote.RemoteWebDriver.&lt;init&gt;(RemoteWebDriver.java:131)
	at org.openqa.selenium.chrome.ChromeDriver.&lt;init&gt;(ChromeDriver.java:181)
	at org.openqa.selenium.chrome.ChromeDriver.&lt;init&gt;(ChromeDriver.java:168)
	at org.openqa.selenium.chrome.ChromeDriver.&lt;init&gt;(ChromeDriver.java:123)
	at com.kuda.base.TestBase.setUp(TestBase.java:30)
	at java.util.ArrayList.forEach(ArrayList.java:1259)
... Removed 32 stack frames
</div> <!-- stack-trace -->
                </div> <!-- method-content -->
              </div> <!-- method -->
              <div class="method">
                <div class="method-content">
                  <a name="viewGLAccounts">
                  </a> <!-- viewGLAccounts -->
                  <span class="method-name">viewGLAccounts</span>
                  <div class="stack-trace">org.openqa.selenium.SessionNotCreatedException: session not created
from chrome not reachable
  (Session info: chrome=85.0.4183.121)
Build info: version: &apos;3.141.59&apos;, revision: &apos;e82be7d358&apos;, time: &apos;2018-11-14T08:17:03&apos;
System info: host: &apos;DESKTOP-D068G7Q&apos;, ip: &apos;192.168.43.200&apos;, os.name: &apos;Windows 10&apos;, os.arch: &apos;amd64&apos;, os.version: &apos;10.0&apos;, java.version: &apos;1.8.0_261&apos;
Driver info: driver.version: ChromeDriver
remote stacktrace: Backtrace:
	Ordinal0 [0x00BAD383+3134339]
	Ordinal0 [0x00A9A171+2007409]
	Ordinal0 [0x0093AD90+568720]
	Ordinal0 [0x00931364+529252]
	Ordinal0 [0x009319FC+530940]
	Ordinal0 [0x00932C15+535573]
	Ordinal0 [0x0092DFC5+516037]
	Ordinal0 [0x0093BF70+573296]
	Ordinal0 [0x008E1916+203030]
	Ordinal0 [0x008E0C1D+199709]
	Ordinal0 [0x008DEB0B+191243]
	Ordinal0 [0x008C2E77+77431]
	Ordinal0 [0x008C3E3E+81470]
	Ordinal0 [0x008C3DC9+81353]
	Ordinal0 [0x00AB0CD9+2100441]
	GetHandleVerifier [0x00D1B75A+1396954]
	GetHandleVerifier [0x00D1B3D9+1396057]
	GetHandleVerifier [0x00D27126+1444518]
	GetHandleVerifier [0x00D1BCE8+1398376]
	Ordinal0 [0x00AA7F51+2064209]
	Ordinal0 [0x00AB22EB+2106091]
	Ordinal0 [0x00AB2411+2106385]
	Ordinal0 [0x00AC49C4+2181572]
	BaseThreadInitThunk [0x77A96359+25]
	RtlGetAppContainerNamedObjectPath [0x77DD7C24+228]
	RtlGetAppContainerNamedObjectPath [0x77DD7BF4+180]

	at org.openqa.selenium.remote.W3CHandshakeResponse.lambda$errorHandler$0(W3CHandshakeResponse.java:62)
	at org.openqa.selenium.remote.HandshakeResponse.lambda$getResponseFunction$0(HandshakeResponse.java:30)
	at org.openqa.selenium.remote.ProtocolHandshake.lambda$createSession$0(ProtocolHandshake.java:126)
	at java.util.stream.ReferencePipeline$3$1.accept(ReferencePipeline.java:193)
	at java.util.Spliterators$ArraySpliterator.tryAdvance(Spliterators.java:958)
	at java.util.stream.ReferencePipeline.forEachWithCancel(ReferencePipeline.java:126)
	at java.util.stream.AbstractPipeline.copyIntoWithCancel(AbstractPipeline.java:499)
	at java.util.stream.AbstractPipeline.copyInto(AbstractPipeline.java:486)
	at java.util.stream.AbstractPipeline.wrapAndCopyInto(AbstractPipeline.java:472)
	at java.util.stream.FindOps$FindOp.evaluateSequential(FindOps.java:152)
	at java.util.stream.AbstractPipeline.evaluate(AbstractPipeline.java:234)
	at java.util.stream.ReferencePipeline.findFirst(ReferencePipeline.java:464)
	at org.openqa.selenium.remote.ProtocolHandshake.createSession(ProtocolHandshake.java:128)
	at org.openqa.selenium.remote.ProtocolHandshake.createSession(ProtocolHandshake.java:74)
	at org.openqa.selenium.remote.HttpCommandExecutor.execute(HttpCommandExecutor.java:136)
	at org.openqa.selenium.remote.service.DriverCommandExecutor.execute(DriverCommandExecutor.java:83)
	at org.openqa.selenium.remote.RemoteWebDriver.execute(RemoteWebDriver.java:552)
	at org.openqa.selenium.remote.RemoteWebDriver.startSession(RemoteWebDriver.java:213)
	at org.openqa.selenium.remote.RemoteWebDriver.&lt;init&gt;(RemoteWebDriver.java:131)
	at org.openqa.selenium.chrome.ChromeDriver.&lt;init&gt;(ChromeDriver.java:181)
	at org.openqa.selenium.chrome.ChromeDriver.&lt;init&gt;(ChromeDriver.java:168)
	at org.openqa.selenium.chrome.ChromeDriver.&lt;init&gt;(ChromeDriver.java:123)
	at com.kuda.base.TestBase.setUp(TestBase.java:30)
	at java.util.ArrayList.forEach(ArrayList.java:1259)
... Removed 32 stack frames
</div> <!-- stack-trace -->
                </div> <!-- method-content -->
              </div> <!-- method -->
              <div class="method">
                <div class="method-content">
                  <a name="viewGLBalance">
                  </a> <!-- viewGLBalance -->
                  <span class="method-name">viewGLBalance</span>
                  <div class="stack-trace">org.openqa.selenium.SessionNotCreatedException: session not created
from chrome not reachable
  (Session info: chrome=85.0.4183.121)
Build info: version: &apos;3.141.59&apos;, revision: &apos;e82be7d358&apos;, time: &apos;2018-11-14T08:17:03&apos;
System info: host: &apos;DESKTOP-D068G7Q&apos;, ip: &apos;192.168.43.200&apos;, os.name: &apos;Windows 10&apos;, os.arch: &apos;amd64&apos;, os.version: &apos;10.0&apos;, java.version: &apos;1.8.0_261&apos;
Driver info: driver.version: ChromeDriver
remote stacktrace: Backtrace:
	Ordinal0 [0x00BAD383+3134339]
	Ordinal0 [0x00A9A171+2007409]
	Ordinal0 [0x0093AD90+568720]
	Ordinal0 [0x00931364+529252]
	Ordinal0 [0x009319FC+530940]
	Ordinal0 [0x00932C15+535573]
	Ordinal0 [0x0092DFC5+516037]
	Ordinal0 [0x0093BF70+573296]
	Ordinal0 [0x008E1916+203030]
	Ordinal0 [0x008E0C1D+199709]
	Ordinal0 [0x008DEB0B+191243]
	Ordinal0 [0x008C2E77+77431]
	Ordinal0 [0x008C3E3E+81470]
	Ordinal0 [0x008C3DC9+81353]
	Ordinal0 [0x00AB0CD9+2100441]
	GetHandleVerifier [0x00D1B75A+1396954]
	GetHandleVerifier [0x00D1B3D9+1396057]
	GetHandleVerifier [0x00D27126+1444518]
	GetHandleVerifier [0x00D1BCE8+1398376]
	Ordinal0 [0x00AA7F51+2064209]
	Ordinal0 [0x00AB22EB+2106091]
	Ordinal0 [0x00AB2411+2106385]
	Ordinal0 [0x00AC49C4+2181572]
	BaseThreadInitThunk [0x77A96359+25]
	RtlGetAppContainerNamedObjectPath [0x77DD7C24+228]
	RtlGetAppContainerNamedObjectPath [0x77DD7BF4+180]

	at org.openqa.selenium.remote.W3CHandshakeResponse.lambda$errorHandler$0(W3CHandshakeResponse.java:62)
	at org.openqa.selenium.remote.HandshakeResponse.lambda$getResponseFunction$0(HandshakeResponse.java:30)
	at org.openqa.selenium.remote.ProtocolHandshake.lambda$createSession$0(ProtocolHandshake.java:126)
	at java.util.stream.ReferencePipeline$3$1.accept(ReferencePipeline.java:193)
	at java.util.Spliterators$ArraySpliterator.tryAdvance(Spliterators.java:958)
	at java.util.stream.ReferencePipeline.forEachWithCancel(ReferencePipeline.java:126)
	at java.util.stream.AbstractPipeline.copyIntoWithCancel(AbstractPipeline.java:499)
	at java.util.stream.AbstractPipeline.copyInto(AbstractPipeline.java:486)
	at java.util.stream.AbstractPipeline.wrapAndCopyInto(AbstractPipeline.java:472)
	at java.util.stream.FindOps$FindOp.evaluateSequential(FindOps.java:152)
	at java.util.stream.AbstractPipeline.evaluate(AbstractPipeline.java:234)
	at java.util.stream.ReferencePipeline.findFirst(ReferencePipeline.java:464)
	at org.openqa.selenium.remote.ProtocolHandshake.createSession(ProtocolHandshake.java:128)
	at org.openqa.selenium.remote.ProtocolHandshake.createSession(ProtocolHandshake.java:74)
	at org.openqa.selenium.remote.HttpCommandExecutor.execute(HttpCommandExecutor.java:136)
	at org.openqa.selenium.remote.service.DriverCommandExecutor.execute(DriverCommandExecutor.java:83)
	at org.openqa.selenium.remote.RemoteWebDriver.execute(RemoteWebDriver.java:552)
	at org.openqa.selenium.remote.RemoteWebDriver.startSession(RemoteWebDriver.java:213)
	at org.openqa.selenium.remote.RemoteWebDriver.&lt;init&gt;(RemoteWebDriver.java:131)
	at org.openqa.selenium.chrome.ChromeDriver.&lt;init&gt;(ChromeDriver.java:181)
	at org.openqa.selenium.chrome.ChromeDriver.&lt;init&gt;(ChromeDriver.java:168)
	at org.openqa.selenium.chrome.ChromeDriver.&lt;init&gt;(ChromeDriver.java:123)
	at com.kuda.base.TestBase.setUp(TestBase.java:30)
	at java.util.ArrayList.forEach(ArrayList.java:1259)
... Removed 32 stack frames
</div> <!-- stack-trace -->
                </div> <!-- method-content -->
              </div> <!-- method -->
            </div> <!-- main-panel-content rounded-window-bottom -->
          </div> <!-- suite-Suite-class-skipped -->
          <div class="suite-Suite-class-skipped">
            <div class="main-panel-header rounded-window-top">
              <img src="skipped.png"/>
              <span class="class-name">com.kuda.testCases.BranchManagement</span>
            </div> <!-- main-panel-header rounded-window-top -->
            <div class="main-panel-content rounded-window-bottom">
              <div class="method">
                <div class="method-content">
                  <a name="viewBranches">
                  </a> <!-- viewBranches -->
                  <span class="method-name">viewBranches</span>
                  <div class="stack-trace">org.openqa.selenium.WebDriverException: unknown error: net::ERR_NAME_NOT_RESOLVED
  (Session info: chrome=85.0.4183.121)
Build info: version: &apos;3.141.59&apos;, revision: &apos;e82be7d358&apos;, time: &apos;2018-11-14T08:17:03&apos;
System info: host: &apos;DESKTOP-D068G7Q&apos;, ip: &apos;192.168.43.200&apos;, os.name: &apos;Windows 10&apos;, os.arch: &apos;amd64&apos;, os.version: &apos;10.0&apos;, java.version: &apos;1.8.0_261&apos;
Driver info: org.openqa.selenium.chrome.ChromeDriver
Capabilities {acceptInsecureCerts: false, browserName: chrome, browserVersion: 85.0.4183.121, chrome: {chromedriverVersion: 85.0.4183.87 (cd6713ebf92fa..., userDataDir: C:\Users\Gbenga\AppData\Loc...}, goog:chromeOptions: {debuggerAddress: localhost:53378}, javascriptEnabled: true, networkConnectionEnabled: false, pageLoadStrategy: normal, platform: WINDOWS, platformName: WINDOWS, proxy: Proxy(), setWindowRect: true, strictFileInteractability: false, timeouts: {implicit: 0, pageLoad: 300000, script: 30000}, unhandledPromptBehavior: dismiss and notify, webauthn:virtualAuthenticators: true}
Session ID: 95954b1f9b109a63b268eaa54fa7187f
	at org.openqa.selenium.remote.http.W3CHttpResponseCodec.createException(W3CHttpResponseCodec.java:187)
	at org.openqa.selenium.remote.http.W3CHttpResponseCodec.decode(W3CHttpResponseCodec.java:122)
	at org.openqa.selenium.remote.http.W3CHttpResponseCodec.decode(W3CHttpResponseCodec.java:49)
	at org.openqa.selenium.remote.HttpCommandExecutor.execute(HttpCommandExecutor.java:158)
	at org.openqa.selenium.remote.service.DriverCommandExecutor.execute(DriverCommandExecutor.java:83)
	at org.openqa.selenium.remote.RemoteWebDriver.execute(RemoteWebDriver.java:552)
	at org.openqa.selenium.remote.RemoteWebDriver.get(RemoteWebDriver.java:277)
	at com.kuda.base.TestBase.setUp(TestBase.java:53)
	at java.util.ArrayList.forEach(ArrayList.java:1259)
... Removed 32 stack frames
</div> <!-- stack-trace -->
                </div> <!-- method-content -->
              </div> <!-- method -->
            </div> <!-- main-panel-content rounded-window-bottom -->
          </div> <!-- suite-Suite-class-skipped -->
          <div class="suite-Suite-class-skipped">
            <div class="main-panel-header rounded-window-top">
              <img src="skipped.png"/>
              <span class="class-name">com.kuda.testCases.ValidateLogin</span>
            </div> <!-- main-panel-header rounded-window-top -->
            <div class="main-panel-content rounded-window-bottom">
              <div class="method">
                <div class="method-content">
                  <a name="googleSign">
                  </a> <!-- googleSign -->
                  <span class="method-name">googleSign</span>
                  <div class="stack-trace">org.openqa.selenium.WebDriverException: unknown error: net::ERR_NAME_NOT_RESOLVED
  (Session info: chrome=85.0.4183.121)
Build info: version: &apos;3.141.59&apos;, revision: &apos;e82be7d358&apos;, time: &apos;2018-11-14T08:17:03&apos;
System info: host: &apos;DESKTOP-D068G7Q&apos;, ip: &apos;192.168.43.200&apos;, os.name: &apos;Windows 10&apos;, os.arch: &apos;amd64&apos;, os.version: &apos;10.0&apos;, java.version: &apos;1.8.0_261&apos;
Driver info: org.openqa.selenium.chrome.ChromeDriver
Capabilities {acceptInsecureCerts: false, browserName: chrome, browserVersion: 85.0.4183.121, chrome: {chromedriverVersion: 85.0.4183.87 (cd6713ebf92fa..., userDataDir: C:\Users\Gbenga\AppData\Loc...}, goog:chromeOptions: {debuggerAddress: localhost:53358}, javascriptEnabled: true, networkConnectionEnabled: false, pageLoadStrategy: normal, platform: WINDOWS, platformName: WINDOWS, proxy: Proxy(), setWindowRect: true, strictFileInteractability: false, timeouts: {implicit: 0, pageLoad: 300000, script: 30000}, unhandledPromptBehavior: dismiss and notify, webauthn:virtualAuthenticators: true}
Session ID: 526c460c4a4da27d90a83a6489b8865c
	at org.openqa.selenium.remote.http.W3CHttpResponseCodec.createException(W3CHttpResponseCodec.java:187)
	at org.openqa.selenium.remote.http.W3CHttpResponseCodec.decode(W3CHttpResponseCodec.java:122)
	at org.openqa.selenium.remote.http.W3CHttpResponseCodec.decode(W3CHttpResponseCodec.java:49)
	at org.openqa.selenium.remote.HttpCommandExecutor.execute(HttpCommandExecutor.java:158)
	at org.openqa.selenium.remote.service.DriverCommandExecutor.execute(DriverCommandExecutor.java:83)
	at org.openqa.selenium.remote.RemoteWebDriver.execute(RemoteWebDriver.java:552)
	at org.openqa.selenium.remote.RemoteWebDriver.get(RemoteWebDriver.java:277)
	at com.kuda.base.TestBase.setUp(TestBase.java:53)
	at java.util.ArrayList.forEach(ArrayList.java:1259)
... Removed 32 stack frames
</div> <!-- stack-trace -->
                </div> <!-- method-content -->
              </div> <!-- method -->
            </div> <!-- main-panel-content rounded-window-bottom -->
          </div> <!-- suite-Suite-class-skipped -->
          <div class="suite-Suite-class-skipped">
            <div class="main-panel-header rounded-window-top">
              <img src="skipped.png"/>
              <span class="class-name">com.kuda.testCases.CustomerAccountManagement</span>
            </div> <!-- main-panel-header rounded-window-top -->
            <div class="main-panel-content rounded-window-bottom">
              <div class="method">
                <div class="method-content">
                  <a name="createCustomerAccount">
                  </a> <!-- createCustomerAccount -->
                  <span class="method-name">createCustomerAccount</span>
                  <div class="stack-trace">org.openqa.selenium.WebDriverException: chrome not reachable
  (Session info: chrome=85.0.4183.121)
Build info: version: &apos;3.141.59&apos;, revision: &apos;e82be7d358&apos;, time: &apos;2018-11-14T08:17:03&apos;
System info: host: &apos;DESKTOP-D068G7Q&apos;, ip: &apos;192.168.43.200&apos;, os.name: &apos;Windows 10&apos;, os.arch: &apos;amd64&apos;, os.version: &apos;10.0&apos;, java.version: &apos;1.8.0_261&apos;
Driver info: org.openqa.selenium.chrome.ChromeDriver
Capabilities {acceptInsecureCerts: false, browserName: chrome, browserVersion: 85.0.4183.121, chrome: {chromedriverVersion: 85.0.4183.87 (cd6713ebf92fa..., userDataDir: C:\Users\Gbenga\AppData\Loc...}, goog:chromeOptions: {debuggerAddress: localhost:53389}, javascriptEnabled: true, networkConnectionEnabled: false, pageLoadStrategy: normal, platform: WINDOWS, platformName: WINDOWS, proxy: Proxy(), setWindowRect: true, strictFileInteractability: false, timeouts: {implicit: 0, pageLoad: 300000, script: 30000}, unhandledPromptBehavior: dismiss and notify, webauthn:virtualAuthenticators: true}
Session ID: 689b0ab75c27a46d8779f8f9da91b221
	at org.openqa.selenium.remote.http.W3CHttpResponseCodec.createException(W3CHttpResponseCodec.java:187)
	at org.openqa.selenium.remote.http.W3CHttpResponseCodec.decode(W3CHttpResponseCodec.java:122)
	at org.openqa.selenium.remote.http.W3CHttpResponseCodec.decode(W3CHttpResponseCodec.java:49)
	at org.openqa.selenium.remote.HttpCommandExecutor.execute(HttpCommandExecutor.java:158)
	at org.openqa.selenium.remote.service.DriverCommandExecutor.execute(DriverCommandExecutor.java:83)
	at org.openqa.selenium.remote.RemoteWebDriver.execute(RemoteWebDriver.java:552)
	at org.openqa.selenium.remote.RemoteWebDriver.execute(RemoteWebDriver.java:609)
	at org.openqa.selenium.remote.RemoteWebDriver$RemoteWebDriverOptions.deleteAllCookies(RemoteWebDriver.java:694)
	at com.kuda.base.TestBase.setUp(TestBase.java:56)
	at java.util.ArrayList.forEach(ArrayList.java:1259)
... Removed 32 stack frames
</div> <!-- stack-trace -->
                </div> <!-- method-content -->
              </div> <!-- method -->
              <div class="method">
                <div class="method-content">
                  <a name="editCustomerAccount">
                  </a> <!-- editCustomerAccount -->
                  <span class="method-name">editCustomerAccount</span>
                  <div class="stack-trace">org.openqa.selenium.WebDriverException: chrome not reachable
  (Session info: chrome=85.0.4183.121)
Build info: version: &apos;3.141.59&apos;, revision: &apos;e82be7d358&apos;, time: &apos;2018-11-14T08:17:03&apos;
System info: host: &apos;DESKTOP-D068G7Q&apos;, ip: &apos;192.168.43.200&apos;, os.name: &apos;Windows 10&apos;, os.arch: &apos;amd64&apos;, os.version: &apos;10.0&apos;, java.version: &apos;1.8.0_261&apos;
Driver info: org.openqa.selenium.chrome.ChromeDriver
Capabilities {acceptInsecureCerts: false, browserName: chrome, browserVersion: 85.0.4183.121, chrome: {chromedriverVersion: 85.0.4183.87 (cd6713ebf92fa..., userDataDir: C:\Users\Gbenga\AppData\Loc...}, goog:chromeOptions: {debuggerAddress: localhost:53389}, javascriptEnabled: true, networkConnectionEnabled: false, pageLoadStrategy: normal, platform: WINDOWS, platformName: WINDOWS, proxy: Proxy(), setWindowRect: true, strictFileInteractability: false, timeouts: {implicit: 0, pageLoad: 300000, script: 30000}, unhandledPromptBehavior: dismiss and notify, webauthn:virtualAuthenticators: true}
Session ID: 689b0ab75c27a46d8779f8f9da91b221
	at org.openqa.selenium.remote.http.W3CHttpResponseCodec.createException(W3CHttpResponseCodec.java:187)
	at org.openqa.selenium.remote.http.W3CHttpResponseCodec.decode(W3CHttpResponseCodec.java:122)
	at org.openqa.selenium.remote.http.W3CHttpResponseCodec.decode(W3CHttpResponseCodec.java:49)
	at org.openqa.selenium.remote.HttpCommandExecutor.execute(HttpCommandExecutor.java:158)
	at org.openqa.selenium.remote.service.DriverCommandExecutor.execute(DriverCommandExecutor.java:83)
	at org.openqa.selenium.remote.RemoteWebDriver.execute(RemoteWebDriver.java:552)
	at org.openqa.selenium.remote.RemoteWebDriver.execute(RemoteWebDriver.java:609)
	at org.openqa.selenium.remote.RemoteWebDriver$RemoteWebDriverOptions.deleteAllCookies(RemoteWebDriver.java:694)
	at com.kuda.base.TestBase.setUp(TestBase.java:56)
	at java.util.ArrayList.forEach(ArrayList.java:1259)
... Removed 32 stack frames
</div> <!-- stack-trace -->
                </div> <!-- method-content -->
              </div> <!-- method -->
              <div class="method">
                <div class="method-content">
                  <a name="searchByAccountEmail">
                  </a> <!-- searchByAccountEmail -->
                  <span class="method-name">searchByAccountEmail</span>
                  <div class="stack-trace">org.openqa.selenium.WebDriverException: chrome not reachable
  (Session info: chrome=85.0.4183.121)
Build info: version: &apos;3.141.59&apos;, revision: &apos;e82be7d358&apos;, time: &apos;2018-11-14T08:17:03&apos;
System info: host: &apos;DESKTOP-D068G7Q&apos;, ip: &apos;192.168.43.200&apos;, os.name: &apos;Windows 10&apos;, os.arch: &apos;amd64&apos;, os.version: &apos;10.0&apos;, java.version: &apos;1.8.0_261&apos;
Driver info: org.openqa.selenium.chrome.ChromeDriver
Capabilities {acceptInsecureCerts: false, browserName: chrome, browserVersion: 85.0.4183.121, chrome: {chromedriverVersion: 85.0.4183.87 (cd6713ebf92fa..., userDataDir: C:\Users\Gbenga\AppData\Loc...}, goog:chromeOptions: {debuggerAddress: localhost:53389}, javascriptEnabled: true, networkConnectionEnabled: false, pageLoadStrategy: normal, platform: WINDOWS, platformName: WINDOWS, proxy: Proxy(), setWindowRect: true, strictFileInteractability: false, timeouts: {implicit: 0, pageLoad: 300000, script: 30000}, unhandledPromptBehavior: dismiss and notify, webauthn:virtualAuthenticators: true}
Session ID: 689b0ab75c27a46d8779f8f9da91b221
	at org.openqa.selenium.remote.http.W3CHttpResponseCodec.createException(W3CHttpResponseCodec.java:187)
	at org.openqa.selenium.remote.http.W3CHttpResponseCodec.decode(W3CHttpResponseCodec.java:122)
	at org.openqa.selenium.remote.http.W3CHttpResponseCodec.decode(W3CHttpResponseCodec.java:49)
	at org.openqa.selenium.remote.HttpCommandExecutor.execute(HttpCommandExecutor.java:158)
	at org.openqa.selenium.remote.service.DriverCommandExecutor.execute(DriverCommandExecutor.java:83)
	at org.openqa.selenium.remote.RemoteWebDriver.execute(RemoteWebDriver.java:552)
	at org.openqa.selenium.remote.RemoteWebDriver.execute(RemoteWebDriver.java:609)
	at org.openqa.selenium.remote.RemoteWebDriver$RemoteWebDriverOptions.deleteAllCookies(RemoteWebDriver.java:694)
	at com.kuda.base.TestBase.setUp(TestBase.java:56)
	at java.util.ArrayList.forEach(ArrayList.java:1259)
... Removed 32 stack frames
</div> <!-- stack-trace -->
                </div> <!-- method-content -->
              </div> <!-- method -->
              <div class="method">
                <div class="method-content">
                  <a name="searchByAccountName">
                  </a> <!-- searchByAccountName -->
                  <span class="method-name">searchByAccountName</span>
                  <div class="stack-trace">org.openqa.selenium.WebDriverException: chrome not reachable
  (Session info: chrome=85.0.4183.121)
Build info: version: &apos;3.141.59&apos;, revision: &apos;e82be7d358&apos;, time: &apos;2018-11-14T08:17:03&apos;
System info: host: &apos;DESKTOP-D068G7Q&apos;, ip: &apos;192.168.43.200&apos;, os.name: &apos;Windows 10&apos;, os.arch: &apos;amd64&apos;, os.version: &apos;10.0&apos;, java.version: &apos;1.8.0_261&apos;
Driver info: org.openqa.selenium.chrome.ChromeDriver
Capabilities {acceptInsecureCerts: false, browserName: chrome, browserVersion: 85.0.4183.121, chrome: {chromedriverVersion: 85.0.4183.87 (cd6713ebf92fa..., userDataDir: C:\Users\Gbenga\AppData\Loc...}, goog:chromeOptions: {debuggerAddress: localhost:53389}, javascriptEnabled: true, networkConnectionEnabled: false, pageLoadStrategy: normal, platform: WINDOWS, platformName: WINDOWS, proxy: Proxy(), setWindowRect: true, strictFileInteractability: false, timeouts: {implicit: 0, pageLoad: 300000, script: 30000}, unhandledPromptBehavior: dismiss and notify, webauthn:virtualAuthenticators: true}
Session ID: 689b0ab75c27a46d8779f8f9da91b221
	at org.openqa.selenium.remote.http.W3CHttpResponseCodec.createException(W3CHttpResponseCodec.java:187)
	at org.openqa.selenium.remote.http.W3CHttpResponseCodec.decode(W3CHttpResponseCodec.java:122)
	at org.openqa.selenium.remote.http.W3CHttpResponseCodec.decode(W3CHttpResponseCodec.java:49)
	at org.openqa.selenium.remote.HttpCommandExecutor.execute(HttpCommandExecutor.java:158)
	at org.openqa.selenium.remote.service.DriverCommandExecutor.execute(DriverCommandExecutor.java:83)
	at org.openqa.selenium.remote.RemoteWebDriver.execute(RemoteWebDriver.java:552)
	at org.openqa.selenium.remote.RemoteWebDriver.execute(RemoteWebDriver.java:609)
	at org.openqa.selenium.remote.RemoteWebDriver$RemoteWebDriverOptions.deleteAllCookies(RemoteWebDriver.java:694)
	at com.kuda.base.TestBase.setUp(TestBase.java:56)
	at java.util.ArrayList.forEach(ArrayList.java:1259)
... Removed 32 stack frames
</div> <!-- stack-trace -->
                </div> <!-- method-content -->
              </div> <!-- method -->
              <div class="method">
                <div class="method-content">
                  <a name="searchByAccountNumber">
                  </a> <!-- searchByAccountNumber -->
                  <span class="method-name">searchByAccountNumber</span>
                  <div class="stack-trace">org.openqa.selenium.WebDriverException: chrome not reachable
  (Session info: chrome=85.0.4183.121)
Build info: version: &apos;3.141.59&apos;, revision: &apos;e82be7d358&apos;, time: &apos;2018-11-14T08:17:03&apos;
System info: host: &apos;DESKTOP-D068G7Q&apos;, ip: &apos;192.168.43.200&apos;, os.name: &apos;Windows 10&apos;, os.arch: &apos;amd64&apos;, os.version: &apos;10.0&apos;, java.version: &apos;1.8.0_261&apos;
Driver info: org.openqa.selenium.chrome.ChromeDriver
Capabilities {acceptInsecureCerts: false, browserName: chrome, browserVersion: 85.0.4183.121, chrome: {chromedriverVersion: 85.0.4183.87 (cd6713ebf92fa..., userDataDir: C:\Users\Gbenga\AppData\Loc...}, goog:chromeOptions: {debuggerAddress: localhost:53389}, javascriptEnabled: true, networkConnectionEnabled: false, pageLoadStrategy: normal, platform: WINDOWS, platformName: WINDOWS, proxy: Proxy(), setWindowRect: true, strictFileInteractability: false, timeouts: {implicit: 0, pageLoad: 300000, script: 30000}, unhandledPromptBehavior: dismiss and notify, webauthn:virtualAuthenticators: true}
Session ID: 689b0ab75c27a46d8779f8f9da91b221
	at org.openqa.selenium.remote.http.W3CHttpResponseCodec.createException(W3CHttpResponseCodec.java:187)
	at org.openqa.selenium.remote.http.W3CHttpResponseCodec.decode(W3CHttpResponseCodec.java:122)
	at org.openqa.selenium.remote.http.W3CHttpResponseCodec.decode(W3CHttpResponseCodec.java:49)
	at org.openqa.selenium.remote.HttpCommandExecutor.execute(HttpCommandExecutor.java:158)
	at org.openqa.selenium.remote.service.DriverCommandExecutor.execute(DriverCommandExecutor.java:83)
	at org.openqa.selenium.remote.RemoteWebDriver.execute(RemoteWebDriver.java:552)
	at org.openqa.selenium.remote.RemoteWebDriver.execute(RemoteWebDriver.java:609)
	at org.openqa.selenium.remote.RemoteWebDriver$RemoteWebDriverOptions.deleteAllCookies(RemoteWebDriver.java:694)
	at com.kuda.base.TestBase.setUp(TestBase.java:56)
	at java.util.ArrayList.forEach(ArrayList.java:1259)
... Removed 32 stack frames
</div> <!-- stack-trace -->
                </div> <!-- method-content -->
              </div> <!-- method -->
              <div class="method">
                <div class="method-content">
                  <a name="viewAccountBalance">
                  </a> <!-- viewAccountBalance -->
                  <span class="method-name">viewAccountBalance</span>
                  <div class="stack-trace">org.openqa.selenium.WebDriverException: chrome not reachable
  (Session info: chrome=85.0.4183.121)
Build info: version: &apos;3.141.59&apos;, revision: &apos;e82be7d358&apos;, time: &apos;2018-11-14T08:17:03&apos;
System info: host: &apos;DESKTOP-D068G7Q&apos;, ip: &apos;192.168.43.200&apos;, os.name: &apos;Windows 10&apos;, os.arch: &apos;amd64&apos;, os.version: &apos;10.0&apos;, java.version: &apos;1.8.0_261&apos;
Driver info: org.openqa.selenium.chrome.ChromeDriver
Capabilities {acceptInsecureCerts: false, browserName: chrome, browserVersion: 85.0.4183.121, chrome: {chromedriverVersion: 85.0.4183.87 (cd6713ebf92fa..., userDataDir: C:\Users\Gbenga\AppData\Loc...}, goog:chromeOptions: {debuggerAddress: localhost:53389}, javascriptEnabled: true, networkConnectionEnabled: false, pageLoadStrategy: normal, platform: WINDOWS, platformName: WINDOWS, proxy: Proxy(), setWindowRect: true, strictFileInteractability: false, timeouts: {implicit: 0, pageLoad: 300000, script: 30000}, unhandledPromptBehavior: dismiss and notify, webauthn:virtualAuthenticators: true}
Session ID: 689b0ab75c27a46d8779f8f9da91b221
	at org.openqa.selenium.remote.http.W3CHttpResponseCodec.createException(W3CHttpResponseCodec.java:187)
	at org.openqa.selenium.remote.http.W3CHttpResponseCodec.decode(W3CHttpResponseCodec.java:122)
	at org.openqa.selenium.remote.http.W3CHttpResponseCodec.decode(W3CHttpResponseCodec.java:49)
	at org.openqa.selenium.remote.HttpCommandExecutor.execute(HttpCommandExecutor.java:158)
	at org.openqa.selenium.remote.service.DriverCommandExecutor.execute(DriverCommandExecutor.java:83)
	at org.openqa.selenium.remote.RemoteWebDriver.execute(RemoteWebDriver.java:552)
	at org.openqa.selenium.remote.RemoteWebDriver.execute(RemoteWebDriver.java:609)
	at org.openqa.selenium.remote.RemoteWebDriver$RemoteWebDriverOptions.deleteAllCookies(RemoteWebDriver.java:694)
	at com.kuda.base.TestBase.setUp(TestBase.java:56)
	at java.util.ArrayList.forEach(ArrayList.java:1259)
... Removed 32 stack frames
</div> <!-- stack-trace -->
                </div> <!-- method-content -->
              </div> <!-- method -->
              <div class="method">
                <div class="method-content">
                  <a name="viewCASAccount">
                  </a> <!-- viewCASAccount -->
                  <span class="method-name">viewCASAccount</span>
                  <div class="stack-trace">org.openqa.selenium.WebDriverException: chrome not reachable
  (Session info: chrome=85.0.4183.121)
Build info: version: &apos;3.141.59&apos;, revision: &apos;e82be7d358&apos;, time: &apos;2018-11-14T08:17:03&apos;
System info: host: &apos;DESKTOP-D068G7Q&apos;, ip: &apos;192.168.43.200&apos;, os.name: &apos;Windows 10&apos;, os.arch: &apos;amd64&apos;, os.version: &apos;10.0&apos;, java.version: &apos;1.8.0_261&apos;
Driver info: org.openqa.selenium.chrome.ChromeDriver
Capabilities {acceptInsecureCerts: false, browserName: chrome, browserVersion: 85.0.4183.121, chrome: {chromedriverVersion: 85.0.4183.87 (cd6713ebf92fa..., userDataDir: C:\Users\Gbenga\AppData\Loc...}, goog:chromeOptions: {debuggerAddress: localhost:53389}, javascriptEnabled: true, networkConnectionEnabled: false, pageLoadStrategy: normal, platform: WINDOWS, platformName: WINDOWS, proxy: Proxy(), setWindowRect: true, strictFileInteractability: false, timeouts: {implicit: 0, pageLoad: 300000, script: 30000}, unhandledPromptBehavior: dismiss and notify, webauthn:virtualAuthenticators: true}
Session ID: 689b0ab75c27a46d8779f8f9da91b221
	at org.openqa.selenium.remote.http.W3CHttpResponseCodec.createException(W3CHttpResponseCodec.java:187)
	at org.openqa.selenium.remote.http.W3CHttpResponseCodec.decode(W3CHttpResponseCodec.java:122)
	at org.openqa.selenium.remote.http.W3CHttpResponseCodec.decode(W3CHttpResponseCodec.java:49)
	at org.openqa.selenium.remote.HttpCommandExecutor.execute(HttpCommandExecutor.java:158)
	at org.openqa.selenium.remote.service.DriverCommandExecutor.execute(DriverCommandExecutor.java:83)
	at org.openqa.selenium.remote.RemoteWebDriver.execute(RemoteWebDriver.java:552)
	at org.openqa.selenium.remote.RemoteWebDriver.execute(RemoteWebDriver.java:609)
	at org.openqa.selenium.remote.RemoteWebDriver$RemoteWebDriverOptions.deleteAllCookies(RemoteWebDriver.java:694)
	at com.kuda.base.TestBase.setUp(TestBase.java:56)
	at java.util.ArrayList.forEach(ArrayList.java:1259)
... Removed 32 stack frames
</div> <!-- stack-trace -->
                </div> <!-- method-content -->
              </div> <!-- method -->
            </div> <!-- main-panel-content rounded-window-bottom -->
          </div> <!-- suite-Suite-class-skipped -->
          <div class="suite-Suite-class-skipped">
            <div class="main-panel-header rounded-window-top">
              <img src="skipped.png"/>
              <span class="class-name">com.kuda.testCases.UserManagement</span>
            </div> <!-- main-panel-header rounded-window-top -->
            <div class="main-panel-content rounded-window-bottom">
              <div class="method">
                <div class="method-content">
                  <a name="searchUserByDesignation">
                  </a> <!-- searchUserByDesignation -->
                  <span class="method-name">searchUserByDesignation</span>
                  <div class="stack-trace">org.openqa.selenium.SessionNotCreatedException: session not created
from chrome not reachable
  (Session info: chrome=85.0.4183.121)
Build info: version: &apos;3.141.59&apos;, revision: &apos;e82be7d358&apos;, time: &apos;2018-11-14T08:17:03&apos;
System info: host: &apos;DESKTOP-D068G7Q&apos;, ip: &apos;192.168.43.200&apos;, os.name: &apos;Windows 10&apos;, os.arch: &apos;amd64&apos;, os.version: &apos;10.0&apos;, java.version: &apos;1.8.0_261&apos;
Driver info: driver.version: ChromeDriver
remote stacktrace: Backtrace:
	Ordinal0 [0x00BAD383+3134339]
	Ordinal0 [0x00A9A171+2007409]
	Ordinal0 [0x0093AD90+568720]
	Ordinal0 [0x00931364+529252]
	Ordinal0 [0x009319FC+530940]
	Ordinal0 [0x00932C15+535573]
	Ordinal0 [0x0092DFC5+516037]
	Ordinal0 [0x0093BF70+573296]
	Ordinal0 [0x008E1916+203030]
	Ordinal0 [0x008E0C1D+199709]
	Ordinal0 [0x008DEB0B+191243]
	Ordinal0 [0x008C2E77+77431]
	Ordinal0 [0x008C3E3E+81470]
	Ordinal0 [0x008C3DC9+81353]
	Ordinal0 [0x00AB0CD9+2100441]
	GetHandleVerifier [0x00D1B75A+1396954]
	GetHandleVerifier [0x00D1B3D9+1396057]
	GetHandleVerifier [0x00D27126+1444518]
	GetHandleVerifier [0x00D1BCE8+1398376]
	Ordinal0 [0x00AA7F51+2064209]
	Ordinal0 [0x00AB22EB+2106091]
	Ordinal0 [0x00AB2411+2106385]
	Ordinal0 [0x00AC49C4+2181572]
	BaseThreadInitThunk [0x77A96359+25]
	RtlGetAppContainerNamedObjectPath [0x77DD7C24+228]
	RtlGetAppContainerNamedObjectPath [0x77DD7BF4+180]

	at org.openqa.selenium.remote.W3CHandshakeResponse.lambda$errorHandler$0(W3CHandshakeResponse.java:62)
	at org.openqa.selenium.remote.HandshakeResponse.lambda$getResponseFunction$0(HandshakeResponse.java:30)
	at org.openqa.selenium.remote.ProtocolHandshake.lambda$createSession$0(ProtocolHandshake.java:126)
	at java.util.stream.ReferencePipeline$3$1.accept(ReferencePipeline.java:193)
	at java.util.Spliterators$ArraySpliterator.tryAdvance(Spliterators.java:958)
	at java.util.stream.ReferencePipeline.forEachWithCancel(ReferencePipeline.java:126)
	at java.util.stream.AbstractPipeline.copyIntoWithCancel(AbstractPipeline.java:499)
	at java.util.stream.AbstractPipeline.copyInto(AbstractPipeline.java:486)
	at java.util.stream.AbstractPipeline.wrapAndCopyInto(AbstractPipeline.java:472)
	at java.util.stream.FindOps$FindOp.evaluateSequential(FindOps.java:152)
	at java.util.stream.AbstractPipeline.evaluate(AbstractPipeline.java:234)
	at java.util.stream.ReferencePipeline.findFirst(ReferencePipeline.java:464)
	at org.openqa.selenium.remote.ProtocolHandshake.createSession(ProtocolHandshake.java:128)
	at org.openqa.selenium.remote.ProtocolHandshake.createSession(ProtocolHandshake.java:74)
	at org.openqa.selenium.remote.HttpCommandExecutor.execute(HttpCommandExecutor.java:136)
	at org.openqa.selenium.remote.service.DriverCommandExecutor.execute(DriverCommandExecutor.java:83)
	at org.openqa.selenium.remote.RemoteWebDriver.execute(RemoteWebDriver.java:552)
	at org.openqa.selenium.remote.RemoteWebDriver.startSession(RemoteWebDriver.java:213)
	at org.openqa.selenium.remote.RemoteWebDriver.&lt;init&gt;(RemoteWebDriver.java:131)
	at org.openqa.selenium.chrome.ChromeDriver.&lt;init&gt;(ChromeDriver.java:181)
	at org.openqa.selenium.chrome.ChromeDriver.&lt;init&gt;(ChromeDriver.java:168)
	at org.openqa.selenium.chrome.ChromeDriver.&lt;init&gt;(ChromeDriver.java:123)
	at com.kuda.base.TestBase.setUp(TestBase.java:30)
	at java.util.ArrayList.forEach(ArrayList.java:1259)
... Removed 32 stack frames
</div> <!-- stack-trace -->
                </div> <!-- method-content -->
              </div> <!-- method -->
              <div class="method">
                <div class="method-content">
                  <a name="searchUserByEmail">
                  </a> <!-- searchUserByEmail -->
                  <span class="method-name">searchUserByEmail</span>
                  <div class="stack-trace">org.openqa.selenium.SessionNotCreatedException: session not created
from chrome not reachable
  (Session info: chrome=85.0.4183.121)
Build info: version: &apos;3.141.59&apos;, revision: &apos;e82be7d358&apos;, time: &apos;2018-11-14T08:17:03&apos;
System info: host: &apos;DESKTOP-D068G7Q&apos;, ip: &apos;192.168.43.200&apos;, os.name: &apos;Windows 10&apos;, os.arch: &apos;amd64&apos;, os.version: &apos;10.0&apos;, java.version: &apos;1.8.0_261&apos;
Driver info: driver.version: ChromeDriver
remote stacktrace: Backtrace:
	Ordinal0 [0x00BAD383+3134339]
	Ordinal0 [0x00A9A171+2007409]
	Ordinal0 [0x0093AD90+568720]
	Ordinal0 [0x00931364+529252]
	Ordinal0 [0x009319FC+530940]
	Ordinal0 [0x00932C15+535573]
	Ordinal0 [0x0092DFC5+516037]
	Ordinal0 [0x0093BF70+573296]
	Ordinal0 [0x008E1916+203030]
	Ordinal0 [0x008E0C1D+199709]
	Ordinal0 [0x008DEB0B+191243]
	Ordinal0 [0x008C2E77+77431]
	Ordinal0 [0x008C3E3E+81470]
	Ordinal0 [0x008C3DC9+81353]
	Ordinal0 [0x00AB0CD9+2100441]
	GetHandleVerifier [0x00D1B75A+1396954]
	GetHandleVerifier [0x00D1B3D9+1396057]
	GetHandleVerifier [0x00D27126+1444518]
	GetHandleVerifier [0x00D1BCE8+1398376]
	Ordinal0 [0x00AA7F51+2064209]
	Ordinal0 [0x00AB22EB+2106091]
	Ordinal0 [0x00AB2411+2106385]
	Ordinal0 [0x00AC49C4+2181572]
	BaseThreadInitThunk [0x77A96359+25]
	RtlGetAppContainerNamedObjectPath [0x77DD7C24+228]
	RtlGetAppContainerNamedObjectPath [0x77DD7BF4+180]

	at org.openqa.selenium.remote.W3CHandshakeResponse.lambda$errorHandler$0(W3CHandshakeResponse.java:62)
	at org.openqa.selenium.remote.HandshakeResponse.lambda$getResponseFunction$0(HandshakeResponse.java:30)
	at org.openqa.selenium.remote.ProtocolHandshake.lambda$createSession$0(ProtocolHandshake.java:126)
	at java.util.stream.ReferencePipeline$3$1.accept(ReferencePipeline.java:193)
	at java.util.Spliterators$ArraySpliterator.tryAdvance(Spliterators.java:958)
	at java.util.stream.ReferencePipeline.forEachWithCancel(ReferencePipeline.java:126)
	at java.util.stream.AbstractPipeline.copyIntoWithCancel(AbstractPipeline.java:499)
	at java.util.stream.AbstractPipeline.copyInto(AbstractPipeline.java:486)
	at java.util.stream.AbstractPipeline.wrapAndCopyInto(AbstractPipeline.java:472)
	at java.util.stream.FindOps$FindOp.evaluateSequential(FindOps.java:152)
	at java.util.stream.AbstractPipeline.evaluate(AbstractPipeline.java:234)
	at java.util.stream.ReferencePipeline.findFirst(ReferencePipeline.java:464)
	at org.openqa.selenium.remote.ProtocolHandshake.createSession(ProtocolHandshake.java:128)
	at org.openqa.selenium.remote.ProtocolHandshake.createSession(ProtocolHandshake.java:74)
	at org.openqa.selenium.remote.HttpCommandExecutor.execute(HttpCommandExecutor.java:136)
	at org.openqa.selenium.remote.service.DriverCommandExecutor.execute(DriverCommandExecutor.java:83)
	at org.openqa.selenium.remote.RemoteWebDriver.execute(RemoteWebDriver.java:552)
	at org.openqa.selenium.remote.RemoteWebDriver.startSession(RemoteWebDriver.java:213)
	at org.openqa.selenium.remote.RemoteWebDriver.&lt;init&gt;(RemoteWebDriver.java:131)
	at org.openqa.selenium.chrome.ChromeDriver.&lt;init&gt;(ChromeDriver.java:181)
	at org.openqa.selenium.chrome.ChromeDriver.&lt;init&gt;(ChromeDriver.java:168)
	at org.openqa.selenium.chrome.ChromeDriver.&lt;init&gt;(ChromeDriver.java:123)
	at com.kuda.base.TestBase.setUp(TestBase.java:30)
	at java.util.ArrayList.forEach(ArrayList.java:1259)
... Removed 32 stack frames
</div> <!-- stack-trace -->
                </div> <!-- method-content -->
              </div> <!-- method -->
              <div class="method">
                <div class="method-content">
                  <a name="searchUserByEmployeeNumber">
                  </a> <!-- searchUserByEmployeeNumber -->
                  <span class="method-name">searchUserByEmployeeNumber</span>
                  <div class="stack-trace">org.openqa.selenium.SessionNotCreatedException: session not created
from chrome not reachable
  (Session info: chrome=85.0.4183.121)
Build info: version: &apos;3.141.59&apos;, revision: &apos;e82be7d358&apos;, time: &apos;2018-11-14T08:17:03&apos;
System info: host: &apos;DESKTOP-D068G7Q&apos;, ip: &apos;192.168.43.200&apos;, os.name: &apos;Windows 10&apos;, os.arch: &apos;amd64&apos;, os.version: &apos;10.0&apos;, java.version: &apos;1.8.0_261&apos;
Driver info: driver.version: ChromeDriver
remote stacktrace: Backtrace:
	Ordinal0 [0x00BAD383+3134339]
	Ordinal0 [0x00A9A171+2007409]
	Ordinal0 [0x0093AD90+568720]
	Ordinal0 [0x00931364+529252]
	Ordinal0 [0x009319FC+530940]
	Ordinal0 [0x00932C15+535573]
	Ordinal0 [0x0092DFC5+516037]
	Ordinal0 [0x0093BF70+573296]
	Ordinal0 [0x008E1916+203030]
	Ordinal0 [0x008E0C1D+199709]
	Ordinal0 [0x008DEB0B+191243]
	Ordinal0 [0x008C2E77+77431]
	Ordinal0 [0x008C3E3E+81470]
	Ordinal0 [0x008C3DC9+81353]
	Ordinal0 [0x00AB0CD9+2100441]
	GetHandleVerifier [0x00D1B75A+1396954]
	GetHandleVerifier [0x00D1B3D9+1396057]
	GetHandleVerifier [0x00D27126+1444518]
	GetHandleVerifier [0x00D1BCE8+1398376]
	Ordinal0 [0x00AA7F51+2064209]
	Ordinal0 [0x00AB22EB+2106091]
	Ordinal0 [0x00AB2411+2106385]
	Ordinal0 [0x00AC49C4+2181572]
	BaseThreadInitThunk [0x77A96359+25]
	RtlGetAppContainerNamedObjectPath [0x77DD7C24+228]
	RtlGetAppContainerNamedObjectPath [0x77DD7BF4+180]

	at org.openqa.selenium.remote.W3CHandshakeResponse.lambda$errorHandler$0(W3CHandshakeResponse.java:62)
	at org.openqa.selenium.remote.HandshakeResponse.lambda$getResponseFunction$0(HandshakeResponse.java:30)
	at org.openqa.selenium.remote.ProtocolHandshake.lambda$createSession$0(ProtocolHandshake.java:126)
	at java.util.stream.ReferencePipeline$3$1.accept(ReferencePipeline.java:193)
	at java.util.Spliterators$ArraySpliterator.tryAdvance(Spliterators.java:958)
	at java.util.stream.ReferencePipeline.forEachWithCancel(ReferencePipeline.java:126)
	at java.util.stream.AbstractPipeline.copyIntoWithCancel(AbstractPipeline.java:499)
	at java.util.stream.AbstractPipeline.copyInto(AbstractPipeline.java:486)
	at java.util.stream.AbstractPipeline.wrapAndCopyInto(AbstractPipeline.java:472)
	at java.util.stream.FindOps$FindOp.evaluateSequential(FindOps.java:152)
	at java.util.stream.AbstractPipeline.evaluate(AbstractPipeline.java:234)
	at java.util.stream.ReferencePipeline.findFirst(ReferencePipeline.java:464)
	at org.openqa.selenium.remote.ProtocolHandshake.createSession(ProtocolHandshake.java:128)
	at org.openqa.selenium.remote.ProtocolHandshake.createSession(ProtocolHandshake.java:74)
	at org.openqa.selenium.remote.HttpCommandExecutor.execute(HttpCommandExecutor.java:136)
	at org.openqa.selenium.remote.service.DriverCommandExecutor.execute(DriverCommandExecutor.java:83)
	at org.openqa.selenium.remote.RemoteWebDriver.execute(RemoteWebDriver.java:552)
	at org.openqa.selenium.remote.RemoteWebDriver.startSession(RemoteWebDriver.java:213)
	at org.openqa.selenium.remote.RemoteWebDriver.&lt;init&gt;(RemoteWebDriver.java:131)
	at org.openqa.selenium.chrome.ChromeDriver.&lt;init&gt;(ChromeDriver.java:181)
	at org.openqa.selenium.chrome.ChromeDriver.&lt;init&gt;(ChromeDriver.java:168)
	at org.openqa.selenium.chrome.ChromeDriver.&lt;init&gt;(ChromeDriver.java:123)
	at com.kuda.base.TestBase.setUp(TestBase.java:30)
	at java.util.ArrayList.forEach(ArrayList.java:1259)
... Removed 32 stack frames
</div> <!-- stack-trace -->
                </div> <!-- method-content -->
              </div> <!-- method -->
              <div class="method">
                <div class="method-content">
                  <a name="searchUserByPhoneNumber">
                  </a> <!-- searchUserByPhoneNumber -->
                  <span class="method-name">searchUserByPhoneNumber</span>
                  <div class="stack-trace">org.openqa.selenium.SessionNotCreatedException: session not created
from chrome not reachable
  (Session info: chrome=85.0.4183.121)
Build info: version: &apos;3.141.59&apos;, revision: &apos;e82be7d358&apos;, time: &apos;2018-11-14T08:17:03&apos;
System info: host: &apos;DESKTOP-D068G7Q&apos;, ip: &apos;192.168.43.200&apos;, os.name: &apos;Windows 10&apos;, os.arch: &apos;amd64&apos;, os.version: &apos;10.0&apos;, java.version: &apos;1.8.0_261&apos;
Driver info: driver.version: ChromeDriver
remote stacktrace: Backtrace:
	Ordinal0 [0x00BAD383+3134339]
	Ordinal0 [0x00A9A171+2007409]
	Ordinal0 [0x0093AD90+568720]
	Ordinal0 [0x00931364+529252]
	Ordinal0 [0x009319FC+530940]
	Ordinal0 [0x00932C15+535573]
	Ordinal0 [0x0092DFC5+516037]
	Ordinal0 [0x0093BF70+573296]
	Ordinal0 [0x008E1916+203030]
	Ordinal0 [0x008E0C1D+199709]
	Ordinal0 [0x008DEB0B+191243]
	Ordinal0 [0x008C2E77+77431]
	Ordinal0 [0x008C3E3E+81470]
	Ordinal0 [0x008C3DC9+81353]
	Ordinal0 [0x00AB0CD9+2100441]
	GetHandleVerifier [0x00D1B75A+1396954]
	GetHandleVerifier [0x00D1B3D9+1396057]
	GetHandleVerifier [0x00D27126+1444518]
	GetHandleVerifier [0x00D1BCE8+1398376]
	Ordinal0 [0x00AA7F51+2064209]
	Ordinal0 [0x00AB22EB+2106091]
	Ordinal0 [0x00AB2411+2106385]
	Ordinal0 [0x00AC49C4+2181572]
	BaseThreadInitThunk [0x77A96359+25]
	RtlGetAppContainerNamedObjectPath [0x77DD7C24+228]
	RtlGetAppContainerNamedObjectPath [0x77DD7BF4+180]

	at org.openqa.selenium.remote.W3CHandshakeResponse.lambda$errorHandler$0(W3CHandshakeResponse.java:62)
	at org.openqa.selenium.remote.HandshakeResponse.lambda$getResponseFunction$0(HandshakeResponse.java:30)
	at org.openqa.selenium.remote.ProtocolHandshake.lambda$createSession$0(ProtocolHandshake.java:126)
	at java.util.stream.ReferencePipeline$3$1.accept(ReferencePipeline.java:193)
	at java.util.Spliterators$ArraySpliterator.tryAdvance(Spliterators.java:958)
	at java.util.stream.ReferencePipeline.forEachWithCancel(ReferencePipeline.java:126)
	at java.util.stream.AbstractPipeline.copyIntoWithCancel(AbstractPipeline.java:499)
	at java.util.stream.AbstractPipeline.copyInto(AbstractPipeline.java:486)
	at java.util.stream.AbstractPipeline.wrapAndCopyInto(AbstractPipeline.java:472)
	at java.util.stream.FindOps$FindOp.evaluateSequential(FindOps.java:152)
	at java.util.stream.AbstractPipeline.evaluate(AbstractPipeline.java:234)
	at java.util.stream.ReferencePipeline.findFirst(ReferencePipeline.java:464)
	at org.openqa.selenium.remote.ProtocolHandshake.createSession(ProtocolHandshake.java:128)
	at org.openqa.selenium.remote.ProtocolHandshake.createSession(ProtocolHandshake.java:74)
	at org.openqa.selenium.remote.HttpCommandExecutor.execute(HttpCommandExecutor.java:136)
	at org.openqa.selenium.remote.service.DriverCommandExecutor.execute(DriverCommandExecutor.java:83)
	at org.openqa.selenium.remote.RemoteWebDriver.execute(RemoteWebDriver.java:552)
	at org.openqa.selenium.remote.RemoteWebDriver.startSession(RemoteWebDriver.java:213)
	at org.openqa.selenium.remote.RemoteWebDriver.&lt;init&gt;(RemoteWebDriver.java:131)
	at org.openqa.selenium.chrome.ChromeDriver.&lt;init&gt;(ChromeDriver.java:181)
	at org.openqa.selenium.chrome.ChromeDriver.&lt;init&gt;(ChromeDriver.java:168)
	at org.openqa.selenium.chrome.ChromeDriver.&lt;init&gt;(ChromeDriver.java:123)
	at com.kuda.base.TestBase.setUp(TestBase.java:30)
	at java.util.ArrayList.forEach(ArrayList.java:1259)
... Removed 32 stack frames
</div> <!-- stack-trace -->
                </div> <!-- method-content -->
              </div> <!-- method -->
              <div class="method">
                <div class="method-content">
                  <a name="searchUserBylastName">
                  </a> <!-- searchUserBylastName -->
                  <span class="method-name">searchUserBylastName</span>
                  <div class="stack-trace">org.openqa.selenium.SessionNotCreatedException: session not created
from chrome not reachable
  (Session info: chrome=85.0.4183.121)
Build info: version: &apos;3.141.59&apos;, revision: &apos;e82be7d358&apos;, time: &apos;2018-11-14T08:17:03&apos;
System info: host: &apos;DESKTOP-D068G7Q&apos;, ip: &apos;192.168.43.200&apos;, os.name: &apos;Windows 10&apos;, os.arch: &apos;amd64&apos;, os.version: &apos;10.0&apos;, java.version: &apos;1.8.0_261&apos;
Driver info: driver.version: ChromeDriver
remote stacktrace: Backtrace:
	Ordinal0 [0x00BAD383+3134339]
	Ordinal0 [0x00A9A171+2007409]
	Ordinal0 [0x0093AD90+568720]
	Ordinal0 [0x00931364+529252]
	Ordinal0 [0x009319FC+530940]
	Ordinal0 [0x00932C15+535573]
	Ordinal0 [0x0092DFC5+516037]
	Ordinal0 [0x0093BF70+573296]
	Ordinal0 [0x008E1916+203030]
	Ordinal0 [0x008E0C1D+199709]
	Ordinal0 [0x008DEB0B+191243]
	Ordinal0 [0x008C2E77+77431]
	Ordinal0 [0x008C3E3E+81470]
	Ordinal0 [0x008C3DC9+81353]
	Ordinal0 [0x00AB0CD9+2100441]
	GetHandleVerifier [0x00D1B75A+1396954]
	GetHandleVerifier [0x00D1B3D9+1396057]
	GetHandleVerifier [0x00D27126+1444518]
	GetHandleVerifier [0x00D1BCE8+1398376]
	Ordinal0 [0x00AA7F51+2064209]
	Ordinal0 [0x00AB22EB+2106091]
	Ordinal0 [0x00AB2411+2106385]
	Ordinal0 [0x00AC49C4+2181572]
	BaseThreadInitThunk [0x77A96359+25]
	RtlGetAppContainerNamedObjectPath [0x77DD7C24+228]
	RtlGetAppContainerNamedObjectPath [0x77DD7BF4+180]

	at org.openqa.selenium.remote.W3CHandshakeResponse.lambda$errorHandler$0(W3CHandshakeResponse.java:62)
	at org.openqa.selenium.remote.HandshakeResponse.lambda$getResponseFunction$0(HandshakeResponse.java:30)
	at org.openqa.selenium.remote.ProtocolHandshake.lambda$createSession$0(ProtocolHandshake.java:126)
	at java.util.stream.ReferencePipeline$3$1.accept(ReferencePipeline.java:193)
	at java.util.Spliterators$ArraySpliterator.tryAdvance(Spliterators.java:958)
	at java.util.stream.ReferencePipeline.forEachWithCancel(ReferencePipeline.java:126)
	at java.util.stream.AbstractPipeline.copyIntoWithCancel(AbstractPipeline.java:499)
	at java.util.stream.AbstractPipeline.copyInto(AbstractPipeline.java:486)
	at java.util.stream.AbstractPipeline.wrapAndCopyInto(AbstractPipeline.java:472)
	at java.util.stream.FindOps$FindOp.evaluateSequential(FindOps.java:152)
	at java.util.stream.AbstractPipeline.evaluate(AbstractPipeline.java:234)
	at java.util.stream.ReferencePipeline.findFirst(ReferencePipeline.java:464)
	at org.openqa.selenium.remote.ProtocolHandshake.createSession(ProtocolHandshake.java:128)
	at org.openqa.selenium.remote.ProtocolHandshake.createSession(ProtocolHandshake.java:74)
	at org.openqa.selenium.remote.HttpCommandExecutor.execute(HttpCommandExecutor.java:136)
	at org.openqa.selenium.remote.service.DriverCommandExecutor.execute(DriverCommandExecutor.java:83)
	at org.openqa.selenium.remote.RemoteWebDriver.execute(RemoteWebDriver.java:552)
	at org.openqa.selenium.remote.RemoteWebDriver.startSession(RemoteWebDriver.java:213)
	at org.openqa.selenium.remote.RemoteWebDriver.&lt;init&gt;(RemoteWebDriver.java:131)
	at org.openqa.selenium.chrome.ChromeDriver.&lt;init&gt;(ChromeDriver.java:181)
	at org.openqa.selenium.chrome.ChromeDriver.&lt;init&gt;(ChromeDriver.java:168)
	at org.openqa.selenium.chrome.ChromeDriver.&lt;init&gt;(ChromeDriver.java:123)
	at com.kuda.base.TestBase.setUp(TestBase.java:30)
	at java.util.ArrayList.forEach(ArrayList.java:1259)
... Removed 32 stack frames
</div> <!-- stack-trace -->
                </div> <!-- method-content -->
              </div> <!-- method -->
              <div class="method">
                <div class="method-content">
                  <a name="searchUsersByUserName">
                  </a> <!-- searchUsersByUserName -->
                  <span class="method-name">searchUsersByUserName</span>
                  <div class="stack-trace">org.openqa.selenium.SessionNotCreatedException: session not created
from chrome not reachable
  (Session info: chrome=85.0.4183.121)
Build info: version: &apos;3.141.59&apos;, revision: &apos;e82be7d358&apos;, time: &apos;2018-11-14T08:17:03&apos;
System info: host: &apos;DESKTOP-D068G7Q&apos;, ip: &apos;192.168.43.200&apos;, os.name: &apos;Windows 10&apos;, os.arch: &apos;amd64&apos;, os.version: &apos;10.0&apos;, java.version: &apos;1.8.0_261&apos;
Driver info: driver.version: ChromeDriver
remote stacktrace: Backtrace:
	Ordinal0 [0x00BAD383+3134339]
	Ordinal0 [0x00A9A171+2007409]
	Ordinal0 [0x0093AD90+568720]
	Ordinal0 [0x00931364+529252]
	Ordinal0 [0x009319FC+530940]
	Ordinal0 [0x00932C15+535573]
	Ordinal0 [0x0092DFC5+516037]
	Ordinal0 [0x0093BF70+573296]
	Ordinal0 [0x008E1916+203030]
	Ordinal0 [0x008E0C1D+199709]
	Ordinal0 [0x008DEB0B+191243]
	Ordinal0 [0x008C2E77+77431]
	Ordinal0 [0x008C3E3E+81470]
	Ordinal0 [0x008C3DC9+81353]
	Ordinal0 [0x00AB0CD9+2100441]
	GetHandleVerifier [0x00D1B75A+1396954]
	GetHandleVerifier [0x00D1B3D9+1396057]
	GetHandleVerifier [0x00D27126+1444518]
	GetHandleVerifier [0x00D1BCE8+1398376]
	Ordinal0 [0x00AA7F51+2064209]
	Ordinal0 [0x00AB22EB+2106091]
	Ordinal0 [0x00AB2411+2106385]
	Ordinal0 [0x00AC49C4+2181572]
	BaseThreadInitThunk [0x77A96359+25]
	RtlGetAppContainerNamedObjectPath [0x77DD7C24+228]
	RtlGetAppContainerNamedObjectPath [0x77DD7BF4+180]

	at org.openqa.selenium.remote.W3CHandshakeResponse.lambda$errorHandler$0(W3CHandshakeResponse.java:62)
	at org.openqa.selenium.remote.HandshakeResponse.lambda$getResponseFunction$0(HandshakeResponse.java:30)
	at org.openqa.selenium.remote.ProtocolHandshake.lambda$createSession$0(ProtocolHandshake.java:126)
	at java.util.stream.ReferencePipeline$3$1.accept(ReferencePipeline.java:193)
	at java.util.Spliterators$ArraySpliterator.tryAdvance(Spliterators.java:958)
	at java.util.stream.ReferencePipeline.forEachWithCancel(ReferencePipeline.java:126)
	at java.util.stream.AbstractPipeline.copyIntoWithCancel(AbstractPipeline.java:499)
	at java.util.stream.AbstractPipeline.copyInto(AbstractPipeline.java:486)
	at java.util.stream.AbstractPipeline.wrapAndCopyInto(AbstractPipeline.java:472)
	at java.util.stream.FindOps$FindOp.evaluateSequential(FindOps.java:152)
	at java.util.stream.AbstractPipeline.evaluate(AbstractPipeline.java:234)
	at java.util.stream.ReferencePipeline.findFirst(ReferencePipeline.java:464)
	at org.openqa.selenium.remote.ProtocolHandshake.createSession(ProtocolHandshake.java:128)
	at org.openqa.selenium.remote.ProtocolHandshake.createSession(ProtocolHandshake.java:74)
	at org.openqa.selenium.remote.HttpCommandExecutor.execute(HttpCommandExecutor.java:136)
	at org.openqa.selenium.remote.service.DriverCommandExecutor.execute(DriverCommandExecutor.java:83)
	at org.openqa.selenium.remote.RemoteWebDriver.execute(RemoteWebDriver.java:552)
	at org.openqa.selenium.remote.RemoteWebDriver.startSession(RemoteWebDriver.java:213)
	at org.openqa.selenium.remote.RemoteWebDriver.&lt;init&gt;(RemoteWebDriver.java:131)
	at org.openqa.selenium.chrome.ChromeDriver.&lt;init&gt;(ChromeDriver.java:181)
	at org.openqa.selenium.chrome.ChromeDriver.&lt;init&gt;(ChromeDriver.java:168)
	at org.openqa.selenium.chrome.ChromeDriver.&lt;init&gt;(ChromeDriver.java:123)
	at com.kuda.base.TestBase.setUp(TestBase.java:30)
	at java.util.ArrayList.forEach(ArrayList.java:1259)
... Removed 32 stack frames
</div> <!-- stack-trace -->
                </div> <!-- method-content -->
              </div> <!-- method -->
              <div class="method">
                <div class="method-content">
                  <a name="viewUsers">
                  </a> <!-- viewUsers -->
                  <span class="method-name">viewUsers</span>
                  <div class="stack-trace">org.openqa.selenium.SessionNotCreatedException: session not created
from chrome not reachable
  (Session info: chrome=85.0.4183.121)
Build info: version: &apos;3.141.59&apos;, revision: &apos;e82be7d358&apos;, time: &apos;2018-11-14T08:17:03&apos;
System info: host: &apos;DESKTOP-D068G7Q&apos;, ip: &apos;192.168.43.200&apos;, os.name: &apos;Windows 10&apos;, os.arch: &apos;amd64&apos;, os.version: &apos;10.0&apos;, java.version: &apos;1.8.0_261&apos;
Driver info: driver.version: ChromeDriver
remote stacktrace: Backtrace:
	Ordinal0 [0x00BAD383+3134339]
	Ordinal0 [0x00A9A171+2007409]
	Ordinal0 [0x0093AD90+568720]
	Ordinal0 [0x00931364+529252]
	Ordinal0 [0x009319FC+530940]
	Ordinal0 [0x00932C15+535573]
	Ordinal0 [0x0092DFC5+516037]
	Ordinal0 [0x0093BF70+573296]
	Ordinal0 [0x008E1916+203030]
	Ordinal0 [0x008E0C1D+199709]
	Ordinal0 [0x008DEB0B+191243]
	Ordinal0 [0x008C2E77+77431]
	Ordinal0 [0x008C3E3E+81470]
	Ordinal0 [0x008C3DC9+81353]
	Ordinal0 [0x00AB0CD9+2100441]
	GetHandleVerifier [0x00D1B75A+1396954]
	GetHandleVerifier [0x00D1B3D9+1396057]
	GetHandleVerifier [0x00D27126+1444518]
	GetHandleVerifier [0x00D1BCE8+1398376]
	Ordinal0 [0x00AA7F51+2064209]
	Ordinal0 [0x00AB22EB+2106091]
	Ordinal0 [0x00AB2411+2106385]
	Ordinal0 [0x00AC49C4+2181572]
	BaseThreadInitThunk [0x77A96359+25]
	RtlGetAppContainerNamedObjectPath [0x77DD7C24+228]
	RtlGetAppContainerNamedObjectPath [0x77DD7BF4+180]

	at org.openqa.selenium.remote.W3CHandshakeResponse.lambda$errorHandler$0(W3CHandshakeResponse.java:62)
	at org.openqa.selenium.remote.HandshakeResponse.lambda$getResponseFunction$0(HandshakeResponse.java:30)
	at org.openqa.selenium.remote.ProtocolHandshake.lambda$createSession$0(ProtocolHandshake.java:126)
	at java.util.stream.ReferencePipeline$3$1.accept(ReferencePipeline.java:193)
	at java.util.Spliterators$ArraySpliterator.tryAdvance(Spliterators.java:958)
	at java.util.stream.ReferencePipeline.forEachWithCancel(ReferencePipeline.java:126)
	at java.util.stream.AbstractPipeline.copyIntoWithCancel(AbstractPipeline.java:499)
	at java.util.stream.AbstractPipeline.copyInto(AbstractPipeline.java:486)
	at java.util.stream.AbstractPipeline.wrapAndCopyInto(AbstractPipeline.java:472)
	at java.util.stream.FindOps$FindOp.evaluateSequential(FindOps.java:152)
	at java.util.stream.AbstractPipeline.evaluate(AbstractPipeline.java:234)
	at java.util.stream.ReferencePipeline.findFirst(ReferencePipeline.java:464)
	at org.openqa.selenium.remote.ProtocolHandshake.createSession(ProtocolHandshake.java:128)
	at org.openqa.selenium.remote.ProtocolHandshake.createSession(ProtocolHandshake.java:74)
	at org.openqa.selenium.remote.HttpCommandExecutor.execute(HttpCommandExecutor.java:136)
	at org.openqa.selenium.remote.service.DriverCommandExecutor.execute(DriverCommandExecutor.java:83)
	at org.openqa.selenium.remote.RemoteWebDriver.execute(RemoteWebDriver.java:552)
	at org.openqa.selenium.remote.RemoteWebDriver.startSession(RemoteWebDriver.java:213)
	at org.openqa.selenium.remote.RemoteWebDriver.&lt;init&gt;(RemoteWebDriver.java:131)
	at org.openqa.selenium.chrome.ChromeDriver.&lt;init&gt;(ChromeDriver.java:181)
	at org.openqa.selenium.chrome.ChromeDriver.&lt;init&gt;(ChromeDriver.java:168)
	at org.openqa.selenium.chrome.ChromeDriver.&lt;init&gt;(ChromeDriver.java:123)
	at com.kuda.base.TestBase.setUp(TestBase.java:30)
	at java.util.ArrayList.forEach(ArrayList.java:1259)
... Removed 32 stack frames
</div> <!-- stack-trace -->
                </div> <!-- method-content -->
              </div> <!-- method -->
            </div> <!-- main-panel-content rounded-window-bottom -->
          </div> <!-- suite-Suite-class-skipped -->
          <div class="suite-Suite-class-skipped">
            <div class="main-panel-header rounded-window-top">
              <img src="skipped.png"/>
              <span class="class-name">com.kuda.testCases.CustomerInfoManagement</span>
            </div> <!-- main-panel-header rounded-window-top -->
            <div class="main-panel-content rounded-window-bottom">
              <div class="method">
                <div class="method-content">
                  <a name="createCustomer">
                  </a> <!-- createCustomer -->
                  <span class="method-name">createCustomer</span>
                  <div class="stack-trace">org.openqa.selenium.SessionNotCreatedException: session not created
from disconnected: received Inspector.detached event
  (Session info: chrome=85.0.4183.121)
Build info: version: &apos;3.141.59&apos;, revision: &apos;e82be7d358&apos;, time: &apos;2018-11-14T08:17:03&apos;
System info: host: &apos;DESKTOP-D068G7Q&apos;, ip: &apos;192.168.43.200&apos;, os.name: &apos;Windows 10&apos;, os.arch: &apos;amd64&apos;, os.version: &apos;10.0&apos;, java.version: &apos;1.8.0_261&apos;
Driver info: driver.version: ChromeDriver
remote stacktrace: Backtrace:
	Ordinal0 [0x00BAD383+3134339]
	Ordinal0 [0x00A9A171+2007409]
	Ordinal0 [0x0093AEE8+569064]
	Ordinal0 [0x0092FCDD+523485]
	Ordinal0 [0x0092F9E9+522729]
	Ordinal0 [0x0092F0FA+520442]
	Ordinal0 [0x0092E542+517442]
	Ordinal0 [0x0092E935+518453]
	Ordinal0 [0x0092E265+516709]
	Ordinal0 [0x00933C7C+539772]
	Ordinal0 [0x0092E214+516628]
	Ordinal0 [0x0092EF25+519973]
	Ordinal0 [0x0092E542+517442]
	Ordinal0 [0x0092E935+518453]
	Ordinal0 [0x0092E265+516709]
	Ordinal0 [0x00932F37+536375]
	Ordinal0 [0x0092E214+516628]
	Ordinal0 [0x0092EF25+519973]
	Ordinal0 [0x0092E542+517442]
	Ordinal0 [0x0092E935+518453]
	Ordinal0 [0x0092E265+516709]
	Ordinal0 [0x0092AB7C+502652]
	Ordinal0 [0x0092E214+516628]
	Ordinal0 [0x0092DF81+515969]
	Ordinal0 [0x0093BF70+573296]
	Ordinal0 [0x008E1916+203030]
	Ordinal0 [0x008E0C1D+199709]
	Ordinal0 [0x008DEB0B+191243]
	Ordinal0 [0x008C2E77+77431]
	Ordinal0 [0x008C3E3E+81470]
	Ordinal0 [0x008C3DC9+81353]
	Ordinal0 [0x00AB0CD9+2100441]
	GetHandleVerifier [0x00D1B75A+1396954]
	GetHandleVerifier [0x00D1B3D9+1396057]
	GetHandleVerifier [0x00D27126+1444518]
	GetHandleVerifier [0x00D1BCE8+1398376]
	Ordinal0 [0x00AA7F51+2064209]
	Ordinal0 [0x00AB22EB+2106091]
	Ordinal0 [0x00AB2411+2106385]
	Ordinal0 [0x00AC49C4+2181572]
	BaseThreadInitThunk [0x77A96359+25]
	RtlGetAppContainerNamedObjectPath [0x77DD7C24+228]
	RtlGetAppContainerNamedObjectPath [0x77DD7BF4+180]

	at org.openqa.selenium.remote.W3CHandshakeResponse.lambda$errorHandler$0(W3CHandshakeResponse.java:62)
	at org.openqa.selenium.remote.HandshakeResponse.lambda$getResponseFunction$0(HandshakeResponse.java:30)
	at org.openqa.selenium.remote.ProtocolHandshake.lambda$createSession$0(ProtocolHandshake.java:126)
	at java.util.stream.ReferencePipeline$3$1.accept(ReferencePipeline.java:193)
	at java.util.Spliterators$ArraySpliterator.tryAdvance(Spliterators.java:958)
	at java.util.stream.ReferencePipeline.forEachWithCancel(ReferencePipeline.java:126)
	at java.util.stream.AbstractPipeline.copyIntoWithCancel(AbstractPipeline.java:499)
	at java.util.stream.AbstractPipeline.copyInto(AbstractPipeline.java:486)
	at java.util.stream.AbstractPipeline.wrapAndCopyInto(AbstractPipeline.java:472)
	at java.util.stream.FindOps$FindOp.evaluateSequential(FindOps.java:152)
	at java.util.stream.AbstractPipeline.evaluate(AbstractPipeline.java:234)
	at java.util.stream.ReferencePipeline.findFirst(ReferencePipeline.java:464)
	at org.openqa.selenium.remote.ProtocolHandshake.createSession(ProtocolHandshake.java:128)
	at org.openqa.selenium.remote.ProtocolHandshake.createSession(ProtocolHandshake.java:74)
	at org.openqa.selenium.remote.HttpCommandExecutor.execute(HttpCommandExecutor.java:136)
	at org.openqa.selenium.remote.service.DriverCommandExecutor.execute(DriverCommandExecutor.java:83)
	at org.openqa.selenium.remote.RemoteWebDriver.execute(RemoteWebDriver.java:552)
	at org.openqa.selenium.remote.RemoteWebDriver.startSession(RemoteWebDriver.java:213)
	at org.openqa.selenium.remote.RemoteWebDriver.&lt;init&gt;(RemoteWebDriver.java:131)
	at org.openqa.selenium.chrome.ChromeDriver.&lt;init&gt;(ChromeDriver.java:181)
	at org.openqa.selenium.chrome.ChromeDriver.&lt;init&gt;(ChromeDriver.java:168)
	at org.openqa.selenium.chrome.ChromeDriver.&lt;init&gt;(ChromeDriver.java:123)
	at com.kuda.base.TestBase.setUp(TestBase.java:30)
	at java.util.ArrayList.forEach(ArrayList.java:1259)
... Removed 32 stack frames
</div> <!-- stack-trace -->
                </div> <!-- method-content -->
              </div> <!-- method -->
              <div class="method">
                <div class="method-content">
                  <a name="searchByCustomerEmail">
                  </a> <!-- searchByCustomerEmail -->
                  <span class="method-name">searchByCustomerEmail</span>
                  <div class="stack-trace">org.openqa.selenium.SessionNotCreatedException: session not created
from disconnected: received Inspector.detached event
  (Session info: chrome=85.0.4183.121)
Build info: version: &apos;3.141.59&apos;, revision: &apos;e82be7d358&apos;, time: &apos;2018-11-14T08:17:03&apos;
System info: host: &apos;DESKTOP-D068G7Q&apos;, ip: &apos;192.168.43.200&apos;, os.name: &apos;Windows 10&apos;, os.arch: &apos;amd64&apos;, os.version: &apos;10.0&apos;, java.version: &apos;1.8.0_261&apos;
Driver info: driver.version: ChromeDriver
remote stacktrace: Backtrace:
	Ordinal0 [0x00BAD383+3134339]
	Ordinal0 [0x00A9A171+2007409]
	Ordinal0 [0x0093AEE8+569064]
	Ordinal0 [0x0092FCDD+523485]
	Ordinal0 [0x0092F9E9+522729]
	Ordinal0 [0x0092F0FA+520442]
	Ordinal0 [0x0092E542+517442]
	Ordinal0 [0x0092E935+518453]
	Ordinal0 [0x0092E265+516709]
	Ordinal0 [0x00933C7C+539772]
	Ordinal0 [0x0092E214+516628]
	Ordinal0 [0x0092EF25+519973]
	Ordinal0 [0x0092E542+517442]
	Ordinal0 [0x0092E935+518453]
	Ordinal0 [0x0092E265+516709]
	Ordinal0 [0x00932F37+536375]
	Ordinal0 [0x0092E214+516628]
	Ordinal0 [0x0092EF25+519973]
	Ordinal0 [0x0092E542+517442]
	Ordinal0 [0x0092E935+518453]
	Ordinal0 [0x0092E265+516709]
	Ordinal0 [0x0092AB7C+502652]
	Ordinal0 [0x0092E214+516628]
	Ordinal0 [0x0092DF81+515969]
	Ordinal0 [0x0093BF70+573296]
	Ordinal0 [0x008E1916+203030]
	Ordinal0 [0x008E0C1D+199709]
	Ordinal0 [0x008DEB0B+191243]
	Ordinal0 [0x008C2E77+77431]
	Ordinal0 [0x008C3E3E+81470]
	Ordinal0 [0x008C3DC9+81353]
	Ordinal0 [0x00AB0CD9+2100441]
	GetHandleVerifier [0x00D1B75A+1396954]
	GetHandleVerifier [0x00D1B3D9+1396057]
	GetHandleVerifier [0x00D27126+1444518]
	GetHandleVerifier [0x00D1BCE8+1398376]
	Ordinal0 [0x00AA7F51+2064209]
	Ordinal0 [0x00AB22EB+2106091]
	Ordinal0 [0x00AB2411+2106385]
	Ordinal0 [0x00AC49C4+2181572]
	BaseThreadInitThunk [0x77A96359+25]
	RtlGetAppContainerNamedObjectPath [0x77DD7C24+228]
	RtlGetAppContainerNamedObjectPath [0x77DD7BF4+180]

	at org.openqa.selenium.remote.W3CHandshakeResponse.lambda$errorHandler$0(W3CHandshakeResponse.java:62)
	at org.openqa.selenium.remote.HandshakeResponse.lambda$getResponseFunction$0(HandshakeResponse.java:30)
	at org.openqa.selenium.remote.ProtocolHandshake.lambda$createSession$0(ProtocolHandshake.java:126)
	at java.util.stream.ReferencePipeline$3$1.accept(ReferencePipeline.java:193)
	at java.util.Spliterators$ArraySpliterator.tryAdvance(Spliterators.java:958)
	at java.util.stream.ReferencePipeline.forEachWithCancel(ReferencePipeline.java:126)
	at java.util.stream.AbstractPipeline.copyIntoWithCancel(AbstractPipeline.java:499)
	at java.util.stream.AbstractPipeline.copyInto(AbstractPipeline.java:486)
	at java.util.stream.AbstractPipeline.wrapAndCopyInto(AbstractPipeline.java:472)
	at java.util.stream.FindOps$FindOp.evaluateSequential(FindOps.java:152)
	at java.util.stream.AbstractPipeline.evaluate(AbstractPipeline.java:234)
	at java.util.stream.ReferencePipeline.findFirst(ReferencePipeline.java:464)
	at org.openqa.selenium.remote.ProtocolHandshake.createSession(ProtocolHandshake.java:128)
	at org.openqa.selenium.remote.ProtocolHandshake.createSession(ProtocolHandshake.java:74)
	at org.openqa.selenium.remote.HttpCommandExecutor.execute(HttpCommandExecutor.java:136)
	at org.openqa.selenium.remote.service.DriverCommandExecutor.execute(DriverCommandExecutor.java:83)
	at org.openqa.selenium.remote.RemoteWebDriver.execute(RemoteWebDriver.java:552)
	at org.openqa.selenium.remote.RemoteWebDriver.startSession(RemoteWebDriver.java:213)
	at org.openqa.selenium.remote.RemoteWebDriver.&lt;init&gt;(RemoteWebDriver.java:131)
	at org.openqa.selenium.chrome.ChromeDriver.&lt;init&gt;(ChromeDriver.java:181)
	at org.openqa.selenium.chrome.ChromeDriver.&lt;init&gt;(ChromeDriver.java:168)
	at org.openqa.selenium.chrome.ChromeDriver.&lt;init&gt;(ChromeDriver.java:123)
	at com.kuda.base.TestBase.setUp(TestBase.java:30)
	at java.util.ArrayList.forEach(ArrayList.java:1259)
... Removed 32 stack frames
</div> <!-- stack-trace -->
                </div> <!-- method-content -->
              </div> <!-- method -->
              <div class="method">
                <div class="method-content">
                  <a name="searchCustomerById">
                  </a> <!-- searchCustomerById -->
                  <span class="method-name">searchCustomerById</span>
                  <div class="stack-trace">org.openqa.selenium.SessionNotCreatedException: session not created
from disconnected: received Inspector.detached event
  (Session info: chrome=85.0.4183.121)
Build info: version: &apos;3.141.59&apos;, revision: &apos;e82be7d358&apos;, time: &apos;2018-11-14T08:17:03&apos;
System info: host: &apos;DESKTOP-D068G7Q&apos;, ip: &apos;192.168.43.200&apos;, os.name: &apos;Windows 10&apos;, os.arch: &apos;amd64&apos;, os.version: &apos;10.0&apos;, java.version: &apos;1.8.0_261&apos;
Driver info: driver.version: ChromeDriver
remote stacktrace: Backtrace:
	Ordinal0 [0x00BAD383+3134339]
	Ordinal0 [0x00A9A171+2007409]
	Ordinal0 [0x0093AEE8+569064]
	Ordinal0 [0x0092FCDD+523485]
	Ordinal0 [0x0092F9E9+522729]
	Ordinal0 [0x0092F0FA+520442]
	Ordinal0 [0x0092E542+517442]
	Ordinal0 [0x0092E935+518453]
	Ordinal0 [0x0092E265+516709]
	Ordinal0 [0x00933C7C+539772]
	Ordinal0 [0x0092E214+516628]
	Ordinal0 [0x0092EF25+519973]
	Ordinal0 [0x0092E542+517442]
	Ordinal0 [0x0092E935+518453]
	Ordinal0 [0x0092E265+516709]
	Ordinal0 [0x00932F37+536375]
	Ordinal0 [0x0092E214+516628]
	Ordinal0 [0x0092EF25+519973]
	Ordinal0 [0x0092E542+517442]
	Ordinal0 [0x0092E935+518453]
	Ordinal0 [0x0092E265+516709]
	Ordinal0 [0x0092AB7C+502652]
	Ordinal0 [0x0092E214+516628]
	Ordinal0 [0x0092DF81+515969]
	Ordinal0 [0x0093BF70+573296]
	Ordinal0 [0x008E1916+203030]
	Ordinal0 [0x008E0C1D+199709]
	Ordinal0 [0x008DEB0B+191243]
	Ordinal0 [0x008C2E77+77431]
	Ordinal0 [0x008C3E3E+81470]
	Ordinal0 [0x008C3DC9+81353]
	Ordinal0 [0x00AB0CD9+2100441]
	GetHandleVerifier [0x00D1B75A+1396954]
	GetHandleVerifier [0x00D1B3D9+1396057]
	GetHandleVerifier [0x00D27126+1444518]
	GetHandleVerifier [0x00D1BCE8+1398376]
	Ordinal0 [0x00AA7F51+2064209]
	Ordinal0 [0x00AB22EB+2106091]
	Ordinal0 [0x00AB2411+2106385]
	Ordinal0 [0x00AC49C4+2181572]
	BaseThreadInitThunk [0x77A96359+25]
	RtlGetAppContainerNamedObjectPath [0x77DD7C24+228]
	RtlGetAppContainerNamedObjectPath [0x77DD7BF4+180]

	at org.openqa.selenium.remote.W3CHandshakeResponse.lambda$errorHandler$0(W3CHandshakeResponse.java:62)
	at org.openqa.selenium.remote.HandshakeResponse.lambda$getResponseFunction$0(HandshakeResponse.java:30)
	at org.openqa.selenium.remote.ProtocolHandshake.lambda$createSession$0(ProtocolHandshake.java:126)
	at java.util.stream.ReferencePipeline$3$1.accept(ReferencePipeline.java:193)
	at java.util.Spliterators$ArraySpliterator.tryAdvance(Spliterators.java:958)
	at java.util.stream.ReferencePipeline.forEachWithCancel(ReferencePipeline.java:126)
	at java.util.stream.AbstractPipeline.copyIntoWithCancel(AbstractPipeline.java:499)
	at java.util.stream.AbstractPipeline.copyInto(AbstractPipeline.java:486)
	at java.util.stream.AbstractPipeline.wrapAndCopyInto(AbstractPipeline.java:472)
	at java.util.stream.FindOps$FindOp.evaluateSequential(FindOps.java:152)
	at java.util.stream.AbstractPipeline.evaluate(AbstractPipeline.java:234)
	at java.util.stream.ReferencePipeline.findFirst(ReferencePipeline.java:464)
	at org.openqa.selenium.remote.ProtocolHandshake.createSession(ProtocolHandshake.java:128)
	at org.openqa.selenium.remote.ProtocolHandshake.createSession(ProtocolHandshake.java:74)
	at org.openqa.selenium.remote.HttpCommandExecutor.execute(HttpCommandExecutor.java:136)
	at org.openqa.selenium.remote.service.DriverCommandExecutor.execute(DriverCommandExecutor.java:83)
	at org.openqa.selenium.remote.RemoteWebDriver.execute(RemoteWebDriver.java:552)
	at org.openqa.selenium.remote.RemoteWebDriver.startSession(RemoteWebDriver.java:213)
	at org.openqa.selenium.remote.RemoteWebDriver.&lt;init&gt;(RemoteWebDriver.java:131)
	at org.openqa.selenium.chrome.ChromeDriver.&lt;init&gt;(ChromeDriver.java:181)
	at org.openqa.selenium.chrome.ChromeDriver.&lt;init&gt;(ChromeDriver.java:168)
	at org.openqa.selenium.chrome.ChromeDriver.&lt;init&gt;(ChromeDriver.java:123)
	at com.kuda.base.TestBase.setUp(TestBase.java:30)
	at java.util.ArrayList.forEach(ArrayList.java:1259)
... Removed 32 stack frames
</div> <!-- stack-trace -->
                </div> <!-- method-content -->
              </div> <!-- method -->
              <div class="method">
                <div class="method-content">
                  <a name="searchCustomerByName">
                  </a> <!-- searchCustomerByName -->
                  <span class="method-name">searchCustomerByName</span>
                  <div class="stack-trace">org.openqa.selenium.SessionNotCreatedException: session not created
from disconnected: received Inspector.detached event
  (Session info: chrome=85.0.4183.121)
Build info: version: &apos;3.141.59&apos;, revision: &apos;e82be7d358&apos;, time: &apos;2018-11-14T08:17:03&apos;
System info: host: &apos;DESKTOP-D068G7Q&apos;, ip: &apos;192.168.43.200&apos;, os.name: &apos;Windows 10&apos;, os.arch: &apos;amd64&apos;, os.version: &apos;10.0&apos;, java.version: &apos;1.8.0_261&apos;
Driver info: driver.version: ChromeDriver
remote stacktrace: Backtrace:
	Ordinal0 [0x00BAD383+3134339]
	Ordinal0 [0x00A9A171+2007409]
	Ordinal0 [0x0093AEE8+569064]
	Ordinal0 [0x0092FCDD+523485]
	Ordinal0 [0x0092F9E9+522729]
	Ordinal0 [0x0092F0FA+520442]
	Ordinal0 [0x0092E542+517442]
	Ordinal0 [0x0092E935+518453]
	Ordinal0 [0x0092E265+516709]
	Ordinal0 [0x00933C7C+539772]
	Ordinal0 [0x0092E214+516628]
	Ordinal0 [0x0092EF25+519973]
	Ordinal0 [0x0092E542+517442]
	Ordinal0 [0x0092E935+518453]
	Ordinal0 [0x0092E265+516709]
	Ordinal0 [0x00932F37+536375]
	Ordinal0 [0x0092E214+516628]
	Ordinal0 [0x0092EF25+519973]
	Ordinal0 [0x0092E542+517442]
	Ordinal0 [0x0092E935+518453]
	Ordinal0 [0x0092E265+516709]
	Ordinal0 [0x0092AB7C+502652]
	Ordinal0 [0x0092E214+516628]
	Ordinal0 [0x0092DF81+515969]
	Ordinal0 [0x0093BF70+573296]
	Ordinal0 [0x008E1916+203030]
	Ordinal0 [0x008E0C1D+199709]
	Ordinal0 [0x008DEB0B+191243]
	Ordinal0 [0x008C2E77+77431]
	Ordinal0 [0x008C3E3E+81470]
	Ordinal0 [0x008C3DC9+81353]
	Ordinal0 [0x00AB0CD9+2100441]
	GetHandleVerifier [0x00D1B75A+1396954]
	GetHandleVerifier [0x00D1B3D9+1396057]
	GetHandleVerifier [0x00D27126+1444518]
	GetHandleVerifier [0x00D1BCE8+1398376]
	Ordinal0 [0x00AA7F51+2064209]
	Ordinal0 [0x00AB22EB+2106091]
	Ordinal0 [0x00AB2411+2106385]
	Ordinal0 [0x00AC49C4+2181572]
	BaseThreadInitThunk [0x77A96359+25]
	RtlGetAppContainerNamedObjectPath [0x77DD7C24+228]
	RtlGetAppContainerNamedObjectPath [0x77DD7BF4+180]

	at org.openqa.selenium.remote.W3CHandshakeResponse.lambda$errorHandler$0(W3CHandshakeResponse.java:62)
	at org.openqa.selenium.remote.HandshakeResponse.lambda$getResponseFunction$0(HandshakeResponse.java:30)
	at org.openqa.selenium.remote.ProtocolHandshake.lambda$createSession$0(ProtocolHandshake.java:126)
	at java.util.stream.ReferencePipeline$3$1.accept(ReferencePipeline.java:193)
	at java.util.Spliterators$ArraySpliterator.tryAdvance(Spliterators.java:958)
	at java.util.stream.ReferencePipeline.forEachWithCancel(ReferencePipeline.java:126)
	at java.util.stream.AbstractPipeline.copyIntoWithCancel(AbstractPipeline.java:499)
	at java.util.stream.AbstractPipeline.copyInto(AbstractPipeline.java:486)
	at java.util.stream.AbstractPipeline.wrapAndCopyInto(AbstractPipeline.java:472)
	at java.util.stream.FindOps$FindOp.evaluateSequential(FindOps.java:152)
	at java.util.stream.AbstractPipeline.evaluate(AbstractPipeline.java:234)
	at java.util.stream.ReferencePipeline.findFirst(ReferencePipeline.java:464)
	at org.openqa.selenium.remote.ProtocolHandshake.createSession(ProtocolHandshake.java:128)
	at org.openqa.selenium.remote.ProtocolHandshake.createSession(ProtocolHandshake.java:74)
	at org.openqa.selenium.remote.HttpCommandExecutor.execute(HttpCommandExecutor.java:136)
	at org.openqa.selenium.remote.service.DriverCommandExecutor.execute(DriverCommandExecutor.java:83)
	at org.openqa.selenium.remote.RemoteWebDriver.execute(RemoteWebDriver.java:552)
	at org.openqa.selenium.remote.RemoteWebDriver.startSession(RemoteWebDriver.java:213)
	at org.openqa.selenium.remote.RemoteWebDriver.&lt;init&gt;(RemoteWebDriver.java:131)
	at org.openqa.selenium.chrome.ChromeDriver.&lt;init&gt;(ChromeDriver.java:181)
	at org.openqa.selenium.chrome.ChromeDriver.&lt;init&gt;(ChromeDriver.java:168)
	at org.openqa.selenium.chrome.ChromeDriver.&lt;init&gt;(ChromeDriver.java:123)
	at com.kuda.base.TestBase.setUp(TestBase.java:30)
	at java.util.ArrayList.forEach(ArrayList.java:1259)
... Removed 32 stack frames
</div> <!-- stack-trace -->
                </div> <!-- method-content -->
              </div> <!-- method -->
              <div class="method">
                <div class="method-content">
                  <a name="viewCustomers">
                  </a> <!-- viewCustomers -->
                  <span class="method-name">viewCustomers</span>
                  <div class="stack-trace">org.openqa.selenium.SessionNotCreatedException: session not created
from disconnected: received Inspector.detached event
  (Session info: chrome=85.0.4183.121)
Build info: version: &apos;3.141.59&apos;, revision: &apos;e82be7d358&apos;, time: &apos;2018-11-14T08:17:03&apos;
System info: host: &apos;DESKTOP-D068G7Q&apos;, ip: &apos;192.168.43.200&apos;, os.name: &apos;Windows 10&apos;, os.arch: &apos;amd64&apos;, os.version: &apos;10.0&apos;, java.version: &apos;1.8.0_261&apos;
Driver info: driver.version: ChromeDriver
remote stacktrace: Backtrace:
	Ordinal0 [0x00BAD383+3134339]
	Ordinal0 [0x00A9A171+2007409]
	Ordinal0 [0x0093AEE8+569064]
	Ordinal0 [0x0092FCDD+523485]
	Ordinal0 [0x0092F9E9+522729]
	Ordinal0 [0x0092F0FA+520442]
	Ordinal0 [0x0092E542+517442]
	Ordinal0 [0x0092E935+518453]
	Ordinal0 [0x0092E265+516709]
	Ordinal0 [0x00933C7C+539772]
	Ordinal0 [0x0092E214+516628]
	Ordinal0 [0x0092EF25+519973]
	Ordinal0 [0x0092E542+517442]
	Ordinal0 [0x0092E935+518453]
	Ordinal0 [0x0092E265+516709]
	Ordinal0 [0x00932F37+536375]
	Ordinal0 [0x0092E214+516628]
	Ordinal0 [0x0092EF25+519973]
	Ordinal0 [0x0092E542+517442]
	Ordinal0 [0x0092E935+518453]
	Ordinal0 [0x0092E265+516709]
	Ordinal0 [0x0092AB7C+502652]
	Ordinal0 [0x0092E214+516628]
	Ordinal0 [0x0092DF81+515969]
	Ordinal0 [0x0093BF70+573296]
	Ordinal0 [0x008E1916+203030]
	Ordinal0 [0x008E0C1D+199709]
	Ordinal0 [0x008DEB0B+191243]
	Ordinal0 [0x008C2E77+77431]
	Ordinal0 [0x008C3E3E+81470]
	Ordinal0 [0x008C3DC9+81353]
	Ordinal0 [0x00AB0CD9+2100441]
	GetHandleVerifier [0x00D1B75A+1396954]
	GetHandleVerifier [0x00D1B3D9+1396057]
	GetHandleVerifier [0x00D27126+1444518]
	GetHandleVerifier [0x00D1BCE8+1398376]
	Ordinal0 [0x00AA7F51+2064209]
	Ordinal0 [0x00AB22EB+2106091]
	Ordinal0 [0x00AB2411+2106385]
	Ordinal0 [0x00AC49C4+2181572]
	BaseThreadInitThunk [0x77A96359+25]
	RtlGetAppContainerNamedObjectPath [0x77DD7C24+228]
	RtlGetAppContainerNamedObjectPath [0x77DD7BF4+180]

	at org.openqa.selenium.remote.W3CHandshakeResponse.lambda$errorHandler$0(W3CHandshakeResponse.java:62)
	at org.openqa.selenium.remote.HandshakeResponse.lambda$getResponseFunction$0(HandshakeResponse.java:30)
	at org.openqa.selenium.remote.ProtocolHandshake.lambda$createSession$0(ProtocolHandshake.java:126)
	at java.util.stream.ReferencePipeline$3$1.accept(ReferencePipeline.java:193)
	at java.util.Spliterators$ArraySpliterator.tryAdvance(Spliterators.java:958)
	at java.util.stream.ReferencePipeline.forEachWithCancel(ReferencePipeline.java:126)
	at java.util.stream.AbstractPipeline.copyIntoWithCancel(AbstractPipeline.java:499)
	at java.util.stream.AbstractPipeline.copyInto(AbstractPipeline.java:486)
	at java.util.stream.AbstractPipeline.wrapAndCopyInto(AbstractPipeline.java:472)
	at java.util.stream.FindOps$FindOp.evaluateSequential(FindOps.java:152)
	at java.util.stream.AbstractPipeline.evaluate(AbstractPipeline.java:234)
	at java.util.stream.ReferencePipeline.findFirst(ReferencePipeline.java:464)
	at org.openqa.selenium.remote.ProtocolHandshake.createSession(ProtocolHandshake.java:128)
	at org.openqa.selenium.remote.ProtocolHandshake.createSession(ProtocolHandshake.java:74)
	at org.openqa.selenium.remote.HttpCommandExecutor.execute(HttpCommandExecutor.java:136)
	at org.openqa.selenium.remote.service.DriverCommandExecutor.execute(DriverCommandExecutor.java:83)
	at org.openqa.selenium.remote.RemoteWebDriver.execute(RemoteWebDriver.java:552)
	at org.openqa.selenium.remote.RemoteWebDriver.startSession(RemoteWebDriver.java:213)
	at org.openqa.selenium.remote.RemoteWebDriver.&lt;init&gt;(RemoteWebDriver.java:131)
	at org.openqa.selenium.chrome.ChromeDriver.&lt;init&gt;(ChromeDriver.java:181)
	at org.openqa.selenium.chrome.ChromeDriver.&lt;init&gt;(ChromeDriver.java:168)
	at org.openqa.selenium.chrome.ChromeDriver.&lt;init&gt;(ChromeDriver.java:123)
	at com.kuda.base.TestBase.setUp(TestBase.java:30)
	at java.util.ArrayList.forEach(ArrayList.java:1259)
... Removed 32 stack frames
</div> <!-- stack-trace -->
                </div> <!-- method-content -->
              </div> <!-- method -->
            </div> <!-- main-panel-content rounded-window-bottom -->
          </div> <!-- suite-Suite-class-skipped -->
        </div> <!-- panel Suite -->
        <div panel-name="test-xml-Suite" class="panel">
          <div class="main-panel-header rounded-window-top">
            <span class="header-content">C:\Nerve_Automation\runner\testng.xml</span>
          </div> <!-- main-panel-header rounded-window-top -->
          <div class="main-panel-content rounded-window-bottom">
            <pre>
&lt;?xml version=&quot;1.0&quot; encoding=&quot;UTF-8&quot;?&gt;
&lt;!DOCTYPE suite SYSTEM &quot;https://testng.org/testng-1.0.dtd&quot;&gt;
&lt;suite guice-stage=&quot;DEVELOPMENT&quot; verbose=&quot;0&quot; name=&quot;Suite&quot;&gt;
  &lt;test thread-count=&quot;5&quot; verbose=&quot;0&quot; name=&quot;Test&quot;&gt;
    &lt;classes&gt;
      &lt;class name=&quot;com.kuda.testCases.ValidateLogin&quot;/&gt;
      &lt;class name=&quot;com.kuda.testCases.BranchManagement&quot;/&gt;
      &lt;class name=&quot;com.kuda.testCases.CustomerAccountManagement&quot;/&gt;
      &lt;class name=&quot;com.kuda.testCases.CustomerInfoManagement&quot;/&gt;
      &lt;class name=&quot;com.kuda.postingsMgt.ValidateLocalTransfer&quot;/&gt;
      &lt;class name=&quot;com.kuda.postingsMgt.ValidateSingleJournalTransfer&quot;/&gt;
      &lt;class name=&quot;com.kuda.testCases.GeneralLedgerManagement&quot;/&gt;
      &lt;class name=&quot;com.kuda.testCases.UserManagement&quot;/&gt;
    &lt;/classes&gt;
  &lt;/test&gt; &lt;!-- Test --&gt;
&lt;/suite&gt; &lt;!-- Suite --&gt;
            </pre>
          </div> <!-- main-panel-content rounded-window-bottom -->
        </div> <!-- panel -->
        <div panel-name="testlist-Suite" class="panel">
          <div class="main-panel-header rounded-window-top">
            <span class="header-content">Tests for Suite</span>
          </div> <!-- main-panel-header rounded-window-top -->
          <div class="main-panel-content rounded-window-bottom">
            <ul>
              <li>
                <span class="test-name">Test (8 classes)</span>
              </li>
            </ul>
          </div> <!-- main-panel-content rounded-window-bottom -->
        </div> <!-- panel -->
        <div panel-name="group-Suite" class="panel">
          <div class="main-panel-header rounded-window-top">
            <span class="header-content">Groups for Suite</span>
          </div> <!-- main-panel-header rounded-window-top -->
          <div class="main-panel-content rounded-window-bottom">
          </div> <!-- main-panel-content rounded-window-bottom -->
        </div> <!-- panel -->
        <div panel-name="times-Suite" class="panel">
          <div class="main-panel-header rounded-window-top">
            <span class="header-content">Times for Suite</span>
          </div> <!-- main-panel-header rounded-window-top -->
          <div class="main-panel-content rounded-window-bottom">
            <div class="times-div">
              <script type="text/javascript">
suiteTableInitFunctions.push('tableData_Suite');
function tableData_Suite() {
var data = new google.visualization.DataTable();
data.addColumn('number', 'Number');
data.addColumn('string', 'Method');
data.addColumn('string', 'Class');
data.addColumn('number', 'Time (ms)');
data.addRows(28);
data.setCell(0, 0, 0)
data.setCell(0, 1, 'viewGLAccounts')
data.setCell(0, 2, 'com.kuda.testCases.GeneralLedgerManagement')
data.setCell(0, 3, 0);
data.setCell(1, 0, 1)
data.setCell(1, 1, 'searchByCustomerEmail')
data.setCell(1, 2, 'com.kuda.testCases.CustomerInfoManagement')
data.setCell(1, 3, 0);
data.setCell(2, 0, 2)
data.setCell(2, 1, 'searchUserBylastName')
data.setCell(2, 2, 'com.kuda.testCases.UserManagement')
data.setCell(2, 3, 0);
data.setCell(3, 0, 3)
data.setCell(3, 1, 'glToglTransfer')
data.setCell(3, 2, 'com.kuda.postingsMgt.ValidateSingleJournalTransfer')
data.setCell(3, 3, 0);
data.setCell(4, 0, 4)
data.setCell(4, 1, 'searchCustomerByName')
data.setCell(4, 2, 'com.kuda.testCases.CustomerInfoManagement')
data.setCell(4, 3, 0);
data.setCell(5, 0, 5)
data.setCell(5, 1, 'viewCustomers')
data.setCell(5, 2, 'com.kuda.testCases.CustomerInfoManagement')
data.setCell(5, 3, 0);
data.setCell(6, 0, 6)
data.setCell(6, 1, 'createCustomer')
data.setCell(6, 2, 'com.kuda.testCases.CustomerInfoManagement')
data.setCell(6, 3, 0);
data.setCell(7, 0, 7)
data.setCell(7, 1, 'searchUserByPhoneNumber')
data.setCell(7, 2, 'com.kuda.testCases.UserManagement')
data.setCell(7, 3, 0);
data.setCell(8, 0, 8)
data.setCell(8, 1, 'viewUsers')
data.setCell(8, 2, 'com.kuda.testCases.UserManagement')
data.setCell(8, 3, 0);
data.setCell(9, 0, 9)
data.setCell(9, 1, 'searchByAccountEmail')
data.setCell(9, 2, 'com.kuda.testCases.CustomerAccountManagement')
data.setCell(9, 3, 0);
data.setCell(10, 0, 10)
data.setCell(10, 1, 'searchUserByEmail')
data.setCell(10, 2, 'com.kuda.testCases.UserManagement')
data.setCell(10, 3, 0);
data.setCell(11, 0, 11)
data.setCell(11, 1, 'viewAccountBalance')
data.setCell(11, 2, 'com.kuda.testCases.CustomerAccountManagement')
data.setCell(11, 3, 0);
data.setCell(12, 0, 12)
data.setCell(12, 1, 'editCustomerAccount')
data.setCell(12, 2, 'com.kuda.testCases.CustomerAccountManagement')
data.setCell(12, 3, 0);
data.setCell(13, 0, 13)
data.setCell(13, 1, 'editGeneralLedgerAccount')
data.setCell(13, 2, 'com.kuda.testCases.GeneralLedgerManagement')
data.setCell(13, 3, 0);
data.setCell(14, 0, 14)
data.setCell(14, 1, 'viewBranches')
data.setCell(14, 2, 'com.kuda.testCases.BranchManagement')
data.setCell(14, 3, 0);
data.setCell(15, 0, 15)
data.setCell(15, 1, 'searchByAccountName')
data.setCell(15, 2, 'com.kuda.testCases.CustomerAccountManagement')
data.setCell(15, 3, 0);
data.setCell(16, 0, 16)
data.setCell(16, 1, 'searchGLByName')
data.setCell(16, 2, 'com.kuda.testCases.GeneralLedgerManagement')
data.setCell(16, 3, 0);
data.setCell(17, 0, 17)
data.setCell(17, 1, 'searchGLByCode')
data.setCell(17, 2, 'com.kuda.testCases.GeneralLedgerManagement')
data.setCell(17, 3, 0);
data.setCell(18, 0, 18)
data.setCell(18, 1, 'searchUserByEmployeeNumber')
data.setCell(18, 2, 'com.kuda.testCases.UserManagement')
data.setCell(18, 3, 0);
data.setCell(19, 0, 19)
data.setCell(19, 1, 'verifyLocalFundTransfer')
data.setCell(19, 2, 'com.kuda.postingsMgt.ValidateLocalTransfer')
data.setCell(19, 3, 0);
data.setCell(20, 0, 20)
data.setCell(20, 1, 'searchUserByDesignation')
data.setCell(20, 2, 'com.kuda.testCases.UserManagement')
data.setCell(20, 3, 0);
data.setCell(21, 0, 21)
data.setCell(21, 1, 'searchCustomerById')
data.setCell(21, 2, 'com.kuda.testCases.CustomerInfoManagement')
data.setCell(21, 3, 0);
data.setCell(22, 0, 22)
data.setCell(22, 1, 'searchByAccountNumber')
data.setCell(22, 2, 'com.kuda.testCases.CustomerAccountManagement')
data.setCell(22, 3, 0);
data.setCell(23, 0, 23)
data.setCell(23, 1, 'viewCASAccount')
data.setCell(23, 2, 'com.kuda.testCases.CustomerAccountManagement')
data.setCell(23, 3, 0);
data.setCell(24, 0, 24)
data.setCell(24, 1, 'viewGLBalance')
data.setCell(24, 2, 'com.kuda.testCases.GeneralLedgerManagement')
data.setCell(24, 3, 0);
data.setCell(25, 0, 25)
data.setCell(25, 1, 'createCustomerAccount')
data.setCell(25, 2, 'com.kuda.testCases.CustomerAccountManagement')
data.setCell(25, 3, 0);
data.setCell(26, 0, 26)
data.setCell(26, 1, 'googleSign')
data.setCell(26, 2, 'com.kuda.testCases.ValidateLogin')
data.setCell(26, 3, 0);
data.setCell(27, 0, 27)
data.setCell(27, 1, 'searchUsersByUserName')
data.setCell(27, 2, 'com.kuda.testCases.UserManagement')
data.setCell(27, 3, 0);
window.suiteTableData['Suite']= { tableData: data, tableDiv: 'times-div-Suite'}
return data;
}
              </script>
              <span class="suite-total-time">Total running time: 0 ms</span>
              <div id="times-div-Suite">
              </div> <!-- times-div-Suite -->
            </div> <!-- times-div -->
          </div> <!-- main-panel-content rounded-window-bottom -->
        </div> <!-- panel -->
        <div panel-name="reporter-Suite" class="panel">
          <div class="main-panel-header rounded-window-top">
            <span class="header-content">Reporter output for Suite</span>
          </div> <!-- main-panel-header rounded-window-top -->
          <div class="main-panel-content rounded-window-bottom">
          </div> <!-- main-panel-content rounded-window-bottom -->
        </div> <!-- panel -->
        <div panel-name="ignored-methods-Suite" class="panel">
          <div class="main-panel-header rounded-window-top">
            <span class="header-content">0 ignored methods</span>
          </div> <!-- main-panel-header rounded-window-top -->
          <div class="main-panel-content rounded-window-bottom">
          </div> <!-- main-panel-content rounded-window-bottom -->
        </div> <!-- panel -->
        <div panel-name="chronological-Suite" class="panel">
          <div class="main-panel-header rounded-window-top">
            <span class="header-content">Methods in chronological order</span>
          </div> <!-- main-panel-header rounded-window-top -->
          <div class="main-panel-content rounded-window-bottom">
            <div class="chronological-class">
              <div class="chronological-class-name">com.kuda.testCases.ValidateLogin</div> <!-- chronological-class-name -->
              <div class="configuration-class before">
                <img src="failed.png">
                </img>
                <span class="method-name">setUp</span>
                <span class="method-start">0 ms</span>
              </div> <!-- configuration-class before -->
              <div class="test-method">
                <span class="method-name">googleSign</span>
                <span class="method-start">4238 ms</span>
              </div> <!-- test-method -->
              <div class="configuration-class after">
                <span class="method-name">tearDown</span>
                <span class="method-start">4240 ms</span>
              </div> <!-- configuration-class after -->
            </div> <!-- chronological-class -->
            <div class="chronological-class">
              <div class="chronological-class-name">com.kuda.testCases.BranchManagement</div> <!-- chronological-class-name -->
              <div class="configuration-class before">
                <img src="failed.png">
                </img>
                <span class="method-name">setUp</span>
                <span class="method-start">4241 ms</span>
              </div> <!-- configuration-class before -->
              <div class="test-method">
                <span class="method-name">viewBranches</span>
                <span class="method-start">7623 ms</span>
              </div> <!-- test-method -->
              <div class="configuration-class after">
                <span class="method-name">tearDown</span>
                <span class="method-start">7624 ms</span>
              </div> <!-- configuration-class after -->
            </div> <!-- chronological-class -->
            <div class="chronological-class">
              <div class="chronological-class-name">com.kuda.testCases.CustomerAccountManagement</div> <!-- chronological-class-name -->
              <div class="configuration-class before">
                <img src="failed.png">
                </img>
                <span class="method-name">setUp</span>
                <span class="method-start">7624 ms</span>
              </div> <!-- configuration-class before -->
              <div class="test-method">
                <span class="method-name">viewCASAccount</span>
                <span class="method-start">48038 ms</span>
              </div> <!-- test-method -->
              <div class="test-method">
                <span class="method-name">searchByAccountName</span>
                <span class="method-start">48038 ms</span>
              </div> <!-- test-method -->
              <div class="test-method">
                <span class="method-name">searchByAccountNumber</span>
                <span class="method-start">48039 ms</span>
              </div> <!-- test-method -->
              <div class="test-method">
                <span class="method-name">searchByAccountEmail</span>
                <span class="method-start">48039 ms</span>
              </div> <!-- test-method -->
              <div class="test-method">
                <span class="method-name">viewAccountBalance</span>
                <span class="method-start">48040 ms</span>
              </div> <!-- test-method -->
              <div class="test-method">
                <span class="method-name">editCustomerAccount</span>
                <span class="method-start">48041 ms</span>
              </div> <!-- test-method -->
              <div class="test-method">
                <span class="method-name">createCustomerAccount</span>
                <span class="method-start">48041 ms</span>
              </div> <!-- test-method -->
              <div class="configuration-class after">
                <span class="method-name">tearDown</span>
                <span class="method-start">48041 ms</span>
              </div> <!-- configuration-class after -->
            </div> <!-- chronological-class -->
            <div class="chronological-class">
              <div class="chronological-class-name">com.kuda.testCases.CustomerInfoManagement</div> <!-- chronological-class-name -->
              <div class="configuration-class before">
                <img src="failed.png">
                </img>
                <span class="method-name">setUp</span>
                <span class="method-start">48042 ms</span>
              </div> <!-- configuration-class before -->
              <div class="test-method">
                <span class="method-name">viewCustomers</span>
                <span class="method-start">51284 ms</span>
              </div> <!-- test-method -->
              <div class="test-method">
                <span class="method-name">searchCustomerByName</span>
                <span class="method-start">51285 ms</span>
              </div> <!-- test-method -->
              <div class="test-method">
                <span class="method-name">searchByCustomerEmail</span>
                <span class="method-start">51286 ms</span>
              </div> <!-- test-method -->
              <div class="test-method">
                <span class="method-name">searchCustomerById</span>
                <span class="method-start">51287 ms</span>
              </div> <!-- test-method -->
              <div class="test-method">
                <span class="method-name">createCustomer</span>
                <span class="method-start">51288 ms</span>
              </div> <!-- test-method -->
              <div class="configuration-class after">
                <span class="method-name">tearDown</span>
                <span class="method-start">51288 ms</span>
              </div> <!-- configuration-class after -->
            </div> <!-- chronological-class -->
            <div class="chronological-class">
              <div class="chronological-class-name">com.kuda.postingsMgt.ValidateLocalTransfer</div> <!-- chronological-class-name -->
              <div class="configuration-class before">
                <img src="failed.png">
                </img>
                <span class="method-name">setUp</span>
                <span class="method-start">51288 ms</span>
              </div> <!-- configuration-class before -->
              <div class="test-method">
                <span class="method-name">verifyLocalFundTransfer</span>
                <span class="method-start">64388 ms</span>
              </div> <!-- test-method -->
              <div class="configuration-class after">
                <span class="method-name">tearDown</span>
                <span class="method-start">64388 ms</span>
              </div> <!-- configuration-class after -->
            </div> <!-- chronological-class -->
            <div class="chronological-class">
              <div class="chronological-class-name">com.kuda.postingsMgt.ValidateSingleJournalTransfer</div> <!-- chronological-class-name -->
              <div class="configuration-class before">
                <img src="failed.png">
                </img>
                <span class="method-name">setUp</span>
                <span class="method-start">64389 ms</span>
              </div> <!-- configuration-class before -->
              <div class="test-method">
                <span class="method-name">glToglTransfer</span>
                <span class="method-start">69212 ms</span>
              </div> <!-- test-method -->
              <div class="configuration-class after">
                <span class="method-name">tearDown</span>
                <span class="method-start">69213 ms</span>
              </div> <!-- configuration-class after -->
            </div> <!-- chronological-class -->
            <div class="chronological-class">
              <div class="chronological-class-name">com.kuda.testCases.GeneralLedgerManagement</div> <!-- chronological-class-name -->
              <div class="configuration-class before">
                <img src="failed.png">
                </img>
                <span class="method-name">setUp</span>
                <span class="method-start">69213 ms</span>
              </div> <!-- configuration-class before -->
              <div class="test-method">
                <span class="method-name">viewGLAccounts</span>
                <span class="method-start">82315 ms</span>
              </div> <!-- test-method -->
              <div class="test-method">
                <span class="method-name">searchGLByName</span>
                <span class="method-start">82317 ms</span>
              </div> <!-- test-method -->
              <div class="test-method">
                <span class="method-name">searchGLByCode</span>
                <span class="method-start">82318 ms</span>
              </div> <!-- test-method -->
              <div class="test-method">
                <span class="method-name">viewGLBalance</span>
                <span class="method-start">82320 ms</span>
              </div> <!-- test-method -->
              <div class="test-method">
                <span class="method-name">editGeneralLedgerAccount</span>
                <span class="method-start">82322 ms</span>
              </div> <!-- test-method -->
              <div class="configuration-class after">
                <span class="method-name">tearDown</span>
                <span class="method-start">82323 ms</span>
              </div> <!-- configuration-class after -->
            </div> <!-- chronological-class -->
            <div class="chronological-class">
              <div class="chronological-class-name">com.kuda.testCases.UserManagement</div> <!-- chronological-class-name -->
              <div class="configuration-class before">
                <img src="failed.png">
                </img>
                <span class="method-name">setUp</span>
                <span class="method-start">82324 ms</span>
              </div> <!-- configuration-class before -->
              <div class="test-method">
                <span class="method-name">viewUsers</span>
                <span class="method-start">95441 ms</span>
              </div> <!-- test-method -->
              <div class="test-method">
                <span class="method-name">searchUsersByUserName</span>
                <span class="method-start">95443 ms</span>
              </div> <!-- test-method -->
              <div class="test-method">
                <span class="method-name">searchUserByDesignation</span>
                <span class="method-start">95445 ms</span>
              </div> <!-- test-method -->
              <div class="test-method">
                <span class="method-name">searchUserByPhoneNumber</span>
                <span class="method-start">95446 ms</span>
              </div> <!-- test-method -->
              <div class="test-method">
                <span class="method-name">searchUserByEmployeeNumber</span>
                <span class="method-start">95447 ms</span>
              </div> <!-- test-method -->
              <div class="test-method">
                <span class="method-name">searchUserByEmail</span>
                <span class="method-start">95448 ms</span>
              </div> <!-- test-method -->
              <div class="test-method">
                <span class="method-name">searchUserBylastName</span>
                <span class="method-start">95450 ms</span>
              </div> <!-- test-method -->
              <div class="configuration-class after">
                <span class="method-name">tearDown</span>
                <span class="method-start">95451 ms</span>
              </div> <!-- configuration-class after -->
          </div> <!-- main-panel-content rounded-window-bottom -->
        </div> <!-- panel -->
      </div> <!-- main-panel-root -->
    </div> <!-- wrapper -->
  </body>
</html>
