<?xml version="1.0" encoding="UTF-8"?>
<!-- Generated by org.testng.reporters.JUnitReportReporter -->
<testsuite skipped="5" hostname="DESKTOP-D068G7Q" name="com.kuda.testCases.CustomerInfoManagement" tests="6" failures="0" timestamp="2020-10-08T05:45:58 PDT" time="3.240" errors="1">
  <testcase name="setUp" time="3.240" classname="com.kuda.testCases.CustomerInfoManagement">
    <error type="org.openqa.selenium.SessionNotCreatedException" message="session not created
from disconnected: received Inspector.detached event
  (Session info: chrome=85.0.4183.121)
Build info: version: &#039;3.141.59&#039;, revision: &#039;e82be7d358&#039;, time: &#039;2018-11-14T08:17:03&#039;
System info: host: &#039;DESKTOP-D068G7Q&#039;, ip: &#039;192.168.43.200&#039;, os.name: &#039;Windows 10&#039;, os.arch: &#039;amd64&#039;, os.version: &#039;10.0&#039;, java.version: &#039;1.8.0_261&#039;
Driver info: driver.version: ChromeDriver
remote stacktrace: Backtrace:
	Ordinal0 [0x00BAD383+3134339]
	Ordinal0 [0x00A9A171+2007409]
	Ordinal0 [0x0093AEE8+569064]
	Ordinal0 [0x0092FCDD+523485]
	Ordinal0 [0x0092F9E9+522729]
	Ordinal0 [0x0092F0FA+520442]
	Ordinal0 [0x0092E542+517442]
	Ordinal0 [0x0092E935+518453]
	Ordinal0 [0x0092E265+516709]
	Ordinal0 [0x00933C7C+539772]
	Ordinal0 [0x0092E214+516628]
	Ordinal0 [0x0092EF25+519973]
	Ordinal0 [0x0092E542+517442]
	Ordinal0 [0x0092E935+518453]
	Ordinal0 [0x0092E265+516709]
	Ordinal0 [0x00932F37+536375]
	Ordinal0 [0x0092E214+516628]
	Ordinal0 [0x0092EF25+519973]
	Ordinal0 [0x0092E542+517442]
	Ordinal0 [0x0092E935+518453]
	Ordinal0 [0x0092E265+516709]
	Ordinal0 [0x0092AB7C+502652]
	Ordinal0 [0x0092E214+516628]
	Ordinal0 [0x0092DF81+515969]
	Ordinal0 [0x0093BF70+573296]
	Ordinal0 [0x008E1916+203030]
	Ordinal0 [0x008E0C1D+199709]
	Ordinal0 [0x008DEB0B+191243]
	Ordinal0 [0x008C2E77+77431]
	Ordinal0 [0x008C3E3E+81470]
	Ordinal0 [0x008C3DC9+81353]
	Ordinal0 [0x00AB0CD9+2100441]
	GetHandleVerifier [0x00D1B75A+1396954]
	GetHandleVerifier [0x00D1B3D9+1396057]
	GetHandleVerifier [0x00D27126+1444518]
	GetHandleVerifier [0x00D1BCE8+1398376]
	Ordinal0 [0x00AA7F51+2064209]
	Ordinal0 [0x00AB22EB+2106091]
	Ordinal0 [0x00AB2411+2106385]
	Ordinal0 [0x00AC49C4+2181572]
	BaseThreadInitThunk [0x77A96359+25]
	RtlGetAppContainerNamedObjectPath [0x77DD7C24+228]
	RtlGetAppContainerNamedObjectPath [0x77DD7BF4+180]
">
      <![CDATA[org.openqa.selenium.SessionNotCreatedException: session not created
from disconnected: received Inspector.detached event
  (Session info: chrome=85.0.4183.121)
Build info: version: '3.141.59', revision: 'e82be7d358', time: '2018-11-14T08:17:03'
System info: host: 'DESKTOP-D068G7Q', ip: '192.168.43.200', os.name: 'Windows 10', os.arch: 'amd64', os.version: '10.0', java.version: '1.8.0_261'
Driver info: driver.version: ChromeDriver
remote stacktrace: Backtrace:
Ordinal0 [0x00BAD383+3134339]
Ordinal0 [0x00A9A171+2007409]
Ordinal0 [0x0093AEE8+569064]
Ordinal0 [0x0092FCDD+523485]
Ordinal0 [0x0092F9E9+522729]
Ordinal0 [0x0092F0FA+520442]
Ordinal0 [0x0092E542+517442]
Ordinal0 [0x0092E935+518453]
Ordinal0 [0x0092E265+516709]
Ordinal0 [0x00933C7C+539772]
Ordinal0 [0x0092E214+516628]
Ordinal0 [0x0092EF25+519973]
Ordinal0 [0x0092E542+517442]
Ordinal0 [0x0092E935+518453]
Ordinal0 [0x0092E265+516709]
Ordinal0 [0x00932F37+536375]
Ordinal0 [0x0092E214+516628]
Ordinal0 [0x0092EF25+519973]
Ordinal0 [0x0092E542+517442]
Ordinal0 [0x0092E935+518453]
Ordinal0 [0x0092E265+516709]
Ordinal0 [0x0092AB7C+502652]
Ordinal0 [0x0092E214+516628]
Ordinal0 [0x0092DF81+515969]
Ordinal0 [0x0093BF70+573296]
Ordinal0 [0x008E1916+203030]
Ordinal0 [0x008E0C1D+199709]
Ordinal0 [0x008DEB0B+191243]
Ordinal0 [0x008C2E77+77431]
Ordinal0 [0x008C3E3E+81470]
Ordinal0 [0x008C3DC9+81353]
Ordinal0 [0x00AB0CD9+2100441]
GetHandleVerifier [0x00D1B75A+1396954]
GetHandleVerifier [0x00D1B3D9+1396057]
GetHandleVerifier [0x00D27126+1444518]
GetHandleVerifier [0x00D1BCE8+1398376]
Ordinal0 [0x00AA7F51+2064209]
Ordinal0 [0x00AB22EB+2106091]
Ordinal0 [0x00AB2411+2106385]
Ordinal0 [0x00AC49C4+2181572]
BaseThreadInitThunk [0x77A96359+25]
RtlGetAppContainerNamedObjectPath [0x77DD7C24+228]
RtlGetAppContainerNamedObjectPath [0x77DD7BF4+180]

at sun.reflect.NativeConstructorAccessorImpl.newInstance0(Native Method)
at sun.reflect.NativeConstructorAccessorImpl.newInstance(NativeConstructorAccessorImpl.java:62)
at sun.reflect.DelegatingConstructorAccessorImpl.newInstance(DelegatingConstructorAccessorImpl.java:45)
at java.lang.reflect.Constructor.newInstance(Constructor.java:423)
at org.openqa.selenium.remote.W3CHandshakeResponse.lambda$errorHandler$0(W3CHandshakeResponse.java:62)
at org.openqa.selenium.remote.HandshakeResponse.lambda$getResponseFunction$0(HandshakeResponse.java:30)
at org.openqa.selenium.remote.ProtocolHandshake.lambda$createSession$0(ProtocolHandshake.java:126)
at java.util.stream.ReferencePipeline$3$1.accept(ReferencePipeline.java:193)
at java.util.Spliterators$ArraySpliterator.tryAdvance(Spliterators.java:958)
at java.util.stream.ReferencePipeline.forEachWithCancel(ReferencePipeline.java:126)
at java.util.stream.AbstractPipeline.copyIntoWithCancel(AbstractPipeline.java:499)
at java.util.stream.AbstractPipeline.copyInto(AbstractPipeline.java:486)
at java.util.stream.AbstractPipeline.wrapAndCopyInto(AbstractPipeline.java:472)
at java.util.stream.FindOps$FindOp.evaluateSequential(FindOps.java:152)
at java.util.stream.AbstractPipeline.evaluate(AbstractPipeline.java:234)
at java.util.stream.ReferencePipeline.findFirst(ReferencePipeline.java:464)
at org.openqa.selenium.remote.ProtocolHandshake.createSession(ProtocolHandshake.java:128)
at org.openqa.selenium.remote.ProtocolHandshake.createSession(ProtocolHandshake.java:74)
at org.openqa.selenium.remote.HttpCommandExecutor.execute(HttpCommandExecutor.java:136)
at org.openqa.selenium.remote.service.DriverCommandExecutor.execute(DriverCommandExecutor.java:83)
at org.openqa.selenium.remote.RemoteWebDriver.execute(RemoteWebDriver.java:552)
at org.openqa.selenium.remote.RemoteWebDriver.startSession(RemoteWebDriver.java:213)
at org.openqa.selenium.remote.RemoteWebDriver.<init>(RemoteWebDriver.java:131)
at org.openqa.selenium.chrome.ChromeDriver.<init>(ChromeDriver.java:181)
at org.openqa.selenium.chrome.ChromeDriver.<init>(ChromeDriver.java:168)
at org.openqa.selenium.chrome.ChromeDriver.<init>(ChromeDriver.java:123)
at com.kuda.base.TestBase.setUp(TestBase.java:30)
at sun.reflect.NativeMethodAccessorImpl.invoke0(Native Method)
at sun.reflect.NativeMethodAccessorImpl.invoke(NativeMethodAccessorImpl.java:62)
at sun.reflect.DelegatingMethodAccessorImpl.invoke(DelegatingMethodAccessorImpl.java:43)
at java.lang.reflect.Method.invoke(Method.java:498)
at org.testng.internal.MethodInvocationHelper.invokeMethod(MethodInvocationHelper.java:134)
at org.testng.internal.MethodInvocationHelper.invokeMethodConsideringTimeout(MethodInvocationHelper.java:63)
at org.testng.internal.ConfigInvoker.invokeConfigurationMethod(ConfigInvoker.java:348)
at org.testng.internal.ConfigInvoker.invokeConfigurations(ConfigInvoker.java:302)
at org.testng.internal.TestMethodWorker.invokeBeforeClassMethods(TestMethodWorker.java:176)
at org.testng.internal.TestMethodWorker.run(TestMethodWorker.java:122)
at java.util.ArrayList.forEach(ArrayList.java:1259)
at org.testng.TestRunner.privateRun(TestRunner.java:766)
at org.testng.TestRunner.run(TestRunner.java:587)
at org.testng.SuiteRunner.runTest(SuiteRunner.java:384)
at org.testng.SuiteRunner.runSequentially(SuiteRunner.java:378)
at org.testng.SuiteRunner.privateRun(SuiteRunner.java:337)
at org.testng.SuiteRunner.run(SuiteRunner.java:286)
at org.testng.SuiteRunnerWorker.runSuite(SuiteRunnerWorker.java:53)
at org.testng.SuiteRunnerWorker.run(SuiteRunnerWorker.java:96)
at org.testng.TestNG.runSuitesSequentially(TestNG.java:1187)
at org.testng.TestNG.runSuitesLocally(TestNG.java:1109)
at org.testng.TestNG.runSuites(TestNG.java:1039)
at org.testng.TestNG.run(TestNG.java:1007)
at org.apache.maven.surefire.testng.TestNGExecutor.run(TestNGExecutor.java:281)
at org.apache.maven.surefire.testng.TestNGXmlTestSuite.execute(TestNGXmlTestSuite.java:75)
at org.apache.maven.surefire.testng.TestNGProvider.invoke(TestNGProvider.java:121)
at org.apache.maven.surefire.booter.ForkedBooter.invokeProviderInSameClassLoader(ForkedBooter.java:290)
at org.apache.maven.surefire.booter.ForkedBooter.runSuitesInProcess(ForkedBooter.java:242)
at org.apache.maven.surefire.booter.ForkedBooter.main(ForkedBooter.java:121)
]]>
    </error>
  </testcase> <!-- setUp -->
  <system-out/>
  <testcase name="viewCustomers" time="0.000" classname="com.kuda.testCases.CustomerInfoManagement">
    <skipped/>
  </testcase> <!-- viewCustomers -->
  <system-out/>
  <testcase name="searchCustomerByName" time="0.000" classname="com.kuda.testCases.CustomerInfoManagement">
    <skipped/>
  </testcase> <!-- searchCustomerByName -->
  <system-out/>
  <testcase name="searchByCustomerEmail" time="0.000" classname="com.kuda.testCases.CustomerInfoManagement">
    <skipped/>
  </testcase> <!-- searchByCustomerEmail -->
  <system-out/>
  <testcase name="searchCustomerById" time="0.000" classname="com.kuda.testCases.CustomerInfoManagement">
    <skipped/>
  </testcase> <!-- searchCustomerById -->
  <system-out/>
  <testcase name="createCustomer" time="0.000" classname="com.kuda.testCases.CustomerInfoManagement">
    <skipped/>
  </testcase> <!-- createCustomer -->
  <system-out/>
</testsuite> <!-- com.kuda.testCases.CustomerInfoManagement -->
